<?xml version="1.0" encoding="UTF-8"?>
<testsuites name="Smith Login" time="0" tests="0" failures="0" errors="0">
   <testsuite name="Smith Login" tests="0" failures="0" errors="0" time="0" timestamp="2019-03-11 15:07:25" hostname="patrick.murphy - BOU-CH78ST2.corp.gbrx.com" id="Test Suites/Suite Alpha/Smith Login">
      <properties>
         <property name="deviceName" value=""/>
         <property name="devicePlatform" value=""/>
         <property name="logFolder" value="C:\\Users\\patrick.murphy\\Katalon Studio\\KatalonDemo\\Reports\\Suite Alpha\\Smith Login\\20190311_150723"/>
         <property name="logFiles" value="C:\\Users\\patrick.murphy\\Katalon Studio\\KatalonDemo\\Reports\\Suite Alpha\\Smith Login\\20190311_150723\\execution0.log"/>
         <property name="attachments" value=""/>
         <property name="hostName" value="patrick.murphy - BOU-CH78ST2.corp.gbrx.com"/>
         <property name="hostAddress" value="10.35.200.141"/>
         <property name="os" value="Windows 10 64bit"/>
         <property name="katalonVersion" value="6.0.5.10"/>
      </properties>
      <system-out><![CDATA[2019-03-11 15:07:25 - [TEST_SUITE][INCOMPLETE] - Smith Login: null]]></system-out>
      <system-err><![CDATA[2019-03-11 15:07:25 - [TEST_SUITE][INCOMPLETE] - Smith Login: null]]></system-err>
   </testsuite>
</testsuites>
