<?xml version="1.0" encoding="UTF-8"?>
<testsuites name="ScreenCrawlHappyPath" time="307" tests="13" failures="0" errors="0">
   <testsuite name="ScreenCrawlHappyPath" tests="13" failures="0" errors="0" time="307" timestamp="2019-04-24 10:54:26" hostname="divya.kalra - BOU-GF21KH2.corp.gbrx.com" id="Test Suites/ScreenCrawl/ScreenCrawlHappyPath">
      <properties>
         <property name="deviceName" value=""/>
         <property name="devicePlatform" value=""/>
         <property name="logFolder" value="C:\\Users\\divya.kalra\\Katalon Studio\\KatalonDemo\\Reports\\ScreenCrawl\\ScreenCrawlHappyPath\\20190424_105419"/>
         <property name="logFiles" value="C:\\Users\\divya.kalra\\Katalon Studio\\KatalonDemo\\Reports\\ScreenCrawl\\ScreenCrawlHappyPath\\20190424_105419\\execution0.log"/>
         <property name="attachments" value=""/>
         <property name="hostName" value="divya.kalra - BOU-GF21KH2.corp.gbrx.com"/>
         <property name="os" value="Windows 7 64bit"/>
         <property name="katalonVersion" value="6.1.0.1"/>
         <property name="browser" value="Chrome 73.0.3683.103"/>
         <property name="hostAddress" value="10.35.200.110"/>
         <property name="sessionId" value="52995bee22ceec2e858602f782017011"/>
         <property name="seleniumVersion" value="3.7.1"/>
         <property name="proxyInformation" value="ProxyInformation{proxyOption=NO_PROXY, proxyServerType=HTTP, password=, proxyServerAddress=, proxyServerPort=0}"/>
         <property name="platform" value="Windows 7"/>
      </properties>
      <testcase name="Test Cases/ScreenCrawl/ScreenCrawlAccountingDropdown" classname="Test Cases/ScreenCrawl/ScreenCrawlAccountingDropdown" status="PASSED">
         <system-out><![CDATA[2019-04-24 10:54:26 - [TEST_CASE][PASSED] - Test Cases/ScreenCrawl/ScreenCrawlAccountingDropdown: Test Cases/ScreenCrawl/ScreenCrawlAccountingDropdown

2019-04-24 10:54:27 - [TEST_STEP][PASSED] - openBrowser(""): Browser is opened with url: ''

2019-04-24 10:54:27 - [MESSAGE][INFO] - Starting 'Chrome' driver

2019-04-24 10:54:27 - [MESSAGE][INFO] - Action delay is set to 0 seconds

2019-04-24 10:54:40 - [MESSAGE][PASSED] - Browser is opened with url: ''

2019-04-24 10:54:40 - [TEST_STEP][PASSED] - deleteAllCookies(): Delete all cookies successfully

2019-04-24 10:54:40 - [MESSAGE][PASSED] - Delete all cookies successfully

2019-04-24 10:54:40 - [TEST_STEP][PASSED] - maximizeWindow(): Current window maximized

2019-04-24 10:54:41 - [MESSAGE][PASSED] - Current window maximized

2019-04-24 10:54:41 - [TEST_STEP][PASSED] - navigateToUrl("http://enspire-qa.gbrx.com/"): Navigate to 'http://enspire-qa.gbrx.com/' successfully

2019-04-24 10:54:46 - [MESSAGE][PASSED] - Navigate to 'http://enspire-qa.gbrx.com/' successfully

2019-04-24 10:54:46 - [TEST_STEP][PASSED] - waitForPageLoad(0): Wait for page load successfully

2019-04-24 10:54:47 - [MESSAGE][WARNING] - Timeout '0' is invalid. Using default page load timeout: '30'

2019-04-24 10:54:47 - [MESSAGE][PASSED] - Wait for page load successfully

2019-04-24 10:54:47 - [TEST_STEP][PASSED] - sendKeys(findTestObject("Login Page/Username Field"), ScreenCrawlUser): Keys 'GMS/ScreenCrawlAllRoles' sent to object: 'Object Repository/Login Page/Username Field'

2019-04-24 10:54:48 - [MESSAGE][PASSED] - Keys 'GMS/ScreenCrawlAllRoles' sent to object: 'Object Repository/Login Page/Username Field'

2019-04-24 10:54:48 - [TEST_STEP][PASSED] - sendKeys(findTestObject("Login Page/Password Field"), ScreenCrawlPass): Keys '123456789' sent to object: 'Object Repository/Login Page/Password Field'

2019-04-24 10:54:48 - [MESSAGE][PASSED] - Keys '123456789' sent to object: 'Object Repository/Login Page/Password Field'

2019-04-24 10:54:48 - [TEST_STEP][PASSED] - click(findTestObject("Login Page/Login Button")): Object: 'Object Repository/Login Page/Login Button' is clicked on

2019-04-24 10:54:50 - [MESSAGE][PASSED] - Object: 'Object Repository/Login Page/Login Button' is clicked on

2019-04-24 10:54:50 - [TEST_STEP][PASSED] - waitForPageLoad(0): Wait for page load successfully

2019-04-24 10:54:50 - [MESSAGE][WARNING] - Timeout '0' is invalid. Using default page load timeout: '30'

2019-04-24 10:54:50 - [MESSAGE][PASSED] - Wait for page load successfully

2019-04-24 10:54:50 - [TEST_STEP][PASSED] - verifyElementVisible(findTestObject("GBMS Home Page Dropdowns/Accounting Dropdown")): Object 'Object Repository/GBMS Home Page Dropdowns/Accounting Dropdown' is visible

2019-04-24 10:54:50 - [MESSAGE][PASSED] - Object 'Object Repository/GBMS Home Page Dropdowns/Accounting Dropdown' is visible

2019-04-24 10:54:50 - [TEST_STEP][PASSED] - click(findTestObject("GBMS Home Page Dropdowns/Accounting Dropdown")): Object: 'Object Repository/GBMS Home Page Dropdowns/Accounting Dropdown' is clicked on

2019-04-24 10:54:50 - [MESSAGE][PASSED] - Object: 'Object Repository/GBMS Home Page Dropdowns/Accounting Dropdown' is clicked on

2019-04-24 10:54:50 - [TEST_STEP][PASSED] - click(findTestObject("GBMS Home Page Dropdowns/Accounting Search Option")): Object: 'Object Repository/GBMS Home Page Dropdowns/Accounting Search Option' is clicked on

2019-04-24 10:54:58 - [MESSAGE][PASSED] - Object: 'Object Repository/GBMS Home Page Dropdowns/Accounting Search Option' is clicked on

2019-04-24 10:54:58 - [TEST_STEP][PASSED] - waitForPageLoad(0): Wait for page load successfully

2019-04-24 10:54:58 - [MESSAGE][WARNING] - Timeout '0' is invalid. Using default page load timeout: '30'

2019-04-24 10:54:58 - [MESSAGE][PASSED] - Wait for page load successfully

2019-04-24 10:54:58 - [TEST_STEP][PASSED] - verifyElementVisible(findTestObject("Accounting Search/Incoming Invoice Search Section")): Object 'Object Repository/Accounting Search/Incoming Invoice Search Section' is visible

2019-04-24 10:54:58 - [MESSAGE][PASSED] - Object 'Object Repository/Accounting Search/Incoming Invoice Search Section' is visible

2019-04-24 10:54:58 - [TEST_STEP][PASSED] - verifyElementVisible(findTestObject("Accounting Search/Asset Search Section")): Object 'Object Repository/Accounting Search/Asset Search Section' is visible

2019-04-24 10:54:58 - [MESSAGE][PASSED] - Object 'Object Repository/Accounting Search/Asset Search Section' is visible

2019-04-24 10:54:58 - [TEST_STEP][PASSED] - verifyElementVisible(findTestObject("Accounting Search/Outgoing Invoiced Search Section")): Object 'Object Repository/Accounting Search/Outgoing Invoiced Search Section' is visible

2019-04-24 10:54:58 - [MESSAGE][PASSED] - Object 'Object Repository/Accounting Search/Outgoing Invoiced Search Section' is visible

2019-04-24 10:54:58 - [TEST_STEP][PASSED] - verifyElementVisible(findTestObject("Accounting Search/Car Search Section")): Object 'Object Repository/Accounting Search/Car Search Section' is visible

2019-04-24 10:54:58 - [MESSAGE][PASSED] - Object 'Object Repository/Accounting Search/Car Search Section' is visible

2019-04-24 10:54:58 - [TEST_STEP][PASSED] - back(): Navigate back successfully

2019-04-24 10:54:58 - [MESSAGE][PASSED] - Navigate back successfully

2019-04-24 10:54:58 - [TEST_STEP][PASSED] - waitForPageLoad(0): Wait for page load successfully

2019-04-24 10:54:58 - [MESSAGE][WARNING] - Timeout '0' is invalid. Using default page load timeout: '30'

2019-04-24 10:54:58 - [MESSAGE][PASSED] - Wait for page load successfully

2019-04-24 10:54:58 - [TEST_STEP][PASSED] - verifyElementVisible(findTestObject("GBMS Home Page Dropdowns/Accounting Dropdown")): Object 'Object Repository/GBMS Home Page Dropdowns/Accounting Dropdown' is visible

2019-04-24 10:54:58 - [MESSAGE][PASSED] - Object 'Object Repository/GBMS Home Page Dropdowns/Accounting Dropdown' is visible

2019-04-24 10:54:58 - [TEST_STEP][PASSED] - click(findTestObject("GBMS Home Page Dropdowns/Accounting Dropdown")): Object: 'Object Repository/GBMS Home Page Dropdowns/Accounting Dropdown' is clicked on

2019-04-24 10:54:58 - [MESSAGE][PASSED] - Object: 'Object Repository/GBMS Home Page Dropdowns/Accounting Dropdown' is clicked on

2019-04-24 10:54:58 - [TEST_STEP][PASSED] - click(findTestObject("GBMS Home Page Dropdowns/Approve AP Option")): Object: 'Object Repository/GBMS Home Page Dropdowns/Approve AP Option' is clicked on

2019-04-24 10:54:59 - [MESSAGE][PASSED] - Object: 'Object Repository/GBMS Home Page Dropdowns/Approve AP Option' is clicked on

2019-04-24 10:54:59 - [TEST_STEP][PASSED] - waitForPageLoad(0): Wait for page load successfully

2019-04-24 10:54:59 - [MESSAGE][WARNING] - Timeout '0' is invalid. Using default page load timeout: '30'

2019-04-24 10:54:59 - [MESSAGE][PASSED] - Wait for page load successfully

2019-04-24 10:54:59 - [TEST_STEP][PASSED] - waitForElementVisible(findTestObject("Approve AP/Invoices Grid"), 0): Object 'Object Repository/Approve AP/Invoices Grid' is visible

2019-04-24 10:54:59 - [MESSAGE][WARNING] - Timeout '0' is invalid. Using default page load timeout: '30'

2019-04-24 10:55:03 - [MESSAGE][PASSED] - Object 'Object Repository/Approve AP/Invoices Grid' is visible

2019-04-24 10:55:03 - [TEST_STEP][PASSED] - verifyElementVisible(findTestObject("Approve AP/Legend Img")): Object 'Object Repository/Approve AP/Legend Img' is visible

2019-04-24 10:55:03 - [MESSAGE][PASSED] - Object 'Object Repository/Approve AP/Legend Img' is visible

2019-04-24 10:55:03 - [TEST_STEP][PASSED] - back(): Navigate back successfully

2019-04-24 10:55:03 - [MESSAGE][PASSED] - Navigate back successfully

2019-04-24 10:55:03 - [TEST_STEP][PASSED] - waitForPageLoad(0): Wait for page load successfully

2019-04-24 10:55:03 - [MESSAGE][WARNING] - Timeout '0' is invalid. Using default page load timeout: '30'

2019-04-24 10:55:03 - [MESSAGE][PASSED] - Wait for page load successfully

2019-04-24 10:55:03 - [TEST_STEP][PASSED] - verifyElementVisible(findTestObject("GBMS Home Page Dropdowns/Accounting Dropdown")): Object 'Object Repository/GBMS Home Page Dropdowns/Accounting Dropdown' is visible

2019-04-24 10:55:03 - [MESSAGE][PASSED] - Object 'Object Repository/GBMS Home Page Dropdowns/Accounting Dropdown' is visible

2019-04-24 10:55:03 - [TEST_STEP][PASSED] - click(findTestObject("GBMS Home Page Dropdowns/Accounting Dropdown")): Object: 'Object Repository/GBMS Home Page Dropdowns/Accounting Dropdown' is clicked on

2019-04-24 10:55:03 - [MESSAGE][PASSED] - Object: 'Object Repository/GBMS Home Page Dropdowns/Accounting Dropdown' is clicked on

2019-04-24 10:55:03 - [TEST_STEP][PASSED] - click(findTestObject("GBMS Home Page Dropdowns/On Hold Option")): Object: 'Object Repository/GBMS Home Page Dropdowns/On Hold Option' is clicked on

2019-04-24 10:55:05 - [MESSAGE][PASSED] - Object: 'Object Repository/GBMS Home Page Dropdowns/On Hold Option' is clicked on

2019-04-24 10:55:05 - [TEST_STEP][PASSED] - waitForPageLoad(0): Wait for page load successfully

2019-04-24 10:55:05 - [MESSAGE][WARNING] - Timeout '0' is invalid. Using default page load timeout: '30'

2019-04-24 10:55:05 - [MESSAGE][PASSED] - Wait for page load successfully

2019-04-24 10:55:05 - [TEST_STEP][PASSED] - verifyElementVisible(findTestObject("On Hold/Invoices On Hold Header")): Object 'Object Repository/On Hold/Invoices On Hold Header' is visible

2019-04-24 10:55:05 - [MESSAGE][PASSED] - Object 'Object Repository/On Hold/Invoices On Hold Header' is visible

2019-04-24 10:55:05 - [TEST_STEP][PASSED] - verifyElementVisible(findTestObject("On Hold/Un-Hold")): Object 'Object Repository/On Hold/Un-Hold' is visible

2019-04-24 10:55:05 - [MESSAGE][PASSED] - Object 'Object Repository/On Hold/Un-Hold' is visible

2019-04-24 10:55:05 - [TEST_STEP][PASSED] - back(): Navigate back successfully

2019-04-24 10:55:05 - [MESSAGE][PASSED] - Navigate back successfully

2019-04-24 10:55:05 - [TEST_STEP][PASSED] - waitForPageLoad(0): Wait for page load successfully

2019-04-24 10:55:05 - [MESSAGE][WARNING] - Timeout '0' is invalid. Using default page load timeout: '30'

2019-04-24 10:55:05 - [MESSAGE][PASSED] - Wait for page load successfully

2019-04-24 10:55:05 - [TEST_STEP][PASSED] - verifyElementVisible(findTestObject("GBMS Home Page Dropdowns/Accounting Dropdown")): Object 'Object Repository/GBMS Home Page Dropdowns/Accounting Dropdown' is visible

2019-04-24 10:55:05 - [MESSAGE][PASSED] - Object 'Object Repository/GBMS Home Page Dropdowns/Accounting Dropdown' is visible

2019-04-24 10:55:05 - [TEST_STEP][PASSED] - click(findTestObject("GBMS Home Page Dropdowns/Accounting Dropdown")): Object: 'Object Repository/GBMS Home Page Dropdowns/Accounting Dropdown' is clicked on

2019-04-24 10:55:05 - [MESSAGE][PASSED] - Object: 'Object Repository/GBMS Home Page Dropdowns/Accounting Dropdown' is clicked on

2019-04-24 10:55:05 - [TEST_STEP][PASSED] - click(findTestObject("GBMS Home Page Dropdowns/Approve AR Option")): Object: 'Object Repository/GBMS Home Page Dropdowns/Approve AR Option' is clicked on

2019-04-24 10:55:06 - [MESSAGE][PASSED] - Object: 'Object Repository/GBMS Home Page Dropdowns/Approve AR Option' is clicked on

2019-04-24 10:55:06 - [TEST_STEP][PASSED] - waitForPageLoad(0): Wait for page load successfully

2019-04-24 10:55:06 - [MESSAGE][WARNING] - Timeout '0' is invalid. Using default page load timeout: '30'

2019-04-24 10:55:06 - [MESSAGE][PASSED] - Wait for page load successfully

2019-04-24 10:55:06 - [TEST_STEP][PASSED] - waitForElementVisible(findTestObject("Approve AR/AR Approvable Table"), 0): Object 'Object Repository/Approve AR/AR Approvable Table' is visible

2019-04-24 10:55:06 - [MESSAGE][WARNING] - Timeout '0' is invalid. Using default page load timeout: '30'

2019-04-24 10:55:06 - [MESSAGE][PASSED] - Object 'Object Repository/Approve AR/AR Approvable Table' is visible

2019-04-24 10:55:06 - [TEST_STEP][PASSED] - waitForElementVisible(findTestObject("Approve AR/Invoice Response AR Approvable Table"), 0): Object 'Object Repository/Approve AR/Invoice Response AR Approvable Table' is visible

2019-04-24 10:55:06 - [MESSAGE][WARNING] - Timeout '0' is invalid. Using default page load timeout: '30'

2019-04-24 10:55:06 - [MESSAGE][PASSED] - Object 'Object Repository/Approve AR/Invoice Response AR Approvable Table' is visible

2019-04-24 10:55:06 - [TEST_STEP][PASSED] - verifyElementVisible(findTestObject("Approve AR/CBA AR Approvable")): Object 'Object Repository/Approve AR/CBA AR Approvable' is visible

2019-04-24 10:55:06 - [MESSAGE][PASSED] - Object 'Object Repository/Approve AR/CBA AR Approvable' is visible

2019-04-24 10:55:06 - [TEST_STEP][PASSED] - verifyElementVisible(findTestObject("Approve AR/Legend Img")): Object 'Object Repository/Approve AR/Legend Img' is visible

2019-04-24 10:55:06 - [MESSAGE][PASSED] - Object 'Object Repository/Approve AR/Legend Img' is visible

2019-04-24 10:55:06 - [TEST_STEP][PASSED] - back(): Navigate back successfully

2019-04-24 10:55:06 - [MESSAGE][PASSED] - Navigate back successfully

2019-04-24 10:55:06 - [TEST_STEP][PASSED] - waitForPageLoad(0): Wait for page load successfully

2019-04-24 10:55:06 - [MESSAGE][WARNING] - Timeout '0' is invalid. Using default page load timeout: '30'

2019-04-24 10:55:06 - [MESSAGE][PASSED] - Wait for page load successfully

2019-04-24 10:55:06 - [TEST_STEP][PASSED] - verifyElementVisible(findTestObject("GBMS Home Page Dropdowns/Accounting Dropdown")): Object 'Object Repository/GBMS Home Page Dropdowns/Accounting Dropdown' is visible

2019-04-24 10:55:06 - [MESSAGE][PASSED] - Object 'Object Repository/GBMS Home Page Dropdowns/Accounting Dropdown' is visible

2019-04-24 10:55:06 - [TEST_STEP][PASSED] - click(findTestObject("GBMS Home Page Dropdowns/Accounting Dropdown")): Object: 'Object Repository/GBMS Home Page Dropdowns/Accounting Dropdown' is clicked on

2019-04-24 10:55:06 - [MESSAGE][PASSED] - Object: 'Object Repository/GBMS Home Page Dropdowns/Accounting Dropdown' is clicked on

2019-04-24 10:55:06 - [TEST_STEP][PASSED] - click(findTestObject("GBMS Home Page Dropdowns/Extra Charges Option")): Object: 'Object Repository/GBMS Home Page Dropdowns/Extra Charges Option' is clicked on

2019-04-24 10:55:07 - [MESSAGE][PASSED] - Object: 'Object Repository/GBMS Home Page Dropdowns/Extra Charges Option' is clicked on

2019-04-24 10:55:07 - [TEST_STEP][PASSED] - waitForElementVisible(findTestObject("Extra Charges/Extra Charges Table"), 0): Object 'Object Repository/Extra Charges/Extra Charges Table' is visible

2019-04-24 10:55:07 - [MESSAGE][WARNING] - Timeout '0' is invalid. Using default page load timeout: '30'

2019-04-24 10:55:07 - [MESSAGE][PASSED] - Object 'Object Repository/Extra Charges/Extra Charges Table' is visible

2019-04-24 10:55:07 - [TEST_STEP][PASSED] - waitForPageLoad(0): Wait for page load successfully

2019-04-24 10:55:07 - [MESSAGE][WARNING] - Timeout '0' is invalid. Using default page load timeout: '30'

2019-04-24 10:55:07 - [MESSAGE][PASSED] - Wait for page load successfully

2019-04-24 10:55:07 - [TEST_STEP][PASSED] - verifyElementVisible(findTestObject("Extra Charges/Extra Charges Header")): Object 'Object Repository/Extra Charges/Extra Charges Header' is visible

2019-04-24 10:55:07 - [MESSAGE][PASSED] - Object 'Object Repository/Extra Charges/Extra Charges Header' is visible

2019-04-24 10:55:07 - [TEST_STEP][PASSED] - back(): Navigate back successfully

2019-04-24 10:55:07 - [MESSAGE][PASSED] - Navigate back successfully

2019-04-24 10:55:07 - [TEST_STEP][PASSED] - waitForPageLoad(0): Wait for page load successfully

2019-04-24 10:55:07 - [MESSAGE][WARNING] - Timeout '0' is invalid. Using default page load timeout: '30'

2019-04-24 10:55:07 - [MESSAGE][PASSED] - Wait for page load successfully

2019-04-24 10:55:07 - [TEST_STEP][PASSED] - verifyElementVisible(findTestObject("GBMS Home Page Dropdowns/Accounting Dropdown")): Object 'Object Repository/GBMS Home Page Dropdowns/Accounting Dropdown' is visible

2019-04-24 10:55:07 - [MESSAGE][PASSED] - Object 'Object Repository/GBMS Home Page Dropdowns/Accounting Dropdown' is visible

2019-04-24 10:55:07 - [TEST_STEP][PASSED] - click(findTestObject("GBMS Home Page Dropdowns/Accounting Dropdown")): Object: 'Object Repository/GBMS Home Page Dropdowns/Accounting Dropdown' is clicked on

2019-04-24 10:55:07 - [MESSAGE][PASSED] - Object: 'Object Repository/GBMS Home Page Dropdowns/Accounting Dropdown' is clicked on

2019-04-24 10:55:07 - [TEST_STEP][PASSED] - click(findTestObject("GBMS Home Page Dropdowns/Invoiceable Option")): Object: 'Object Repository/GBMS Home Page Dropdowns/Invoiceable Option' is clicked on

2019-04-24 10:55:07 - [MESSAGE][PASSED] - Object: 'Object Repository/GBMS Home Page Dropdowns/Invoiceable Option' is clicked on

2019-04-24 10:55:07 - [TEST_STEP][PASSED] - verifyElementVisible(findTestObject("Invoiceable/Loading...")): Object 'Object Repository/Invoiceable/Loading...' is visible

2019-04-24 10:55:07 - [MESSAGE][PASSED] - Object 'Object Repository/Invoiceable/Loading...' is visible

2019-04-24 10:55:08 - [TEST_STEP][PASSED] - waitForElementVisible(findTestObject("Invoiceable/Pending Invoices Table"), 0): Object 'Object Repository/Invoiceable/Pending Invoices Table' is visible

2019-04-24 10:55:08 - [MESSAGE][WARNING] - Timeout '0' is invalid. Using default page load timeout: '30'

2019-04-24 10:55:08 - [MESSAGE][PASSED] - Object 'Object Repository/Invoiceable/Pending Invoices Table' is visible

2019-04-24 10:55:08 - [TEST_STEP][PASSED] - waitForPageLoad(0): Wait for page load successfully

2019-04-24 10:55:08 - [MESSAGE][WARNING] - Timeout '0' is invalid. Using default page load timeout: '30'

2019-04-24 10:55:08 - [MESSAGE][PASSED] - Wait for page load successfully

2019-04-24 10:55:08 - [TEST_STEP][PASSED] - verifyElementVisible(findTestObject("Invoiceable/Pending Invoices Header")): Object 'Object Repository/Invoiceable/Pending Invoices Header' is visible

2019-04-24 10:55:08 - [MESSAGE][PASSED] - Object 'Object Repository/Invoiceable/Pending Invoices Header' is visible

2019-04-24 10:55:08 - [TEST_STEP][PASSED] - verifyElementVisible(findTestObject("Invoiceable/Legend Img")): Object 'Object Repository/Invoiceable/Legend Img' is visible

2019-04-24 10:55:08 - [MESSAGE][PASSED] - Object 'Object Repository/Invoiceable/Legend Img' is visible

2019-04-24 10:55:08 - [TEST_STEP][PASSED] - back(): Navigate back successfully

2019-04-24 10:55:08 - [MESSAGE][PASSED] - Navigate back successfully

2019-04-24 10:55:08 - [TEST_STEP][PASSED] - waitForPageLoad(0): Wait for page load successfully

2019-04-24 10:55:08 - [MESSAGE][WARNING] - Timeout '0' is invalid. Using default page load timeout: '30'

2019-04-24 10:55:08 - [MESSAGE][PASSED] - Wait for page load successfully

2019-04-24 10:55:08 - [TEST_STEP][PASSED] - verifyElementVisible(findTestObject("GBMS Home Page Dropdowns/Accounting Dropdown")): Object 'Object Repository/GBMS Home Page Dropdowns/Accounting Dropdown' is visible

2019-04-24 10:55:08 - [MESSAGE][PASSED] - Object 'Object Repository/GBMS Home Page Dropdowns/Accounting Dropdown' is visible

2019-04-24 10:55:08 - [TEST_STEP][PASSED] - click(findTestObject("GBMS Home Page Dropdowns/Accounting Dropdown")): Object: 'Object Repository/GBMS Home Page Dropdowns/Accounting Dropdown' is clicked on

2019-04-24 10:55:08 - [MESSAGE][PASSED] - Object: 'Object Repository/GBMS Home Page Dropdowns/Accounting Dropdown' is clicked on

2019-04-24 10:55:08 - [TEST_STEP][PASSED] - click(findTestObject("GBMS Home Page Dropdowns/Integration System Errors Option")): Object: 'Object Repository/GBMS Home Page Dropdowns/Integration System Errors Option' is clicked on

2019-04-24 10:55:09 - [MESSAGE][PASSED] - Object: 'Object Repository/GBMS Home Page Dropdowns/Integration System Errors Option' is clicked on

2019-04-24 10:55:09 - [TEST_STEP][PASSED] - waitForPageLoad(0): Wait for page load successfully

2019-04-24 10:55:09 - [MESSAGE][WARNING] - Timeout '0' is invalid. Using default page load timeout: '30'

2019-04-24 10:55:09 - [MESSAGE][PASSED] - Wait for page load successfully

2019-04-24 10:55:09 - [TEST_STEP][PASSED] - verifyElementVisible(findTestObject("Integration System Errors/Integration System Errors Header")): Object 'Object Repository/Integration System Errors/Integration System Errors Header' is visible

2019-04-24 10:55:09 - [MESSAGE][PASSED] - Object 'Object Repository/Integration System Errors/Integration System Errors Header' is visible

2019-04-24 10:55:09 - [TEST_STEP][PASSED] - verifyElementVisible(findTestObject("Integration System Errors/System Erros Table")): Object 'Object Repository/Integration System Errors/System Erros Table' is visible

2019-04-24 10:55:09 - [MESSAGE][PASSED] - Object 'Object Repository/Integration System Errors/System Erros Table' is visible

2019-04-24 10:55:09 - [TEST_STEP][PASSED] - back(): Navigate back successfully

2019-04-24 10:55:09 - [MESSAGE][PASSED] - Navigate back successfully

2019-04-24 10:55:09 - [TEST_STEP][PASSED] - waitForPageLoad(0): Wait for page load successfully

2019-04-24 10:55:09 - [MESSAGE][WARNING] - Timeout '0' is invalid. Using default page load timeout: '30'

2019-04-24 10:55:09 - [MESSAGE][PASSED] - Wait for page load successfully

2019-04-24 10:55:09 - [TEST_STEP][PASSED] - verifyElementVisible(findTestObject("GBMS Home Page Dropdowns/Accounting Dropdown")): Object 'Object Repository/GBMS Home Page Dropdowns/Accounting Dropdown' is visible

2019-04-24 10:55:09 - [MESSAGE][PASSED] - Object 'Object Repository/GBMS Home Page Dropdowns/Accounting Dropdown' is visible

2019-04-24 10:55:09 - [TEST_STEP][PASSED] - click(findTestObject("GBMS Home Page Dropdowns/Accounting Dropdown")): Object: 'Object Repository/GBMS Home Page Dropdowns/Accounting Dropdown' is clicked on

2019-04-24 10:55:09 - [MESSAGE][PASSED] - Object: 'Object Repository/GBMS Home Page Dropdowns/Accounting Dropdown' is clicked on

2019-04-24 10:55:09 - [TEST_STEP][PASSED] - click(findTestObject("GBMS Home Page Dropdowns/Outgoing Invoice Search Option")): Object: 'Object Repository/GBMS Home Page Dropdowns/Outgoing Invoice Search Option' is clicked on

2019-04-24 10:55:10 - [MESSAGE][PASSED] - Object: 'Object Repository/GBMS Home Page Dropdowns/Outgoing Invoice Search Option' is clicked on

2019-04-24 10:55:10 - [TEST_STEP][PASSED] - waitForPageLoad(0): Wait for page load successfully

2019-04-24 10:55:10 - [MESSAGE][WARNING] - Timeout '0' is invalid. Using default page load timeout: '30'

2019-04-24 10:55:10 - [MESSAGE][PASSED] - Wait for page load successfully

2019-04-24 10:55:10 - [TEST_STEP][PASSED] - verifyElementVisible(findTestObject("Outgoing Invoice Search/Outgoing Invoice Search Header")): Object 'Object Repository/Outgoing Invoice Search/Outgoing Invoice Search Header' is visible

2019-04-24 10:55:10 - [MESSAGE][PASSED] - Object 'Object Repository/Outgoing Invoice Search/Outgoing Invoice Search Header' is visible

2019-04-24 10:55:10 - [TEST_STEP][PASSED] - verifyElementVisible(findTestObject("Outgoing Invoice Search/Search Results Header")): Object 'Object Repository/Outgoing Invoice Search/Search Results Header' is visible

2019-04-24 10:55:10 - [MESSAGE][PASSED] - Object 'Object Repository/Outgoing Invoice Search/Search Results Header' is visible

2019-04-24 10:55:10 - [TEST_STEP][PASSED] - back(): Navigate back successfully

2019-04-24 10:55:10 - [MESSAGE][PASSED] - Navigate back successfully

2019-04-24 10:55:10 - [TEST_STEP][PASSED] - waitForPageLoad(0): Wait for page load successfully

2019-04-24 10:55:10 - [MESSAGE][WARNING] - Timeout '0' is invalid. Using default page load timeout: '30'

2019-04-24 10:55:10 - [MESSAGE][PASSED] - Wait for page load successfully

2019-04-24 10:55:10 - [TEST_STEP][PASSED] - verifyElementVisible(findTestObject("GBMS Home Page Dropdowns/Accounting Dropdown")): Object 'Object Repository/GBMS Home Page Dropdowns/Accounting Dropdown' is visible

2019-04-24 10:55:10 - [MESSAGE][PASSED] - Object 'Object Repository/GBMS Home Page Dropdowns/Accounting Dropdown' is visible

2019-04-24 10:55:10 - [TEST_STEP][PASSED] - click(findTestObject("GBMS Home Page Dropdowns/Accounting Dropdown")): Object: 'Object Repository/GBMS Home Page Dropdowns/Accounting Dropdown' is clicked on

2019-04-24 10:55:10 - [MESSAGE][PASSED] - Object: 'Object Repository/GBMS Home Page Dropdowns/Accounting Dropdown' is clicked on

2019-04-24 10:55:10 - [TEST_STEP][PASSED] - click(findTestObject("GBMS Home Page Dropdowns/Invoice Response Progress Option")): Object: 'Object Repository/GBMS Home Page Dropdowns/Invoice Response Progress Option' is clicked on

2019-04-24 10:55:12 - [MESSAGE][PASSED] - Object: 'Object Repository/GBMS Home Page Dropdowns/Invoice Response Progress Option' is clicked on

2019-04-24 10:55:12 - [TEST_STEP][PASSED] - waitForElementVisible(findTestObject("Invoice Responses In Progress/Invoice Response Progress Table"), 0): Object 'Object Repository/Invoice Responses In Progress/Invoice Response Progress Table' is visible

2019-04-24 10:55:12 - [MESSAGE][WARNING] - Timeout '0' is invalid. Using default page load timeout: '30'

2019-04-24 10:55:12 - [MESSAGE][PASSED] - Object 'Object Repository/Invoice Responses In Progress/Invoice Response Progress Table' is visible

2019-04-24 10:55:12 - [TEST_STEP][PASSED] - waitForPageLoad(0): Wait for page load successfully

2019-04-24 10:55:12 - [MESSAGE][WARNING] - Timeout '0' is invalid. Using default page load timeout: '30'

2019-04-24 10:55:12 - [MESSAGE][PASSED] - Wait for page load successfully

2019-04-24 10:55:12 - [TEST_STEP][PASSED] - verifyElementVisible(findTestObject("Invoice Responses In Progress/Invoice Responses In Progress Header")): Object 'Object Repository/Invoice Responses In Progress/Invoice Responses In Progress Header' is visible

2019-04-24 10:55:13 - [MESSAGE][PASSED] - Object 'Object Repository/Invoice Responses In Progress/Invoice Responses In Progress Header' is visible

2019-04-24 10:55:13 - [TEST_STEP][PASSED] - verifyElementVisible(findTestObject("Invoice Responses In Progress/Outgoing CBA Letters Header")): Object 'Object Repository/Invoice Responses In Progress/Outgoing CBA Letters Header' is visible

2019-04-24 10:55:13 - [MESSAGE][PASSED] - Object 'Object Repository/Invoice Responses In Progress/Outgoing CBA Letters Header' is visible

2019-04-24 10:55:13 - [TEST_STEP][PASSED] - back(): Navigate back successfully

2019-04-24 10:55:13 - [MESSAGE][PASSED] - Navigate back successfully

2019-04-24 10:55:13 - [TEST_STEP][PASSED] - waitForPageLoad(0): Wait for page load successfully

2019-04-24 10:55:13 - [MESSAGE][WARNING] - Timeout '0' is invalid. Using default page load timeout: '30'

2019-04-24 10:55:13 - [MESSAGE][PASSED] - Wait for page load successfully

2019-04-24 10:55:13 - [TEST_STEP][PASSED] - verifyElementVisible(findTestObject("GBMS Home Page/GBX Logo")): Object 'Object Repository/GBMS Home Page/GBX Logo' is visible

2019-04-24 10:55:13 - [MESSAGE][PASSED] - Object 'Object Repository/GBMS Home Page/GBX Logo' is visible

2019-04-24 10:55:13 - [TEST_STEP][PASSED] - closeBrowser(): Browser is closed

2019-04-24 10:55:14 - [MESSAGE][PASSED] - Browser is closed]]></system-out>
         <system-err><![CDATA[]]></system-err>
      </testcase>
      <testcase name="Test Cases/ScreenCrawl/ScreenCrawlAssets" classname="Test Cases/ScreenCrawl/ScreenCrawlAssets" status="PASSED">
         <system-out><![CDATA[2019-04-24 10:55:16 - [TEST_CASE][PASSED] - Test Cases/ScreenCrawl/ScreenCrawlAssets: Test Cases/ScreenCrawl/ScreenCrawlAssets

2019-04-24 10:55:16 - [TEST_STEP][PASSED] - openBrowser(""): Browser is opened with url: ''

2019-04-24 10:55:16 - [MESSAGE][INFO] - Starting 'Chrome' driver

2019-04-24 10:55:19 - [MESSAGE][PASSED] - Browser is opened with url: ''

2019-04-24 10:55:19 - [TEST_STEP][PASSED] - deleteAllCookies(): Delete all cookies successfully

2019-04-24 10:55:20 - [MESSAGE][PASSED] - Delete all cookies successfully

2019-04-24 10:55:20 - [TEST_STEP][PASSED] - maximizeWindow(): Current window maximized

2019-04-24 10:55:21 - [MESSAGE][PASSED] - Current window maximized

2019-04-24 10:55:21 - [TEST_STEP][PASSED] - navigateToUrl("http://enspire-qa.gbrx.com/"): Navigate to 'http://enspire-qa.gbrx.com/' successfully

2019-04-24 10:55:22 - [MESSAGE][PASSED] - Navigate to 'http://enspire-qa.gbrx.com/' successfully

2019-04-24 10:55:22 - [TEST_STEP][PASSED] - waitForPageLoad(0): Wait for page load successfully

2019-04-24 10:55:22 - [MESSAGE][WARNING] - Timeout '0' is invalid. Using default page load timeout: '30'

2019-04-24 10:55:22 - [MESSAGE][PASSED] - Wait for page load successfully

2019-04-24 10:55:22 - [TEST_STEP][PASSED] - sendKeys(findTestObject("Login Page/Username Field"), ScreenCrawlUser): Keys 'GMS/ScreenCrawlAllRoles' sent to object: 'Object Repository/Login Page/Username Field'

2019-04-24 10:55:22 - [MESSAGE][PASSED] - Keys 'GMS/ScreenCrawlAllRoles' sent to object: 'Object Repository/Login Page/Username Field'

2019-04-24 10:55:22 - [TEST_STEP][PASSED] - sendKeys(findTestObject("Login Page/Password Field"), ScreenCrawlPass): Keys '123456789' sent to object: 'Object Repository/Login Page/Password Field'

2019-04-24 10:55:22 - [MESSAGE][PASSED] - Keys '123456789' sent to object: 'Object Repository/Login Page/Password Field'

2019-04-24 10:55:22 - [TEST_STEP][PASSED] - click(findTestObject("Login Page/Login Button")): Object: 'Object Repository/Login Page/Login Button' is clicked on

2019-04-24 10:55:23 - [MESSAGE][PASSED] - Object: 'Object Repository/Login Page/Login Button' is clicked on

2019-04-24 10:55:23 - [TEST_STEP][PASSED] - waitForPageLoad(0): Wait for page load successfully

2019-04-24 10:55:23 - [MESSAGE][WARNING] - Timeout '0' is invalid. Using default page load timeout: '30'

2019-04-24 10:55:23 - [MESSAGE][PASSED] - Wait for page load successfully

2019-04-24 10:55:23 - [TEST_STEP][PASSED] - verifyElementVisible(findTestObject("GBMS Home Page/Assets"), STOP_ON_FAILURE): Object 'Object Repository/GBMS Home Page/Assets' is visible

2019-04-24 10:55:23 - [MESSAGE][PASSED] - Object 'Object Repository/GBMS Home Page/Assets' is visible

2019-04-24 10:55:23 - [TEST_STEP][PASSED] - click(findTestObject("GBMS Home Page/button_Report Repository")): Object: 'Object Repository/GBMS Home Page/button_Report Repository' is clicked on

2019-04-24 10:55:28 - [MESSAGE][PASSED] - Object: 'Object Repository/GBMS Home Page/button_Report Repository' is clicked on

2019-04-24 10:55:28 - [TEST_STEP][PASSED] - waitForPageLoad(0): Wait for page load successfully

2019-04-24 10:55:28 - [MESSAGE][WARNING] - Timeout '0' is invalid. Using default page load timeout: '30'

2019-04-24 10:55:28 - [MESSAGE][PASSED] - Wait for page load successfully

2019-04-24 10:55:28 - [TEST_STEP][PASSED] - verifyElementVisible(findTestObject("Report Repository/Search Results")): Object 'Object Repository/Report Repository/Search Results' is visible

2019-04-24 10:55:28 - [MESSAGE][PASSED] - Object 'Object Repository/Report Repository/Search Results' is visible

2019-04-24 10:55:28 - [TEST_STEP][PASSED] - verifyElementVisible(findTestObject("Report Repository/Report Repository Search Header"), STOP_ON_FAILURE): Object 'Object Repository/Report Repository/Report Repository Search Header' is visible

2019-04-24 10:55:28 - [MESSAGE][PASSED] - Object 'Object Repository/Report Repository/Report Repository Search Header' is visible

2019-04-24 10:55:28 - [TEST_STEP][PASSED] - back(): Navigate back successfully

2019-04-24 10:55:28 - [MESSAGE][PASSED] - Navigate back successfully

2019-04-24 10:55:28 - [TEST_STEP][PASSED] - waitForPageLoad(0): Wait for page load successfully

2019-04-24 10:55:28 - [MESSAGE][WARNING] - Timeout '0' is invalid. Using default page load timeout: '30'

2019-04-24 10:55:28 - [MESSAGE][PASSED] - Wait for page load successfully

2019-04-24 10:55:28 - [TEST_STEP][PASSED] - verifyElementVisible(findTestObject("GBMS Home Page/Assets"), STOP_ON_FAILURE): Object 'Object Repository/GBMS Home Page/Assets' is visible

2019-04-24 10:55:28 - [MESSAGE][PASSED] - Object 'Object Repository/GBMS Home Page/Assets' is visible

2019-04-24 10:55:28 - [TEST_STEP][PASSED] - click(findTestObject("GBMS Home Page/button_Shop Forms")): Object: 'Object Repository/GBMS Home Page/button_Shop Forms' is clicked on

2019-04-24 10:55:29 - [MESSAGE][PASSED] - Object: 'Object Repository/GBMS Home Page/button_Shop Forms' is clicked on

2019-04-24 10:55:29 - [TEST_STEP][PASSED] - waitForPageLoad(0): Wait for page load successfully

2019-04-24 10:55:29 - [MESSAGE][WARNING] - Timeout '0' is invalid. Using default page load timeout: '30'

2019-04-24 10:55:29 - [MESSAGE][PASSED] - Wait for page load successfully

2019-04-24 10:55:29 - [TEST_STEP][PASSED] - verifyElementVisible(findTestObject("Object Repository/Shop Reference Documents/Shop Reference Documents")): Object 'Object Repository/Shop Reference Documents/Shop Reference Documents' is visible

2019-04-24 10:55:29 - [MESSAGE][PASSED] - Object 'Object Repository/Shop Reference Documents/Shop Reference Documents' is visible

2019-04-24 10:55:29 - [TEST_STEP][PASSED] - verifyElementVisible(findTestObject("Shop Reference Documents/button_Clear Filter")): Object 'Object Repository/Shop Reference Documents/button_Clear Filter' is visible

2019-04-24 10:55:29 - [MESSAGE][PASSED] - Object 'Object Repository/Shop Reference Documents/button_Clear Filter' is visible

2019-04-24 10:55:29 - [TEST_STEP][PASSED] - back(): Navigate back successfully

2019-04-24 10:55:29 - [MESSAGE][PASSED] - Navigate back successfully

2019-04-24 10:55:29 - [TEST_STEP][PASSED] - waitForPageLoad(0): Wait for page load successfully

2019-04-24 10:55:29 - [MESSAGE][WARNING] - Timeout '0' is invalid. Using default page load timeout: '30'

2019-04-24 10:55:29 - [MESSAGE][PASSED] - Wait for page load successfully

2019-04-24 10:55:29 - [TEST_STEP][PASSED] - verifyElementVisible(findTestObject("GBMS Home Page/Assets"), STOP_ON_FAILURE): Object 'Object Repository/GBMS Home Page/Assets' is visible

2019-04-24 10:55:29 - [MESSAGE][PASSED] - Object 'Object Repository/GBMS Home Page/Assets' is visible

2019-04-24 10:55:29 - [TEST_STEP][PASSED] - click(findTestObject("GBMS Home Page/button_Customer Portal")): Object: 'Object Repository/GBMS Home Page/button_Customer Portal' is clicked on

2019-04-24 10:55:34 - [MESSAGE][PASSED] - Object: 'Object Repository/GBMS Home Page/button_Customer Portal' is clicked on

2019-04-24 10:55:34 - [TEST_STEP][PASSED] - waitForPageLoad(0): Wait for page load successfully

2019-04-24 10:55:34 - [MESSAGE][WARNING] - Timeout '0' is invalid. Using default page load timeout: '30'

2019-04-24 10:55:34 - [MESSAGE][PASSED] - Wait for page load successfully

2019-04-24 10:55:34 - [TEST_STEP][PASSED] - back(): Navigate back successfully

2019-04-24 10:55:34 - [MESSAGE][PASSED] - Navigate back successfully

2019-04-24 10:55:34 - [TEST_STEP][PASSED] - waitForPageLoad(0): Wait for page load successfully

2019-04-24 10:55:34 - [MESSAGE][WARNING] - Timeout '0' is invalid. Using default page load timeout: '30'

2019-04-24 10:55:34 - [MESSAGE][PASSED] - Wait for page load successfully

2019-04-24 10:55:34 - [TEST_STEP][PASSED] - verifyElementVisible(findTestObject("GBMS Home Page/Assets"), STOP_ON_FAILURE): Object 'Object Repository/GBMS Home Page/Assets' is visible

2019-04-24 10:55:34 - [MESSAGE][PASSED] - Object 'Object Repository/GBMS Home Page/Assets' is visible

2019-04-24 10:55:34 - [TEST_STEP][PASSED] - closeBrowser(): Browser is closed

2019-04-24 10:55:35 - [MESSAGE][PASSED] - Browser is closed]]></system-out>
         <system-err><![CDATA[]]></system-err>
      </testcase>
      <testcase name="Test Cases/ScreenCrawl/ScreenCrawlAssetsDropdown" classname="Test Cases/ScreenCrawl/ScreenCrawlAssetsDropdown" status="PASSED">
         <system-out><![CDATA[2019-04-24 10:55:37 - [TEST_CASE][PASSED] - Test Cases/ScreenCrawl/ScreenCrawlAssetsDropdown: Test Cases/ScreenCrawl/ScreenCrawlAssetsDropdown

2019-04-24 10:55:37 - [TEST_STEP][PASSED] - openBrowser(""): Browser is opened with url: ''

2019-04-24 10:55:37 - [MESSAGE][INFO] - Starting 'Chrome' driver

2019-04-24 10:55:40 - [MESSAGE][PASSED] - Browser is opened with url: ''

2019-04-24 10:55:40 - [TEST_STEP][PASSED] - deleteAllCookies(): Delete all cookies successfully

2019-04-24 10:55:40 - [MESSAGE][PASSED] - Delete all cookies successfully

2019-04-24 10:55:40 - [TEST_STEP][PASSED] - maximizeWindow(): Current window maximized

2019-04-24 10:55:42 - [MESSAGE][PASSED] - Current window maximized

2019-04-24 10:55:42 - [TEST_STEP][PASSED] - navigateToUrl("http://enspire-qa.gbrx.com/"): Navigate to 'http://enspire-qa.gbrx.com/' successfully

2019-04-24 10:55:43 - [MESSAGE][PASSED] - Navigate to 'http://enspire-qa.gbrx.com/' successfully

2019-04-24 10:55:43 - [TEST_STEP][PASSED] - waitForPageLoad(0): Wait for page load successfully

2019-04-24 10:55:43 - [MESSAGE][WARNING] - Timeout '0' is invalid. Using default page load timeout: '30'

2019-04-24 10:55:43 - [MESSAGE][PASSED] - Wait for page load successfully

2019-04-24 10:55:43 - [TEST_STEP][PASSED] - sendKeys(findTestObject("Login Page/Username Field"), ScreenCrawlUser): Keys 'GMS/ScreenCrawlAllRoles' sent to object: 'Object Repository/Login Page/Username Field'

2019-04-24 10:55:43 - [MESSAGE][PASSED] - Keys 'GMS/ScreenCrawlAllRoles' sent to object: 'Object Repository/Login Page/Username Field'

2019-04-24 10:55:43 - [TEST_STEP][PASSED] - sendKeys(findTestObject("Login Page/Password Field"), ScreenCrawlPass): Keys '123456789' sent to object: 'Object Repository/Login Page/Password Field'

2019-04-24 10:55:43 - [MESSAGE][PASSED] - Keys '123456789' sent to object: 'Object Repository/Login Page/Password Field'

2019-04-24 10:55:43 - [TEST_STEP][PASSED] - click(findTestObject("Login Page/Login Button")): Object: 'Object Repository/Login Page/Login Button' is clicked on

2019-04-24 10:55:44 - [MESSAGE][PASSED] - Object: 'Object Repository/Login Page/Login Button' is clicked on

2019-04-24 10:55:44 - [TEST_STEP][PASSED] - waitForPageLoad(0): Wait for page load successfully

2019-04-24 10:55:44 - [MESSAGE][WARNING] - Timeout '0' is invalid. Using default page load timeout: '30'

2019-04-24 10:55:44 - [MESSAGE][PASSED] - Wait for page load successfully

2019-04-24 10:55:44 - [TEST_STEP][PASSED] - verifyElementVisible(findTestObject("GBMS Home Page/GBX Logo")): Object 'Object Repository/GBMS Home Page/GBX Logo' is visible

2019-04-24 10:55:44 - [MESSAGE][PASSED] - Object 'Object Repository/GBMS Home Page/GBX Logo' is visible

2019-04-24 10:55:44 - [TEST_STEP][PASSED] - verifyElementClickable(findTestObject("GBMS Home Page Dropdowns/Assets Dropdown")): Object 'Object Repository/GBMS Home Page Dropdowns/Assets Dropdown' is clickable

2019-04-24 10:55:44 - [MESSAGE][PASSED] - Object 'Object Repository/GBMS Home Page Dropdowns/Assets Dropdown' is clickable

2019-04-24 10:55:44 - [TEST_STEP][PASSED] - click(findTestObject("GBMS Home Page Dropdowns/Assets Dropdown")): Object: 'Object Repository/GBMS Home Page Dropdowns/Assets Dropdown' is clicked on

2019-04-24 10:55:44 - [MESSAGE][PASSED] - Object: 'Object Repository/GBMS Home Page Dropdowns/Assets Dropdown' is clicked on

2019-04-24 10:55:44 - [TEST_STEP][PASSED] - verifyElementClickable(findTestObject("GBMS Home Page Dropdowns/AssetView 360 Search Option")): Object 'Object Repository/GBMS Home Page Dropdowns/AssetView 360 Search Option' is clickable

2019-04-24 10:55:44 - [MESSAGE][PASSED] - Object 'Object Repository/GBMS Home Page Dropdowns/AssetView 360 Search Option' is clickable

2019-04-24 10:55:44 - [TEST_STEP][PASSED] - click(findTestObject("GBMS Home Page Dropdowns/AssetView 360 Search Option")): Object: 'Object Repository/GBMS Home Page Dropdowns/AssetView 360 Search Option' is clicked on

2019-04-24 10:55:45 - [MESSAGE][PASSED] - Object: 'Object Repository/GBMS Home Page Dropdowns/AssetView 360 Search Option' is clicked on

2019-04-24 10:55:45 - [TEST_STEP][PASSED] - waitForPageLoad(0): Wait for page load successfully

2019-04-24 10:55:45 - [MESSAGE][WARNING] - Timeout '0' is invalid. Using default page load timeout: '30'

2019-04-24 10:55:45 - [MESSAGE][PASSED] - Wait for page load successfully

2019-04-24 10:55:45 - [TEST_STEP][PASSED] - verifyElementVisible(findTestObject("Object Repository/AssetView 360 Search/Asset Mark")): Object 'Object Repository/AssetView 360 Search/Asset Mark' is visible

2019-04-24 10:55:45 - [MESSAGE][PASSED] - Object 'Object Repository/AssetView 360 Search/Asset Mark' is visible

2019-04-24 10:55:45 - [TEST_STEP][PASSED] - back(): Navigate back successfully

2019-04-24 10:55:45 - [MESSAGE][PASSED] - Navigate back successfully

2019-04-24 10:55:45 - [TEST_STEP][PASSED] - waitForPageLoad(0): Wait for page load successfully

2019-04-24 10:55:45 - [MESSAGE][WARNING] - Timeout '0' is invalid. Using default page load timeout: '30'

2019-04-24 10:55:45 - [MESSAGE][PASSED] - Wait for page load successfully

2019-04-24 10:55:45 - [TEST_STEP][PASSED] - verifyElementVisible(findTestObject("GBMS Home Page/GBX Logo")): Object 'Object Repository/GBMS Home Page/GBX Logo' is visible

2019-04-24 10:55:45 - [MESSAGE][PASSED] - Object 'Object Repository/GBMS Home Page/GBX Logo' is visible

2019-04-24 10:55:45 - [TEST_STEP][PASSED] - verifyElementClickable(findTestObject("GBMS Home Page Dropdowns/Assets Dropdown")): Object 'Object Repository/GBMS Home Page Dropdowns/Assets Dropdown' is clickable

2019-04-24 10:55:45 - [MESSAGE][PASSED] - Object 'Object Repository/GBMS Home Page Dropdowns/Assets Dropdown' is clickable

2019-04-24 10:55:45 - [TEST_STEP][PASSED] - click(findTestObject("GBMS Home Page Dropdowns/Assets Dropdown")): Object: 'Object Repository/GBMS Home Page Dropdowns/Assets Dropdown' is clicked on

2019-04-24 10:55:45 - [MESSAGE][PASSED] - Object: 'Object Repository/GBMS Home Page Dropdowns/Assets Dropdown' is clicked on

2019-04-24 10:55:45 - [TEST_STEP][PASSED] - verifyElementClickable(findTestObject("GBMS Home Page Dropdowns/Manage Asset Groups Option")): Object 'Object Repository/GBMS Home Page Dropdowns/Manage Asset Groups Option' is clickable

2019-04-24 10:55:45 - [MESSAGE][PASSED] - Object 'Object Repository/GBMS Home Page Dropdowns/Manage Asset Groups Option' is clickable

2019-04-24 10:55:45 - [TEST_STEP][PASSED] - click(findTestObject("GBMS Home Page Dropdowns/Manage Asset Groups Option")): Object: 'Object Repository/GBMS Home Page Dropdowns/Manage Asset Groups Option' is clicked on

2019-04-24 10:55:45 - [MESSAGE][PASSED] - Object: 'Object Repository/GBMS Home Page Dropdowns/Manage Asset Groups Option' is clicked on

2019-04-24 10:55:45 - [TEST_STEP][PASSED] - waitForPageLoad(0): Wait for page load successfully

2019-04-24 10:55:45 - [MESSAGE][WARNING] - Timeout '0' is invalid. Using default page load timeout: '30'

2019-04-24 10:55:45 - [MESSAGE][PASSED] - Wait for page load successfully

2019-04-24 10:55:45 - [TEST_STEP][PASSED] - verifyElementVisible(findTestObject("Object Repository/Asset Group Search/Asset Group Search")): Object 'Object Repository/Asset Group Search/Asset Group Search' is visible

2019-04-24 10:55:45 - [MESSAGE][PASSED] - Object 'Object Repository/Asset Group Search/Asset Group Search' is visible

2019-04-24 10:55:45 - [TEST_STEP][PASSED] - back(): Navigate back successfully

2019-04-24 10:55:45 - [MESSAGE][PASSED] - Navigate back successfully

2019-04-24 10:55:45 - [TEST_STEP][PASSED] - waitForPageLoad(0): Wait for page load successfully

2019-04-24 10:55:45 - [MESSAGE][WARNING] - Timeout '0' is invalid. Using default page load timeout: '30'

2019-04-24 10:55:45 - [MESSAGE][PASSED] - Wait for page load successfully

2019-04-24 10:55:45 - [TEST_STEP][PASSED] - verifyElementVisible(findTestObject("GBMS Home Page/GBX Logo")): Object 'Object Repository/GBMS Home Page/GBX Logo' is visible

2019-04-24 10:55:45 - [MESSAGE][PASSED] - Object 'Object Repository/GBMS Home Page/GBX Logo' is visible

2019-04-24 10:55:45 - [TEST_STEP][PASSED] - verifyElementClickable(findTestObject("GBMS Home Page Dropdowns/Assets Dropdown")): Object 'Object Repository/GBMS Home Page Dropdowns/Assets Dropdown' is clickable

2019-04-24 10:55:46 - [MESSAGE][PASSED] - Object 'Object Repository/GBMS Home Page Dropdowns/Assets Dropdown' is clickable

2019-04-24 10:55:46 - [TEST_STEP][PASSED] - click(findTestObject("GBMS Home Page Dropdowns/Assets Dropdown")): Object: 'Object Repository/GBMS Home Page Dropdowns/Assets Dropdown' is clicked on

2019-04-24 10:55:46 - [MESSAGE][PASSED] - Object: 'Object Repository/GBMS Home Page Dropdowns/Assets Dropdown' is clicked on

2019-04-24 10:55:46 - [TEST_STEP][PASSED] - verifyElementClickable(findTestObject("GBMS Home Page Dropdowns/Car Spec. Bulk Update Option")): Object 'Object Repository/GBMS Home Page Dropdowns/Car Spec. Bulk Update Option' is clickable

2019-04-24 10:55:46 - [MESSAGE][PASSED] - Object 'Object Repository/GBMS Home Page Dropdowns/Car Spec. Bulk Update Option' is clickable

2019-04-24 10:55:46 - [TEST_STEP][PASSED] - click(findTestObject("GBMS Home Page Dropdowns/Car Spec. Bulk Update Option")): Object: 'Object Repository/GBMS Home Page Dropdowns/Car Spec. Bulk Update Option' is clicked on

2019-04-24 10:55:46 - [MESSAGE][PASSED] - Object: 'Object Repository/GBMS Home Page Dropdowns/Car Spec. Bulk Update Option' is clicked on

2019-04-24 10:55:46 - [TEST_STEP][PASSED] - waitForPageLoad(0): Wait for page load successfully

2019-04-24 10:55:46 - [MESSAGE][WARNING] - Timeout '0' is invalid. Using default page load timeout: '30'

2019-04-24 10:55:46 - [MESSAGE][PASSED] - Wait for page load successfully

2019-04-24 10:55:46 - [TEST_STEP][PASSED] - verifyElementVisible(findTestObject("Object Repository/Car Spec. Bulk Entry - Asset Search/Car Specification Bulk Edit Asset Selection")): Object 'Object Repository/Car Spec. Bulk Entry - Asset Search/Car Specification Bulk Edit Asset Selection' is visible

2019-04-24 10:55:46 - [MESSAGE][PASSED] - Object 'Object Repository/Car Spec. Bulk Entry - Asset Search/Car Specification Bulk Edit Asset Selection' is visible

2019-04-24 10:55:46 - [TEST_STEP][PASSED] - back(): Navigate back successfully

2019-04-24 10:55:46 - [MESSAGE][PASSED] - Navigate back successfully

2019-04-24 10:55:46 - [TEST_STEP][PASSED] - waitForPageLoad(0): Wait for page load successfully

2019-04-24 10:55:46 - [MESSAGE][WARNING] - Timeout '0' is invalid. Using default page load timeout: '30'

2019-04-24 10:55:46 - [MESSAGE][PASSED] - Wait for page load successfully

2019-04-24 10:55:46 - [TEST_STEP][PASSED] - verifyElementVisible(findTestObject("GBMS Home Page/GBX Logo")): Object 'Object Repository/GBMS Home Page/GBX Logo' is visible

2019-04-24 10:55:46 - [MESSAGE][PASSED] - Object 'Object Repository/GBMS Home Page/GBX Logo' is visible

2019-04-24 10:55:46 - [TEST_STEP][PASSED] - verifyElementClickable(findTestObject("GBMS Home Page Dropdowns/Assets Dropdown")): Object 'Object Repository/GBMS Home Page Dropdowns/Assets Dropdown' is clickable

2019-04-24 10:55:46 - [MESSAGE][PASSED] - Object 'Object Repository/GBMS Home Page Dropdowns/Assets Dropdown' is clickable

2019-04-24 10:55:46 - [TEST_STEP][PASSED] - click(findTestObject("GBMS Home Page Dropdowns/Assets Dropdown")): Object: 'Object Repository/GBMS Home Page Dropdowns/Assets Dropdown' is clicked on

2019-04-24 10:55:46 - [MESSAGE][PASSED] - Object: 'Object Repository/GBMS Home Page Dropdowns/Assets Dropdown' is clicked on

2019-04-24 10:55:46 - [TEST_STEP][PASSED] - verifyElementClickable(findTestObject("GBMS Home Page Dropdowns/Clone Asset Specifications Option")): Object 'Object Repository/GBMS Home Page Dropdowns/Clone Asset Specifications Option' is clickable

2019-04-24 10:55:46 - [MESSAGE][PASSED] - Object 'Object Repository/GBMS Home Page Dropdowns/Clone Asset Specifications Option' is clickable

2019-04-24 10:55:46 - [TEST_STEP][PASSED] - click(findTestObject("GBMS Home Page Dropdowns/Clone Asset Specifications Option")): Object: 'Object Repository/GBMS Home Page Dropdowns/Clone Asset Specifications Option' is clicked on

2019-04-24 10:55:47 - [MESSAGE][PASSED] - Object: 'Object Repository/GBMS Home Page Dropdowns/Clone Asset Specifications Option' is clicked on

2019-04-24 10:55:47 - [TEST_STEP][PASSED] - waitForPageLoad(0): Wait for page load successfully

2019-04-24 10:55:47 - [MESSAGE][WARNING] - Timeout '0' is invalid. Using default page load timeout: '30'

2019-04-24 10:55:47 - [MESSAGE][PASSED] - Wait for page load successfully

2019-04-24 10:55:47 - [TEST_STEP][PASSED] - verifyElementVisible(findTestObject("Object Repository/Clone Car Find Assets/Asset to Clone")): Object 'Object Repository/Clone Car Find Assets/Asset to Clone' is visible

2019-04-24 10:55:47 - [MESSAGE][PASSED] - Object 'Object Repository/Clone Car Find Assets/Asset to Clone' is visible

2019-04-24 10:55:47 - [TEST_STEP][PASSED] - back(): Navigate back successfully

2019-04-24 10:55:47 - [MESSAGE][PASSED] - Navigate back successfully

2019-04-24 10:55:47 - [TEST_STEP][PASSED] - waitForPageLoad(0): Wait for page load successfully

2019-04-24 10:55:47 - [MESSAGE][WARNING] - Timeout '0' is invalid. Using default page load timeout: '30'

2019-04-24 10:55:47 - [MESSAGE][PASSED] - Wait for page load successfully

2019-04-24 10:55:47 - [TEST_STEP][PASSED] - verifyElementVisible(findTestObject("GBMS Home Page/GBX Logo")): Object 'Object Repository/GBMS Home Page/GBX Logo' is visible

2019-04-24 10:55:47 - [MESSAGE][PASSED] - Object 'Object Repository/GBMS Home Page/GBX Logo' is visible

2019-04-24 10:55:47 - [TEST_STEP][PASSED] - verifyElementClickable(findTestObject("GBMS Home Page Dropdowns/Assets Dropdown")): Object 'Object Repository/GBMS Home Page Dropdowns/Assets Dropdown' is clickable

2019-04-24 10:55:47 - [MESSAGE][PASSED] - Object 'Object Repository/GBMS Home Page Dropdowns/Assets Dropdown' is clickable

2019-04-24 10:55:47 - [TEST_STEP][PASSED] - click(findTestObject("GBMS Home Page Dropdowns/Assets Dropdown")): Object: 'Object Repository/GBMS Home Page Dropdowns/Assets Dropdown' is clicked on

2019-04-24 10:55:47 - [MESSAGE][PASSED] - Object: 'Object Repository/GBMS Home Page Dropdowns/Assets Dropdown' is clicked on

2019-04-24 10:55:47 - [TEST_STEP][PASSED] - verifyElementClickable(findTestObject("GBMS Home Page Dropdowns/Car Information Search Option")): Object 'Object Repository/GBMS Home Page Dropdowns/Car Information Search Option' is clickable

2019-04-24 10:55:47 - [MESSAGE][PASSED] - Object 'Object Repository/GBMS Home Page Dropdowns/Car Information Search Option' is clickable

2019-04-24 10:55:47 - [TEST_STEP][PASSED] - click(findTestObject("GBMS Home Page Dropdowns/Car Information Search Option")): Object: 'Object Repository/GBMS Home Page Dropdowns/Car Information Search Option' is clicked on

2019-04-24 10:55:49 - [MESSAGE][PASSED] - Object: 'Object Repository/GBMS Home Page Dropdowns/Car Information Search Option' is clicked on

2019-04-24 10:55:49 - [TEST_STEP][PASSED] - waitForPageLoad(0): Wait for page load successfully

2019-04-24 10:55:49 - [MESSAGE][WARNING] - Timeout '0' is invalid. Using default page load timeout: '30'

2019-04-24 10:55:49 - [MESSAGE][PASSED] - Wait for page load successfully

2019-04-24 10:55:49 - [TEST_STEP][PASSED] - verifyElementVisible(findTestObject("Object Repository/Car Information Search/Asset Search")): Object 'Object Repository/Car Information Search/Asset Search' is visible

2019-04-24 10:55:49 - [MESSAGE][PASSED] - Object 'Object Repository/Car Information Search/Asset Search' is visible

2019-04-24 10:55:49 - [TEST_STEP][PASSED] - back(): Navigate back successfully

2019-04-24 10:55:49 - [MESSAGE][PASSED] - Navigate back successfully

2019-04-24 10:55:49 - [TEST_STEP][PASSED] - waitForPageLoad(0): Wait for page load successfully

2019-04-24 10:55:50 - [MESSAGE][WARNING] - Timeout '0' is invalid. Using default page load timeout: '30'

2019-04-24 10:55:50 - [MESSAGE][PASSED] - Wait for page load successfully

2019-04-24 10:55:50 - [TEST_STEP][PASSED] - verifyElementVisible(findTestObject("GBMS Home Page/GBX Logo")): Object 'Object Repository/GBMS Home Page/GBX Logo' is visible

2019-04-24 10:55:50 - [MESSAGE][PASSED] - Object 'Object Repository/GBMS Home Page/GBX Logo' is visible

2019-04-24 10:55:50 - [TEST_STEP][PASSED] - verifyElementClickable(findTestObject("GBMS Home Page Dropdowns/Assets Dropdown")): Object 'Object Repository/GBMS Home Page Dropdowns/Assets Dropdown' is clickable

2019-04-24 10:55:50 - [MESSAGE][PASSED] - Object 'Object Repository/GBMS Home Page Dropdowns/Assets Dropdown' is clickable

2019-04-24 10:55:50 - [TEST_STEP][PASSED] - click(findTestObject("GBMS Home Page Dropdowns/Assets Dropdown")): Object: 'Object Repository/GBMS Home Page Dropdowns/Assets Dropdown' is clicked on

2019-04-24 10:55:50 - [MESSAGE][PASSED] - Object: 'Object Repository/GBMS Home Page Dropdowns/Assets Dropdown' is clicked on

2019-04-24 10:55:50 - [TEST_STEP][PASSED] - verifyElementClickable(findTestObject("GBMS Home Page Dropdowns/Add Notes  Documents Option")): Object 'Object Repository/GBMS Home Page Dropdowns/Add Notes  Documents Option' is clickable

2019-04-24 10:55:50 - [MESSAGE][PASSED] - Object 'Object Repository/GBMS Home Page Dropdowns/Add Notes  Documents Option' is clickable

2019-04-24 10:55:50 - [TEST_STEP][PASSED] - click(findTestObject("GBMS Home Page Dropdowns/Add Notes  Documents Option")): Object: 'Object Repository/GBMS Home Page Dropdowns/Add Notes  Documents Option' is clicked on

2019-04-24 10:55:50 - [MESSAGE][PASSED] - Object: 'Object Repository/GBMS Home Page Dropdowns/Add Notes  Documents Option' is clicked on

2019-04-24 10:55:50 - [TEST_STEP][PASSED] - waitForPageLoad(0): Wait for page load successfully

2019-04-24 10:55:50 - [MESSAGE][WARNING] - Timeout '0' is invalid. Using default page load timeout: '30'

2019-04-24 10:55:50 - [MESSAGE][PASSED] - Wait for page load successfully

2019-04-24 10:55:50 - [TEST_STEP][PASSED] - verifyElementVisible(findTestObject("Object Repository/Add Notes  Documents to Assets/Add Notes  Documents to Assets")): Object 'Object Repository/Add Notes  Documents to Assets/Add Notes  Documents to Assets' is visible

2019-04-24 10:55:50 - [MESSAGE][PASSED] - Object 'Object Repository/Add Notes  Documents to Assets/Add Notes  Documents to Assets' is visible

2019-04-24 10:55:50 - [TEST_STEP][PASSED] - back(): Navigate back successfully

2019-04-24 10:55:50 - [MESSAGE][PASSED] - Navigate back successfully

2019-04-24 10:55:50 - [TEST_STEP][PASSED] - waitForPageLoad(0): Wait for page load successfully

2019-04-24 10:55:50 - [MESSAGE][WARNING] - Timeout '0' is invalid. Using default page load timeout: '30'

2019-04-24 10:55:50 - [MESSAGE][PASSED] - Wait for page load successfully

2019-04-24 10:55:50 - [TEST_STEP][PASSED] - verifyElementVisible(findTestObject("GBMS Home Page/GBX Logo")): Object 'Object Repository/GBMS Home Page/GBX Logo' is visible

2019-04-24 10:55:50 - [MESSAGE][PASSED] - Object 'Object Repository/GBMS Home Page/GBX Logo' is visible

2019-04-24 10:55:50 - [TEST_STEP][PASSED] - verifyElementClickable(findTestObject("GBMS Home Page Dropdowns/Assets Dropdown")): Object 'Object Repository/GBMS Home Page Dropdowns/Assets Dropdown' is clickable

2019-04-24 10:55:50 - [MESSAGE][PASSED] - Object 'Object Repository/GBMS Home Page Dropdowns/Assets Dropdown' is clickable

2019-04-24 10:55:50 - [TEST_STEP][PASSED] - click(findTestObject("GBMS Home Page Dropdowns/Assets Dropdown")): Object: 'Object Repository/GBMS Home Page Dropdowns/Assets Dropdown' is clicked on

2019-04-24 10:55:50 - [MESSAGE][PASSED] - Object: 'Object Repository/GBMS Home Page Dropdowns/Assets Dropdown' is clicked on

2019-04-24 10:55:50 - [TEST_STEP][PASSED] - verifyElementClickable(findTestObject("GBMS Home Page Dropdowns/Shop Forms Option")): Object 'Object Repository/GBMS Home Page Dropdowns/Shop Forms Option' is clickable

2019-04-24 10:55:50 - [MESSAGE][PASSED] - Object 'Object Repository/GBMS Home Page Dropdowns/Shop Forms Option' is clickable

2019-04-24 10:55:50 - [TEST_STEP][PASSED] - click(findTestObject("GBMS Home Page Dropdowns/Shop Forms Option")): Object: 'Object Repository/GBMS Home Page Dropdowns/Shop Forms Option' is clicked on

2019-04-24 10:55:51 - [MESSAGE][PASSED] - Object: 'Object Repository/GBMS Home Page Dropdowns/Shop Forms Option' is clicked on

2019-04-24 10:55:51 - [TEST_STEP][PASSED] - waitForPageLoad(0): Wait for page load successfully

2019-04-24 10:55:51 - [MESSAGE][WARNING] - Timeout '0' is invalid. Using default page load timeout: '30'

2019-04-24 10:55:51 - [MESSAGE][PASSED] - Wait for page load successfully

2019-04-24 10:55:51 - [TEST_STEP][PASSED] - verifyElementVisible(findTestObject("Shop Reference Documents/Shop Reference Documents")): Object 'Object Repository/Shop Reference Documents/Shop Reference Documents' is visible

2019-04-24 10:55:51 - [MESSAGE][PASSED] - Object 'Object Repository/Shop Reference Documents/Shop Reference Documents' is visible

2019-04-24 10:55:51 - [TEST_STEP][PASSED] - back(): Navigate back successfully

2019-04-24 10:55:52 - [MESSAGE][PASSED] - Navigate back successfully

2019-04-24 10:55:52 - [TEST_STEP][PASSED] - waitForPageLoad(0): Wait for page load successfully

2019-04-24 10:55:52 - [MESSAGE][WARNING] - Timeout '0' is invalid. Using default page load timeout: '30'

2019-04-24 10:55:52 - [MESSAGE][PASSED] - Wait for page load successfully

2019-04-24 10:55:52 - [TEST_STEP][PASSED] - verifyElementVisible(findTestObject("GBMS Home Page/GBX Logo")): Object 'Object Repository/GBMS Home Page/GBX Logo' is visible

2019-04-24 10:55:52 - [MESSAGE][PASSED] - Object 'Object Repository/GBMS Home Page/GBX Logo' is visible

2019-04-24 10:55:52 - [TEST_STEP][PASSED] - closeBrowser(): Browser is closed

2019-04-24 10:55:52 - [MESSAGE][PASSED] - Browser is closed]]></system-out>
         <system-err><![CDATA[]]></system-err>
      </testcase>
      <testcase name="Test Cases/ScreenCrawl/ScreenCrawlCarHire" classname="Test Cases/ScreenCrawl/ScreenCrawlCarHire" status="PASSED">
         <system-out><![CDATA[2019-04-24 10:55:55 - [TEST_CASE][PASSED] - Test Cases/ScreenCrawl/ScreenCrawlCarHire: Test Cases/ScreenCrawl/ScreenCrawlCarHire

2019-04-24 10:55:55 - [TEST_STEP][PASSED] - openBrowser(""): Browser is opened with url: ''

2019-04-24 10:55:55 - [MESSAGE][INFO] - Starting 'Chrome' driver

2019-04-24 10:55:58 - [MESSAGE][PASSED] - Browser is opened with url: ''

2019-04-24 10:55:58 - [TEST_STEP][PASSED] - deleteAllCookies(): Delete all cookies successfully

2019-04-24 10:55:59 - [MESSAGE][PASSED] - Delete all cookies successfully

2019-04-24 10:55:59 - [TEST_STEP][PASSED] - maximizeWindow(): Current window maximized

2019-04-24 10:56:00 - [MESSAGE][PASSED] - Current window maximized

2019-04-24 10:56:00 - [TEST_STEP][PASSED] - navigateToUrl("http://enspire-qa.gbrx.com/"): Navigate to 'http://enspire-qa.gbrx.com/' successfully

2019-04-24 10:56:01 - [MESSAGE][PASSED] - Navigate to 'http://enspire-qa.gbrx.com/' successfully

2019-04-24 10:56:01 - [TEST_STEP][PASSED] - waitForPageLoad(0): Wait for page load successfully

2019-04-24 10:56:01 - [MESSAGE][WARNING] - Timeout '0' is invalid. Using default page load timeout: '30'

2019-04-24 10:56:01 - [MESSAGE][PASSED] - Wait for page load successfully

2019-04-24 10:56:01 - [TEST_STEP][PASSED] - sendKeys(findTestObject("Login Page/Username Field"), ScreenCrawlUser): Keys 'GMS/ScreenCrawlAllRoles' sent to object: 'Object Repository/Login Page/Username Field'

2019-04-24 10:56:01 - [MESSAGE][PASSED] - Keys 'GMS/ScreenCrawlAllRoles' sent to object: 'Object Repository/Login Page/Username Field'

2019-04-24 10:56:01 - [TEST_STEP][PASSED] - sendKeys(findTestObject("Login Page/Password Field"), ScreenCrawlPass): Keys '123456789' sent to object: 'Object Repository/Login Page/Password Field'

2019-04-24 10:56:02 - [MESSAGE][PASSED] - Keys '123456789' sent to object: 'Object Repository/Login Page/Password Field'

2019-04-24 10:56:02 - [TEST_STEP][PASSED] - click(findTestObject("Login Page/Login Button")): Object: 'Object Repository/Login Page/Login Button' is clicked on

2019-04-24 10:56:04 - [MESSAGE][PASSED] - Object: 'Object Repository/Login Page/Login Button' is clicked on

2019-04-24 10:56:04 - [TEST_STEP][PASSED] - waitForPageLoad(0): Wait for page load successfully

2019-04-24 10:56:04 - [MESSAGE][WARNING] - Timeout '0' is invalid. Using default page load timeout: '30'

2019-04-24 10:56:04 - [MESSAGE][PASSED] - Wait for page load successfully

2019-04-24 10:56:04 - [TEST_STEP][PASSED] - verifyElementVisible(findTestObject("GBMS Home Page/GBX Logo")): Object 'Object Repository/GBMS Home Page/GBX Logo' is visible

2019-04-24 10:56:04 - [MESSAGE][PASSED] - Object 'Object Repository/GBMS Home Page/GBX Logo' is visible

2019-04-24 10:56:04 - [TEST_STEP][NOT_RUN] - click(findTestObject("GBMS Home Page/button_Payables")): NOT_RUN: click(findTestObject("GBMS Home Page/button_Payables"))

2019-04-24 10:56:04 - [MESSAGE][NOT_RUN] - NOT_RUN: click(findTestObject("GBMS Home Page/button_Payables"))

2019-04-24 10:56:04 - [TEST_STEP][NOT_RUN] - waitForPageLoad(0): NOT_RUN: waitForPageLoad(0)

2019-04-24 10:56:04 - [MESSAGE][NOT_RUN] - NOT_RUN: waitForPageLoad(0)

2019-04-24 10:56:04 - [TEST_STEP][NOT_RUN] - switchToWindowTitle("cc.gbrx.com"): NOT_RUN: switchToWindowTitle("cc.gbrx.com")

2019-04-24 10:56:04 - [MESSAGE][NOT_RUN] - NOT_RUN: switchToWindowTitle("cc.gbrx.com")

2019-04-24 10:56:04 - [TEST_STEP][NOT_RUN] - delay(3): NOT_RUN: delay(3)

2019-04-24 10:56:04 - [MESSAGE][NOT_RUN] - NOT_RUN: delay(3)

2019-04-24 10:56:04 - [TEST_STEP][NOT_RUN] - back(): NOT_RUN: back()

2019-04-24 10:56:04 - [MESSAGE][NOT_RUN] - NOT_RUN: back()

2019-04-24 10:56:04 - [TEST_STEP][NOT_RUN] - waitForPageLoad(0): NOT_RUN: waitForPageLoad(0)

2019-04-24 10:56:04 - [MESSAGE][NOT_RUN] - NOT_RUN: waitForPageLoad(0)

2019-04-24 10:56:04 - [TEST_STEP][NOT_RUN] - verifyElementVisible(findTestObject("GBMS Home Page/GBX Logo")): NOT_RUN: verifyElementVisible(findTestObject("GBMS Home Page/GBX Logo"))

2019-04-24 10:56:04 - [MESSAGE][NOT_RUN] - NOT_RUN: verifyElementVisible(findTestObject("GBMS Home Page/GBX Logo"))

2019-04-24 10:56:04 - [TEST_STEP][PASSED] - verifyElementClickable(findTestObject("GBMS Home Page/button_Reclaim Validation")): Object 'Object Repository/GBMS Home Page/button_Reclaim Validation' is clickable

2019-04-24 10:56:04 - [MESSAGE][PASSED] - Object 'Object Repository/GBMS Home Page/button_Reclaim Validation' is clickable

2019-04-24 10:56:04 - [TEST_STEP][PASSED] - click(findTestObject("GBMS Home Page/button_Reclaim Validation")): Object: 'Object Repository/GBMS Home Page/button_Reclaim Validation' is clicked on

2019-04-24 10:56:11 - [MESSAGE][PASSED] - Object: 'Object Repository/GBMS Home Page/button_Reclaim Validation' is clicked on

2019-04-24 10:56:11 - [TEST_STEP][PASSED] - waitForPageLoad(0): Wait for page load successfully

2019-04-24 10:56:11 - [MESSAGE][WARNING] - Timeout '0' is invalid. Using default page load timeout: '30'

2019-04-24 10:56:11 - [MESSAGE][PASSED] - Wait for page load successfully

2019-04-24 10:56:11 - [TEST_STEP][PASSED] - waitForElementVisible(findTestObject("Object Repository/Reclaim Validation Candidate Dashboard/Search Section"), 0): Object 'Object Repository/Reclaim Validation Candidate Dashboard/Search Section' is visible

2019-04-24 10:56:11 - [MESSAGE][WARNING] - Timeout '0' is invalid. Using default page load timeout: '30'

2019-04-24 10:56:11 - [MESSAGE][PASSED] - Object 'Object Repository/Reclaim Validation Candidate Dashboard/Search Section' is visible

2019-04-24 10:56:11 - [TEST_STEP][PASSED] - back(): Navigate back successfully

2019-04-24 10:56:11 - [MESSAGE][PASSED] - Navigate back successfully

2019-04-24 10:56:11 - [TEST_STEP][PASSED] - waitForPageLoad(0): Wait for page load successfully

2019-04-24 10:56:11 - [MESSAGE][WARNING] - Timeout '0' is invalid. Using default page load timeout: '30'

2019-04-24 10:56:11 - [MESSAGE][PASSED] - Wait for page load successfully

2019-04-24 10:56:11 - [TEST_STEP][PASSED] - verifyElementVisible(findTestObject("GBMS Home Page/GBX Logo")): Object 'Object Repository/GBMS Home Page/GBX Logo' is visible

2019-04-24 10:56:11 - [MESSAGE][PASSED] - Object 'Object Repository/GBMS Home Page/GBX Logo' is visible

2019-04-24 10:56:11 - [TEST_STEP][PASSED] - click(findTestObject("GBMS Home Page/button_Reporting Dashboard")): Object: 'Object Repository/GBMS Home Page/button_Reporting Dashboard' is clicked on

2019-04-24 10:56:12 - [MESSAGE][PASSED] - Object: 'Object Repository/GBMS Home Page/button_Reporting Dashboard' is clicked on

2019-04-24 10:56:12 - [TEST_STEP][PASSED] - waitForPageLoad(0): Wait for page load successfully

2019-04-24 10:56:12 - [MESSAGE][WARNING] - Timeout '0' is invalid. Using default page load timeout: '30'

2019-04-24 10:56:12 - [MESSAGE][PASSED] - Wait for page load successfully

2019-04-24 10:56:12 - [TEST_STEP][PASSED] - waitForElementVisible(findTestObject("Object Repository/Reporting Dashboard/Report Parameters"), 0): Object 'Object Repository/Reporting Dashboard/Report Parameters' is visible

2019-04-24 10:56:12 - [MESSAGE][WARNING] - Timeout '0' is invalid. Using default page load timeout: '30'

2019-04-24 10:56:12 - [MESSAGE][PASSED] - Object 'Object Repository/Reporting Dashboard/Report Parameters' is visible

2019-04-24 10:56:12 - [TEST_STEP][PASSED] - back(): Navigate back successfully

2019-04-24 10:56:12 - [MESSAGE][PASSED] - Navigate back successfully

2019-04-24 10:56:12 - [TEST_STEP][PASSED] - waitForPageLoad(0): Wait for page load successfully

2019-04-24 10:56:12 - [MESSAGE][WARNING] - Timeout '0' is invalid. Using default page load timeout: '30'

2019-04-24 10:56:12 - [MESSAGE][PASSED] - Wait for page load successfully

2019-04-24 10:56:12 - [TEST_STEP][PASSED] - verifyElementVisible(findTestObject("GBMS Home Page/GBX Logo")): Object 'Object Repository/GBMS Home Page/GBX Logo' is visible

2019-04-24 10:56:12 - [MESSAGE][PASSED] - Object 'Object Repository/GBMS Home Page/GBX Logo' is visible

2019-04-24 10:56:12 - [TEST_STEP][PASSED] - click(findTestObject("GBMS Home Page/button_Claims Management")): Object: 'Object Repository/GBMS Home Page/button_Claims Management' is clicked on

2019-04-24 10:56:16 - [MESSAGE][PASSED] - Object: 'Object Repository/GBMS Home Page/button_Claims Management' is clicked on

2019-04-24 10:56:16 - [TEST_STEP][PASSED] - waitForPageLoad(0): Wait for page load successfully

2019-04-24 10:56:16 - [MESSAGE][WARNING] - Timeout '0' is invalid. Using default page load timeout: '30'

2019-04-24 10:56:16 - [MESSAGE][PASSED] - Wait for page load successfully

2019-04-24 10:56:16 - [TEST_STEP][PASSED] - waitForElementVisible(findTestObject("Object Repository/Process Claims/Search Parameters"), 0): Object 'Object Repository/Process Claims/Search Parameters' is visible

2019-04-24 10:56:16 - [MESSAGE][WARNING] - Timeout '0' is invalid. Using default page load timeout: '30'

2019-04-24 10:56:16 - [MESSAGE][PASSED] - Object 'Object Repository/Process Claims/Search Parameters' is visible

2019-04-24 10:56:16 - [TEST_STEP][PASSED] - waitForElementVisible(findTestObject("Object Repository/Process Claims/ReceiptReporting Dates"), 0): Object 'Object Repository/Process Claims/ReceiptReporting Dates' is visible

2019-04-24 10:56:16 - [MESSAGE][WARNING] - Timeout '0' is invalid. Using default page load timeout: '30'

2019-04-24 10:56:17 - [MESSAGE][PASSED] - Object 'Object Repository/Process Claims/ReceiptReporting Dates' is visible

2019-04-24 10:56:17 - [TEST_STEP][PASSED] - waitForElementVisible(findTestObject("Object Repository/Process Claims/Claim Search Results"), 0): Object 'Object Repository/Process Claims/Claim Search Results' is visible

2019-04-24 10:56:17 - [MESSAGE][WARNING] - Timeout '0' is invalid. Using default page load timeout: '30'

2019-04-24 10:56:17 - [MESSAGE][PASSED] - Object 'Object Repository/Process Claims/Claim Search Results' is visible

2019-04-24 10:56:17 - [TEST_STEP][PASSED] - back(): Navigate back successfully

2019-04-24 10:56:17 - [MESSAGE][PASSED] - Navigate back successfully

2019-04-24 10:56:17 - [TEST_STEP][PASSED] - waitForPageLoad(0): Wait for page load successfully

2019-04-24 10:56:17 - [MESSAGE][WARNING] - Timeout '0' is invalid. Using default page load timeout: '30'

2019-04-24 10:56:17 - [MESSAGE][PASSED] - Wait for page load successfully

2019-04-24 10:56:17 - [TEST_STEP][PASSED] - verifyElementVisible(findTestObject("GBMS Home Page/GBX Logo")): Object 'Object Repository/GBMS Home Page/GBX Logo' is visible

2019-04-24 10:56:17 - [MESSAGE][PASSED] - Object 'Object Repository/GBMS Home Page/GBX Logo' is visible

2019-04-24 10:56:17 - [TEST_STEP][PASSED] - closeBrowser(): Browser is closed

2019-04-24 10:56:18 - [MESSAGE][PASSED] - Browser is closed]]></system-out>
         <system-err><![CDATA[]]></system-err>
      </testcase>
      <testcase name="Test Cases/ScreenCrawl/ScreenCrawlClaimsDropdown" classname="Test Cases/ScreenCrawl/ScreenCrawlClaimsDropdown" status="PASSED">
         <system-out><![CDATA[2019-04-24 10:56:20 - [TEST_CASE][PASSED] - Test Cases/ScreenCrawl/ScreenCrawlClaimsDropdown: Test Cases/ScreenCrawl/ScreenCrawlClaimsDropdown

2019-04-24 10:56:20 - [TEST_STEP][PASSED] - openBrowser(""): Browser is opened with url: ''

2019-04-24 10:56:20 - [MESSAGE][INFO] - Starting 'Chrome' driver

2019-04-24 10:56:23 - [MESSAGE][PASSED] - Browser is opened with url: ''

2019-04-24 10:56:23 - [TEST_STEP][PASSED] - deleteAllCookies(): Delete all cookies successfully

2019-04-24 10:56:24 - [MESSAGE][PASSED] - Delete all cookies successfully

2019-04-24 10:56:24 - [TEST_STEP][PASSED] - maximizeWindow(): Current window maximized

2019-04-24 10:56:25 - [MESSAGE][PASSED] - Current window maximized

2019-04-24 10:56:25 - [TEST_STEP][PASSED] - navigateToUrl("http://enspire-qa.gbrx.com/"): Navigate to 'http://enspire-qa.gbrx.com/' successfully

2019-04-24 10:56:27 - [MESSAGE][PASSED] - Navigate to 'http://enspire-qa.gbrx.com/' successfully

2019-04-24 10:56:27 - [TEST_STEP][PASSED] - waitForPageLoad(0): Wait for page load successfully

2019-04-24 10:56:27 - [MESSAGE][WARNING] - Timeout '0' is invalid. Using default page load timeout: '30'

2019-04-24 10:56:27 - [MESSAGE][PASSED] - Wait for page load successfully

2019-04-24 10:56:27 - [TEST_STEP][PASSED] - sendKeys(findTestObject("Login Page/Username Field"), ScreenCrawlUser): Keys 'GMS/ScreenCrawlAllRoles' sent to object: 'Object Repository/Login Page/Username Field'

2019-04-24 10:56:27 - [MESSAGE][PASSED] - Keys 'GMS/ScreenCrawlAllRoles' sent to object: 'Object Repository/Login Page/Username Field'

2019-04-24 10:56:27 - [TEST_STEP][PASSED] - sendKeys(findTestObject("Login Page/Password Field"), ScreenCrawlPass): Keys '123456789' sent to object: 'Object Repository/Login Page/Password Field'

2019-04-24 10:56:27 - [MESSAGE][PASSED] - Keys '123456789' sent to object: 'Object Repository/Login Page/Password Field'

2019-04-24 10:56:27 - [TEST_STEP][PASSED] - click(findTestObject("Login Page/Login Button")): Object: 'Object Repository/Login Page/Login Button' is clicked on

2019-04-24 10:56:28 - [MESSAGE][PASSED] - Object: 'Object Repository/Login Page/Login Button' is clicked on

2019-04-24 10:56:28 - [TEST_STEP][PASSED] - waitForPageLoad(0): Wait for page load successfully

2019-04-24 10:56:28 - [MESSAGE][WARNING] - Timeout '0' is invalid. Using default page load timeout: '30'

2019-04-24 10:56:28 - [MESSAGE][PASSED] - Wait for page load successfully

2019-04-24 10:56:28 - [TEST_STEP][PASSED] - verifyElementVisible(findTestObject("GBMS Home Page/GBX Logo")): Object 'Object Repository/GBMS Home Page/GBX Logo' is visible

2019-04-24 10:56:28 - [MESSAGE][PASSED] - Object 'Object Repository/GBMS Home Page/GBX Logo' is visible

2019-04-24 10:56:28 - [TEST_STEP][PASSED] - verifyElementClickable(findTestObject("Object Repository/GBMS Home Page Dropdowns/Claims Dropdown")): Object 'Object Repository/GBMS Home Page Dropdowns/Claims Dropdown' is clickable

2019-04-24 10:56:28 - [MESSAGE][PASSED] - Object 'Object Repository/GBMS Home Page Dropdowns/Claims Dropdown' is clickable

2019-04-24 10:56:28 - [TEST_STEP][PASSED] - click(findTestObject("Object Repository/GBMS Home Page Dropdowns/Claims Dropdown")): Object: 'Object Repository/GBMS Home Page Dropdowns/Claims Dropdown' is clicked on

2019-04-24 10:56:28 - [MESSAGE][PASSED] - Object: 'Object Repository/GBMS Home Page Dropdowns/Claims Dropdown' is clicked on

2019-04-24 10:56:28 - [TEST_STEP][PASSED] - verifyElementClickable(findTestObject("Object Repository/GBMS Home Page Dropdowns/Process Claims Dropdown Option")): Object 'Object Repository/GBMS Home Page Dropdowns/Process Claims Dropdown Option' is clickable

2019-04-24 10:56:28 - [MESSAGE][PASSED] - Object 'Object Repository/GBMS Home Page Dropdowns/Process Claims Dropdown Option' is clickable

2019-04-24 10:56:28 - [TEST_STEP][PASSED] - click(findTestObject("Object Repository/GBMS Home Page Dropdowns/Process Claims Dropdown Option")): Object: 'Object Repository/GBMS Home Page Dropdowns/Process Claims Dropdown Option' is clicked on

2019-04-24 10:56:28 - [MESSAGE][PASSED] - Object: 'Object Repository/GBMS Home Page Dropdowns/Process Claims Dropdown Option' is clicked on

2019-04-24 10:56:28 - [TEST_STEP][PASSED] - waitForPageLoad(0): Wait for page load successfully

2019-04-24 10:56:28 - [MESSAGE][WARNING] - Timeout '0' is invalid. Using default page load timeout: '30'

2019-04-24 10:56:28 - [MESSAGE][PASSED] - Wait for page load successfully

2019-04-24 10:56:28 - [TEST_STEP][PASSED] - verifyElementVisible(findTestObject("Process Claims/Search Parameters")): Object 'Object Repository/Process Claims/Search Parameters' is visible

2019-04-24 10:56:28 - [MESSAGE][PASSED] - Object 'Object Repository/Process Claims/Search Parameters' is visible

2019-04-24 10:56:28 - [TEST_STEP][PASSED] - verifyElementVisible(findTestObject("Process Claims/ReceiptReporting Dates")): Object 'Object Repository/Process Claims/ReceiptReporting Dates' is visible

2019-04-24 10:56:28 - [MESSAGE][PASSED] - Object 'Object Repository/Process Claims/ReceiptReporting Dates' is visible

2019-04-24 10:56:28 - [TEST_STEP][PASSED] - verifyElementVisible(findTestObject("Process Claims/Claim Search Results")): Object 'Object Repository/Process Claims/Claim Search Results' is visible

2019-04-24 10:56:28 - [MESSAGE][PASSED] - Object 'Object Repository/Process Claims/Claim Search Results' is visible

2019-04-24 10:56:28 - [TEST_STEP][PASSED] - back(): Navigate back successfully

2019-04-24 10:56:29 - [MESSAGE][PASSED] - Navigate back successfully

2019-04-24 10:56:29 - [TEST_STEP][PASSED] - waitForPageLoad(0): Wait for page load successfully

2019-04-24 10:56:29 - [MESSAGE][WARNING] - Timeout '0' is invalid. Using default page load timeout: '30'

2019-04-24 10:56:29 - [MESSAGE][PASSED] - Wait for page load successfully

2019-04-24 10:56:29 - [TEST_STEP][PASSED] - verifyElementVisible(findTestObject("GBMS Home Page/GBX Logo")): Object 'Object Repository/GBMS Home Page/GBX Logo' is visible

2019-04-24 10:56:29 - [MESSAGE][PASSED] - Object 'Object Repository/GBMS Home Page/GBX Logo' is visible

2019-04-24 10:56:29 - [TEST_STEP][PASSED] - verifyElementClickable(findTestObject("GBMS Home Page Dropdowns/Claims Dropdown")): Object 'Object Repository/GBMS Home Page Dropdowns/Claims Dropdown' is clickable

2019-04-24 10:56:29 - [MESSAGE][PASSED] - Object 'Object Repository/GBMS Home Page Dropdowns/Claims Dropdown' is clickable

2019-04-24 10:56:29 - [TEST_STEP][PASSED] - click(findTestObject("GBMS Home Page Dropdowns/Claims Dropdown")): Object: 'Object Repository/GBMS Home Page Dropdowns/Claims Dropdown' is clicked on

2019-04-24 10:56:29 - [MESSAGE][PASSED] - Object: 'Object Repository/GBMS Home Page Dropdowns/Claims Dropdown' is clicked on

2019-04-24 10:56:29 - [TEST_STEP][PASSED] - verifyElementClickable(findTestObject("Object Repository/GBMS Home Page Dropdowns/Reconcile Pay Dropdown Option")): Object 'Object Repository/GBMS Home Page Dropdowns/Reconcile Pay Dropdown Option' is clickable

2019-04-24 10:56:29 - [MESSAGE][PASSED] - Object 'Object Repository/GBMS Home Page Dropdowns/Reconcile Pay Dropdown Option' is clickable

2019-04-24 10:56:29 - [TEST_STEP][PASSED] - click(findTestObject("Object Repository/GBMS Home Page Dropdowns/Reconcile Pay Dropdown Option")): Object: 'Object Repository/GBMS Home Page Dropdowns/Reconcile Pay Dropdown Option' is clicked on

2019-04-24 10:56:29 - [MESSAGE][PASSED] - Object: 'Object Repository/GBMS Home Page Dropdowns/Reconcile Pay Dropdown Option' is clicked on

2019-04-24 10:56:29 - [TEST_STEP][PASSED] - waitForPageLoad(0): Wait for page load successfully

2019-04-24 10:56:29 - [MESSAGE][WARNING] - Timeout '0' is invalid. Using default page load timeout: '30'

2019-04-24 10:56:29 - [MESSAGE][PASSED] - Wait for page load successfully

2019-04-24 10:56:29 - [TEST_STEP][PASSED] - verifyElementVisible(findTestObject("Object Repository/Reconcile Claims/Reconcile Claims")): Object 'Object Repository/Reconcile Claims/Reconcile Claims' is visible

2019-04-24 10:56:29 - [MESSAGE][PASSED] - Object 'Object Repository/Reconcile Claims/Reconcile Claims' is visible

2019-04-24 10:56:29 - [TEST_STEP][PASSED] - back(): Navigate back successfully

2019-04-24 10:56:29 - [MESSAGE][PASSED] - Navigate back successfully

2019-04-24 10:56:29 - [TEST_STEP][PASSED] - waitForPageLoad(0): Wait for page load successfully

2019-04-24 10:56:29 - [MESSAGE][WARNING] - Timeout '0' is invalid. Using default page load timeout: '30'

2019-04-24 10:56:29 - [MESSAGE][PASSED] - Wait for page load successfully

2019-04-24 10:56:29 - [TEST_STEP][PASSED] - verifyElementVisible(findTestObject("GBMS Home Page/GBX Logo")): Object 'Object Repository/GBMS Home Page/GBX Logo' is visible

2019-04-24 10:56:29 - [MESSAGE][PASSED] - Object 'Object Repository/GBMS Home Page/GBX Logo' is visible

2019-04-24 10:56:29 - [TEST_STEP][PASSED] - verifyElementClickable(findTestObject("GBMS Home Page Dropdowns/Claims Dropdown")): Object 'Object Repository/GBMS Home Page Dropdowns/Claims Dropdown' is clickable

2019-04-24 10:56:29 - [MESSAGE][PASSED] - Object 'Object Repository/GBMS Home Page Dropdowns/Claims Dropdown' is clickable

2019-04-24 10:56:29 - [TEST_STEP][PASSED] - click(findTestObject("GBMS Home Page Dropdowns/Claims Dropdown")): Object: 'Object Repository/GBMS Home Page Dropdowns/Claims Dropdown' is clicked on

2019-04-24 10:56:29 - [MESSAGE][PASSED] - Object: 'Object Repository/GBMS Home Page Dropdowns/Claims Dropdown' is clicked on

2019-04-24 10:56:29 - [TEST_STEP][PASSED] - verifyElementClickable(findTestObject("Object Repository/GBMS Home Page Dropdowns/Work Time Claims Dropdown Option")): Object 'Object Repository/GBMS Home Page Dropdowns/Work Time Claims Dropdown Option' is clickable

2019-04-24 10:56:29 - [MESSAGE][PASSED] - Object 'Object Repository/GBMS Home Page Dropdowns/Work Time Claims Dropdown Option' is clickable

2019-04-24 10:56:29 - [TEST_STEP][PASSED] - click(findTestObject("Object Repository/GBMS Home Page Dropdowns/Work Time Claims Dropdown Option")): Object: 'Object Repository/GBMS Home Page Dropdowns/Work Time Claims Dropdown Option' is clicked on

2019-04-24 10:56:30 - [MESSAGE][PASSED] - Object: 'Object Repository/GBMS Home Page Dropdowns/Work Time Claims Dropdown Option' is clicked on

2019-04-24 10:56:30 - [TEST_STEP][PASSED] - waitForPageLoad(0): Wait for page load successfully

2019-04-24 10:56:30 - [MESSAGE][WARNING] - Timeout '0' is invalid. Using default page load timeout: '30'

2019-04-24 10:56:30 - [MESSAGE][PASSED] - Wait for page load successfully

2019-04-24 10:56:30 - [TEST_STEP][PASSED] - verifyElementVisible(findTestObject("Object Repository/Working Time Claims/Search Parameters")): Object 'Object Repository/Working Time Claims/Search Parameters' is visible

2019-04-24 10:56:30 - [MESSAGE][PASSED] - Object 'Object Repository/Working Time Claims/Search Parameters' is visible

2019-04-24 10:56:30 - [TEST_STEP][PASSED] - back(): Navigate back successfully

2019-04-24 10:56:30 - [MESSAGE][PASSED] - Navigate back successfully

2019-04-24 10:56:30 - [TEST_STEP][PASSED] - waitForPageLoad(0): Wait for page load successfully

2019-04-24 10:56:30 - [MESSAGE][WARNING] - Timeout '0' is invalid. Using default page load timeout: '30'

2019-04-24 10:56:30 - [MESSAGE][PASSED] - Wait for page load successfully

2019-04-24 10:56:30 - [TEST_STEP][PASSED] - verifyElementVisible(findTestObject("GBMS Home Page/GBX Logo")): Object 'Object Repository/GBMS Home Page/GBX Logo' is visible

2019-04-24 10:56:30 - [MESSAGE][PASSED] - Object 'Object Repository/GBMS Home Page/GBX Logo' is visible

2019-04-24 10:56:30 - [TEST_STEP][PASSED] - closeBrowser(): Browser is closed

2019-04-24 10:56:31 - [MESSAGE][PASSED] - Browser is closed]]></system-out>
         <system-err><![CDATA[]]></system-err>
      </testcase>
      <testcase name="Test Cases/ScreenCrawl/ScreenCrawlCounterClaimsDropdown" classname="Test Cases/ScreenCrawl/ScreenCrawlCounterClaimsDropdown" status="PASSED">
         <system-out><![CDATA[2019-04-24 10:56:33 - [TEST_CASE][PASSED] - Test Cases/ScreenCrawl/ScreenCrawlCounterClaimsDropdown: Test Cases/ScreenCrawl/ScreenCrawlCounterClaimsDropdown

2019-04-24 10:56:33 - [TEST_STEP][PASSED] - openBrowser(""): Browser is opened with url: ''

2019-04-24 10:56:33 - [MESSAGE][INFO] - Starting 'Chrome' driver

2019-04-24 10:56:36 - [MESSAGE][PASSED] - Browser is opened with url: ''

2019-04-24 10:56:36 - [TEST_STEP][PASSED] - deleteAllCookies(): Delete all cookies successfully

2019-04-24 10:56:37 - [MESSAGE][PASSED] - Delete all cookies successfully

2019-04-24 10:56:37 - [TEST_STEP][PASSED] - maximizeWindow(): Current window maximized

2019-04-24 10:56:38 - [MESSAGE][PASSED] - Current window maximized

2019-04-24 10:56:38 - [TEST_STEP][PASSED] - navigateToUrl("http://enspire-qa.gbrx.com/"): Navigate to 'http://enspire-qa.gbrx.com/' successfully

2019-04-24 10:56:39 - [MESSAGE][PASSED] - Navigate to 'http://enspire-qa.gbrx.com/' successfully

2019-04-24 10:56:39 - [TEST_STEP][PASSED] - waitForPageLoad(0): Wait for page load successfully

2019-04-24 10:56:39 - [MESSAGE][WARNING] - Timeout '0' is invalid. Using default page load timeout: '30'

2019-04-24 10:56:39 - [MESSAGE][PASSED] - Wait for page load successfully

2019-04-24 10:56:39 - [TEST_STEP][PASSED] - sendKeys(findTestObject("Login Page/Username Field"), ScreenCrawlUser): Keys 'GMS/ScreenCrawlAllRoles' sent to object: 'Object Repository/Login Page/Username Field'

2019-04-24 10:56:39 - [MESSAGE][PASSED] - Keys 'GMS/ScreenCrawlAllRoles' sent to object: 'Object Repository/Login Page/Username Field'

2019-04-24 10:56:39 - [TEST_STEP][PASSED] - sendKeys(findTestObject("Login Page/Password Field"), ScreenCrawlPass): Keys '123456789' sent to object: 'Object Repository/Login Page/Password Field'

2019-04-24 10:56:39 - [MESSAGE][PASSED] - Keys '123456789' sent to object: 'Object Repository/Login Page/Password Field'

2019-04-24 10:56:39 - [TEST_STEP][PASSED] - click(findTestObject("Login Page/Login Button")): Object: 'Object Repository/Login Page/Login Button' is clicked on

2019-04-24 10:56:40 - [MESSAGE][PASSED] - Object: 'Object Repository/Login Page/Login Button' is clicked on

2019-04-24 10:56:40 - [TEST_STEP][PASSED] - waitForPageLoad(0): Wait for page load successfully

2019-04-24 10:56:40 - [MESSAGE][WARNING] - Timeout '0' is invalid. Using default page load timeout: '30'

2019-04-24 10:56:40 - [MESSAGE][PASSED] - Wait for page load successfully

2019-04-24 10:56:40 - [TEST_STEP][PASSED] - verifyElementVisible(findTestObject("GBMS Home Page/GBX Logo")): Object 'Object Repository/GBMS Home Page/GBX Logo' is visible

2019-04-24 10:56:40 - [MESSAGE][PASSED] - Object 'Object Repository/GBMS Home Page/GBX Logo' is visible

2019-04-24 10:56:40 - [TEST_STEP][PASSED] - verifyElementClickable(findTestObject("Object Repository/GBMS Home Page Dropdowns/Counter Reclaims Dropdown")): Object 'Object Repository/GBMS Home Page Dropdowns/Counter Reclaims Dropdown' is clickable

2019-04-24 10:56:41 - [MESSAGE][PASSED] - Object 'Object Repository/GBMS Home Page Dropdowns/Counter Reclaims Dropdown' is clickable

2019-04-24 10:56:41 - [TEST_STEP][PASSED] - click(findTestObject("Object Repository/GBMS Home Page Dropdowns/Counter Reclaims Dropdown")): Object: 'Object Repository/GBMS Home Page Dropdowns/Counter Reclaims Dropdown' is clicked on

2019-04-24 10:56:41 - [MESSAGE][PASSED] - Object: 'Object Repository/GBMS Home Page Dropdowns/Counter Reclaims Dropdown' is clicked on

2019-04-24 10:56:41 - [TEST_STEP][PASSED] - verifyElementClickable(findTestObject("Object Repository/GBMS Home Page Dropdowns/Manage Counter Reclaims Dropdown Option")): Object 'Object Repository/GBMS Home Page Dropdowns/Manage Counter Reclaims Dropdown Option' is clickable

2019-04-24 10:56:41 - [MESSAGE][PASSED] - Object 'Object Repository/GBMS Home Page Dropdowns/Manage Counter Reclaims Dropdown Option' is clickable

2019-04-24 10:56:41 - [TEST_STEP][PASSED] - click(findTestObject("Object Repository/GBMS Home Page Dropdowns/Manage Counter Reclaims Dropdown Option")): Object: 'Object Repository/GBMS Home Page Dropdowns/Manage Counter Reclaims Dropdown Option' is clicked on

2019-04-24 10:56:41 - [MESSAGE][PASSED] - Object: 'Object Repository/GBMS Home Page Dropdowns/Manage Counter Reclaims Dropdown Option' is clicked on

2019-04-24 10:56:41 - [TEST_STEP][PASSED] - waitForPageLoad(0): Wait for page load successfully

2019-04-24 10:56:41 - [MESSAGE][WARNING] - Timeout '0' is invalid. Using default page load timeout: '30'

2019-04-24 10:56:41 - [MESSAGE][PASSED] - Wait for page load successfully

2019-04-24 10:56:41 - [TEST_STEP][PASSED] - verifyElementVisible(findTestObject("Object Repository/Manage Counter Reclaims/Unprocessed Counter-Counter Reclaims")): Object 'Object Repository/Manage Counter Reclaims/Unprocessed Counter-Counter Reclaims' is visible

2019-04-24 10:56:41 - [MESSAGE][PASSED] - Object 'Object Repository/Manage Counter Reclaims/Unprocessed Counter-Counter Reclaims' is visible

2019-04-24 10:56:41 - [TEST_STEP][PASSED] - back(): Navigate back successfully

2019-04-24 10:56:42 - [MESSAGE][PASSED] - Navigate back successfully

2019-04-24 10:56:42 - [TEST_STEP][PASSED] - waitForPageLoad(0): Wait for page load successfully

2019-04-24 10:56:42 - [MESSAGE][WARNING] - Timeout '0' is invalid. Using default page load timeout: '30'

2019-04-24 10:56:42 - [MESSAGE][PASSED] - Wait for page load successfully

2019-04-24 10:56:42 - [TEST_STEP][PASSED] - verifyElementVisible(findTestObject("GBMS Home Page/GBX Logo")): Object 'Object Repository/GBMS Home Page/GBX Logo' is visible

2019-04-24 10:56:42 - [MESSAGE][PASSED] - Object 'Object Repository/GBMS Home Page/GBX Logo' is visible

2019-04-24 10:56:42 - [TEST_STEP][PASSED] - verifyElementClickable(findTestObject("GBMS Home Page Dropdowns/Counter Reclaims Dropdown")): Object 'Object Repository/GBMS Home Page Dropdowns/Counter Reclaims Dropdown' is clickable

2019-04-24 10:56:42 - [MESSAGE][PASSED] - Object 'Object Repository/GBMS Home Page Dropdowns/Counter Reclaims Dropdown' is clickable

2019-04-24 10:56:42 - [TEST_STEP][PASSED] - click(findTestObject("GBMS Home Page Dropdowns/Counter Reclaims Dropdown")): Object: 'Object Repository/GBMS Home Page Dropdowns/Counter Reclaims Dropdown' is clicked on

2019-04-24 10:56:42 - [MESSAGE][PASSED] - Object: 'Object Repository/GBMS Home Page Dropdowns/Counter Reclaims Dropdown' is clicked on

2019-04-24 10:56:42 - [TEST_STEP][PASSED] - verifyElementClickable(findTestObject("Object Repository/GBMS Home Page Dropdowns/Import Counter-Counters Dropdown Option")): Object 'Object Repository/GBMS Home Page Dropdowns/Import Counter-Counters Dropdown Option' is clickable

2019-04-24 10:56:42 - [MESSAGE][PASSED] - Object 'Object Repository/GBMS Home Page Dropdowns/Import Counter-Counters Dropdown Option' is clickable

2019-04-24 10:56:42 - [TEST_STEP][PASSED] - click(findTestObject("Object Repository/GBMS Home Page Dropdowns/Import Counter-Counters Dropdown Option")): Object: 'Object Repository/GBMS Home Page Dropdowns/Import Counter-Counters Dropdown Option' is clicked on

2019-04-24 10:56:42 - [MESSAGE][PASSED] - Object: 'Object Repository/GBMS Home Page Dropdowns/Import Counter-Counters Dropdown Option' is clicked on

2019-04-24 10:56:42 - [TEST_STEP][PASSED] - waitForPageLoad(0): Wait for page load successfully

2019-04-24 10:56:42 - [MESSAGE][WARNING] - Timeout '0' is invalid. Using default page load timeout: '30'

2019-04-24 10:56:42 - [MESSAGE][PASSED] - Wait for page load successfully

2019-04-24 10:56:42 - [TEST_STEP][PASSED] - verifyElementVisible(findTestObject("Object Repository/Import Counter-Counter/Upload Counter-Counter Reclaims")): Object 'Object Repository/Import Counter-Counter/Upload Counter-Counter Reclaims' is visible

2019-04-24 10:56:42 - [MESSAGE][PASSED] - Object 'Object Repository/Import Counter-Counter/Upload Counter-Counter Reclaims' is visible

2019-04-24 10:56:42 - [TEST_STEP][PASSED] - back(): Navigate back successfully

2019-04-24 10:56:42 - [MESSAGE][PASSED] - Navigate back successfully

2019-04-24 10:56:42 - [TEST_STEP][PASSED] - waitForPageLoad(0): Wait for page load successfully

2019-04-24 10:56:42 - [MESSAGE][WARNING] - Timeout '0' is invalid. Using default page load timeout: '30'

2019-04-24 10:56:42 - [MESSAGE][PASSED] - Wait for page load successfully

2019-04-24 10:56:42 - [TEST_STEP][PASSED] - verifyElementVisible(findTestObject("GBMS Home Page/GBX Logo")): Object 'Object Repository/GBMS Home Page/GBX Logo' is visible

2019-04-24 10:56:42 - [MESSAGE][PASSED] - Object 'Object Repository/GBMS Home Page/GBX Logo' is visible

2019-04-24 10:56:42 - [TEST_STEP][PASSED] - closeBrowser(): Browser is closed

2019-04-24 10:56:43 - [MESSAGE][PASSED] - Browser is closed]]></system-out>
         <system-err><![CDATA[]]></system-err>
      </testcase>
      <testcase name="Test Cases/ScreenCrawl/ScreenCrawlMaintinance Management" classname="Test Cases/ScreenCrawl/ScreenCrawlMaintinance Management" status="PASSED">
         <system-out><![CDATA[2019-04-24 10:56:45 - [TEST_CASE][PASSED] - Test Cases/ScreenCrawl/ScreenCrawlMaintinance Management: Test Cases/ScreenCrawl/ScreenCrawlMaintinance Management

2019-04-24 10:56:45 - [TEST_STEP][PASSED] - openBrowser(""): Browser is opened with url: ''

2019-04-24 10:56:45 - [MESSAGE][INFO] - Starting 'Chrome' driver

2019-04-24 10:56:49 - [MESSAGE][PASSED] - Browser is opened with url: ''

2019-04-24 10:56:49 - [TEST_STEP][PASSED] - deleteAllCookies(): Delete all cookies successfully

2019-04-24 10:56:49 - [MESSAGE][PASSED] - Delete all cookies successfully

2019-04-24 10:56:49 - [TEST_STEP][PASSED] - maximizeWindow(): Current window maximized

2019-04-24 10:56:50 - [MESSAGE][PASSED] - Current window maximized

2019-04-24 10:56:50 - [TEST_STEP][PASSED] - navigateToUrl("http://enspire-qa.gbrx.com/"): Navigate to 'http://enspire-qa.gbrx.com/' successfully

2019-04-24 10:56:54 - [MESSAGE][PASSED] - Navigate to 'http://enspire-qa.gbrx.com/' successfully

2019-04-24 10:56:54 - [TEST_STEP][PASSED] - waitForPageLoad(0): Wait for page load successfully

2019-04-24 10:56:54 - [MESSAGE][WARNING] - Timeout '0' is invalid. Using default page load timeout: '30'

2019-04-24 10:56:54 - [MESSAGE][PASSED] - Wait for page load successfully

2019-04-24 10:56:54 - [TEST_STEP][PASSED] - sendKeys(findTestObject("Login Page/Username Field"), ScreenCrawlUser): Keys 'GMS/ScreenCrawlAllRoles' sent to object: 'Object Repository/Login Page/Username Field'

2019-04-24 10:56:55 - [MESSAGE][PASSED] - Keys 'GMS/ScreenCrawlAllRoles' sent to object: 'Object Repository/Login Page/Username Field'

2019-04-24 10:56:55 - [TEST_STEP][PASSED] - sendKeys(findTestObject("Login Page/Password Field"), ScreenCrawlPass): Keys '123456789' sent to object: 'Object Repository/Login Page/Password Field'

2019-04-24 10:56:55 - [MESSAGE][PASSED] - Keys '123456789' sent to object: 'Object Repository/Login Page/Password Field'

2019-04-24 10:56:55 - [TEST_STEP][PASSED] - click(findTestObject("Login Page/Login Button")): Object: 'Object Repository/Login Page/Login Button' is clicked on

2019-04-24 10:56:56 - [MESSAGE][PASSED] - Object: 'Object Repository/Login Page/Login Button' is clicked on

2019-04-24 10:56:56 - [TEST_STEP][PASSED] - waitForPageLoad(0): Wait for page load successfully

2019-04-24 10:56:56 - [MESSAGE][WARNING] - Timeout '0' is invalid. Using default page load timeout: '30'

2019-04-24 10:56:56 - [MESSAGE][PASSED] - Wait for page load successfully

2019-04-24 10:56:56 - [TEST_STEP][PASSED] - verifyElementVisible(findTestObject("GBMS Home Page/Maintenance Management"), STOP_ON_FAILURE): Object 'Object Repository/GBMS Home Page/Maintenance Management' is visible

2019-04-24 10:56:56 - [MESSAGE][PASSED] - Object 'Object Repository/GBMS Home Page/Maintenance Management' is visible

2019-04-24 10:56:56 - [TEST_STEP][PASSED] - click(findTestObject("GBMS Home Page/button_Mechanical Dashboard")): Object: 'Object Repository/GBMS Home Page/button_Mechanical Dashboard' is clicked on

2019-04-24 10:57:02 - [MESSAGE][PASSED] - Object: 'Object Repository/GBMS Home Page/button_Mechanical Dashboard' is clicked on

2019-04-24 10:57:02 - [TEST_STEP][PASSED] - waitForPageLoad(0): Wait for page load successfully

2019-04-24 10:57:02 - [MESSAGE][WARNING] - Timeout '0' is invalid. Using default page load timeout: '30'

2019-04-24 10:57:02 - [MESSAGE][PASSED] - Wait for page load successfully

2019-04-24 10:57:02 - [TEST_STEP][PASSED] - verifyElementVisible(findTestObject("Mechanical Dashbord/b_Assets")): Object 'Object Repository/Mechanical Dashbord/b_Assets' is visible

2019-04-24 10:57:03 - [MESSAGE][PASSED] - Object 'Object Repository/Mechanical Dashbord/b_Assets' is visible

2019-04-24 10:57:03 - [TEST_STEP][PASSED] - verifyElementVisible(findTestObject("Mechanical Dashbord/b_Event Tracking")): Object 'Object Repository/Mechanical Dashbord/b_Event Tracking' is visible

2019-04-24 10:57:03 - [MESSAGE][PASSED] - Object 'Object Repository/Mechanical Dashbord/b_Event Tracking' is visible

2019-04-24 10:57:03 - [TEST_STEP][NOT_RUN] - verifyElementVisible(findTestObject("Mechanical Dashbord/b_Audit Tracking")): NOT_RUN: verifyElementVisible(findTestObject("Mechanical Dashbord/b_Audit Tracking"))

2019-04-24 10:57:03 - [MESSAGE][NOT_RUN] - NOT_RUN: verifyElementVisible(findTestObject("Mechanical Dashbord/b_Audit Tracking"))

2019-04-24 10:57:03 - [TEST_STEP][PASSED] - verifyElementVisible(findTestObject("Mechanical Dashbord/b_Car Events or Invoice Search")): Object 'Object Repository/Mechanical Dashbord/b_Car Events or Invoice Search' is visible

2019-04-24 10:57:03 - [MESSAGE][PASSED] - Object 'Object Repository/Mechanical Dashbord/b_Car Events or Invoice Search' is visible

2019-04-24 10:57:03 - [TEST_STEP][PASSED] - back(): Navigate back successfully

2019-04-24 10:57:03 - [MESSAGE][PASSED] - Navigate back successfully

2019-04-24 10:57:03 - [TEST_STEP][PASSED] - waitForPageLoad(0): Wait for page load successfully

2019-04-24 10:57:03 - [MESSAGE][WARNING] - Timeout '0' is invalid. Using default page load timeout: '30'

2019-04-24 10:57:03 - [MESSAGE][PASSED] - Wait for page load successfully

2019-04-24 10:57:03 - [TEST_STEP][PASSED] - verifyElementVisible(findTestObject("GBMS Home Page/Maintenance Management"), STOP_ON_FAILURE): Object 'Object Repository/GBMS Home Page/Maintenance Management' is visible

2019-04-24 10:57:03 - [MESSAGE][PASSED] - Object 'Object Repository/GBMS Home Page/Maintenance Management' is visible

2019-04-24 10:57:03 - [TEST_STEP][PASSED] - click(findTestObject("GBMS Home Page/button_Accounting Search")): Object: 'Object Repository/GBMS Home Page/button_Accounting Search' is clicked on

2019-04-24 10:57:05 - [MESSAGE][PASSED] - Object: 'Object Repository/GBMS Home Page/button_Accounting Search' is clicked on

2019-04-24 10:57:05 - [TEST_STEP][PASSED] - waitForPageLoad(0): Wait for page load successfully

2019-04-24 10:57:05 - [MESSAGE][WARNING] - Timeout '0' is invalid. Using default page load timeout: '30'

2019-04-24 10:57:05 - [MESSAGE][PASSED] - Wait for page load successfully

2019-04-24 10:57:05 - [TEST_STEP][PASSED] - verifyElementVisible(findTestObject("Accounting Search/Incoming Invoice Search Section")): Object 'Object Repository/Accounting Search/Incoming Invoice Search Section' is visible

2019-04-24 10:57:05 - [MESSAGE][PASSED] - Object 'Object Repository/Accounting Search/Incoming Invoice Search Section' is visible

2019-04-24 10:57:05 - [TEST_STEP][PASSED] - verifyElementVisible(findTestObject("Accounting Search/Asset Search Section")): Object 'Object Repository/Accounting Search/Asset Search Section' is visible

2019-04-24 10:57:05 - [MESSAGE][PASSED] - Object 'Object Repository/Accounting Search/Asset Search Section' is visible

2019-04-24 10:57:05 - [TEST_STEP][PASSED] - verifyElementVisible(findTestObject("Accounting Search/Outgoing Invoiced Search Section")): Object 'Object Repository/Accounting Search/Outgoing Invoiced Search Section' is visible

2019-04-24 10:57:05 - [MESSAGE][PASSED] - Object 'Object Repository/Accounting Search/Outgoing Invoiced Search Section' is visible

2019-04-24 10:57:05 - [TEST_STEP][PASSED] - verifyElementVisible(findTestObject("Accounting Search/Car Search Section")): Object 'Object Repository/Accounting Search/Car Search Section' is visible

2019-04-24 10:57:05 - [MESSAGE][PASSED] - Object 'Object Repository/Accounting Search/Car Search Section' is visible

2019-04-24 10:57:05 - [TEST_STEP][PASSED] - back(): Navigate back successfully

2019-04-24 10:57:05 - [MESSAGE][PASSED] - Navigate back successfully

2019-04-24 10:57:05 - [TEST_STEP][PASSED] - waitForPageLoad(0): Wait for page load successfully

2019-04-24 10:57:05 - [MESSAGE][WARNING] - Timeout '0' is invalid. Using default page load timeout: '30'

2019-04-24 10:57:05 - [MESSAGE][PASSED] - Wait for page load successfully

2019-04-24 10:57:05 - [TEST_STEP][PASSED] - verifyElementVisible(findTestObject("GBMS Home Page/Maintenance Management"), STOP_ON_FAILURE): Object 'Object Repository/GBMS Home Page/Maintenance Management' is visible

2019-04-24 10:57:05 - [MESSAGE][PASSED] - Object 'Object Repository/GBMS Home Page/Maintenance Management' is visible

2019-04-24 10:57:05 - [TEST_STEP][PASSED] - click(findTestObject("GBMS Home Page/button_Gauge Tables")): Object: 'Object Repository/GBMS Home Page/button_Gauge Tables' is clicked on

2019-04-24 10:57:06 - [MESSAGE][PASSED] - Object: 'Object Repository/GBMS Home Page/button_Gauge Tables' is clicked on

2019-04-24 10:57:06 - [TEST_STEP][PASSED] - delay(5): Delayed 5 second(s)

2019-04-24 10:57:11 - [MESSAGE][PASSED] - Delayed 5 second(s)

2019-04-24 10:57:11 - [TEST_STEP][PASSED] - switchToWindowTitle("Tank Car: Gauge Table Data - The Greenbrier Companies"): Switched to window with title: 'Tank Car: Gauge Table Data - The Greenbrier Companies'

2019-04-24 10:57:12 - [MESSAGE][PASSED] - Switched to window with title: 'Tank Car: Gauge Table Data - The Greenbrier Companies'

2019-04-24 10:57:12 - [TEST_STEP][PASSED] - waitForPageLoad(0): Wait for page load successfully

2019-04-24 10:57:12 - [MESSAGE][WARNING] - Timeout '0' is invalid. Using default page load timeout: '30'

2019-04-24 10:57:12 - [MESSAGE][PASSED] - Wait for page load successfully

2019-04-24 10:57:12 - [TEST_STEP][PASSED] - verifyElementVisible(findTestObject("Tank Car Gauge/Car Mark")): Object 'Object Repository/Tank Car Gauge/Car Mark' is visible

2019-04-24 10:57:12 - [MESSAGE][PASSED] - Object 'Object Repository/Tank Car Gauge/Car Mark' is visible

2019-04-24 10:57:12 - [TEST_STEP][PASSED] - verifyElementVisible(findTestObject("Tank Car Gauge/Car Number (Start)")): Object 'Object Repository/Tank Car Gauge/Car Number (Start)' is visible

2019-04-24 10:57:12 - [MESSAGE][PASSED] - Object 'Object Repository/Tank Car Gauge/Car Number (Start)' is visible

2019-04-24 10:57:12 - [TEST_STEP][PASSED] - verifyElementVisible(findTestObject("Tank Car Gauge/Car Number (End)")): Object 'Object Repository/Tank Car Gauge/Car Number (End)' is visible

2019-04-24 10:57:12 - [MESSAGE][PASSED] - Object 'Object Repository/Tank Car Gauge/Car Number (End)' is visible

2019-04-24 10:57:12 - [TEST_STEP][PASSED] - click(findTestObject("Tank Car Gauge/Back to Gbrx.com")): Object: 'Object Repository/Tank Car Gauge/Back to Gbrx.com' is clicked on

2019-04-24 10:57:16 - [MESSAGE][PASSED] - Object: 'Object Repository/Tank Car Gauge/Back to Gbrx.com' is clicked on

2019-04-24 10:57:16 - [TEST_STEP][PASSED] - waitForPageLoad(0): Wait for page load successfully

2019-04-24 10:57:16 - [MESSAGE][WARNING] - Timeout '0' is invalid. Using default page load timeout: '30'

2019-04-24 10:57:16 - [MESSAGE][PASSED] - Wait for page load successfully

2019-04-24 10:57:16 - [TEST_STEP][PASSED] - verifyElementVisible(findTestObject("Greenbrier Corp Home/NYSE_logo")): Object 'Object Repository/Greenbrier Corp Home/NYSE_logo' is visible

2019-04-24 10:57:17 - [MESSAGE][PASSED] - Object 'Object Repository/Greenbrier Corp Home/NYSE_logo' is visible

2019-04-24 10:57:17 - [TEST_STEP][PASSED] - switchToWindowUrl("http://enspire-qa.gbrx.com/Home/Landing"): Switched to window with url: 'http://enspire-qa.gbrx.com/Home/Landing'

2019-04-24 10:57:17 - [MESSAGE][PASSED] - Switched to window with url: 'http://enspire-qa.gbrx.com/Home/Landing'

2019-04-24 10:57:17 - [TEST_STEP][PASSED] - waitForPageLoad(0): Wait for page load successfully

2019-04-24 10:57:17 - [MESSAGE][WARNING] - Timeout '0' is invalid. Using default page load timeout: '30'

2019-04-24 10:57:17 - [MESSAGE][PASSED] - Wait for page load successfully

2019-04-24 10:57:17 - [TEST_STEP][PASSED] - verifyElementVisible(findTestObject("GBMS Home Page/Maintenance Management"), STOP_ON_FAILURE): Object 'Object Repository/GBMS Home Page/Maintenance Management' is visible

2019-04-24 10:57:17 - [MESSAGE][PASSED] - Object 'Object Repository/GBMS Home Page/Maintenance Management' is visible

2019-04-24 10:57:17 - [TEST_STEP][PASSED] - closeBrowser(): Browser is closed

2019-04-24 10:57:18 - [MESSAGE][PASSED] - Browser is closed]]></system-out>
         <system-err><![CDATA[]]></system-err>
      </testcase>
      <testcase name="Test Cases/ScreenCrawl/ScreenCrawlReclaimsDropdown" classname="Test Cases/ScreenCrawl/ScreenCrawlReclaimsDropdown" status="PASSED">
         <system-out><![CDATA[2019-04-24 10:57:20 - [TEST_CASE][PASSED] - Test Cases/ScreenCrawl/ScreenCrawlReclaimsDropdown: Test Cases/ScreenCrawl/ScreenCrawlReclaimsDropdown

2019-04-24 10:57:20 - [TEST_STEP][PASSED] - openBrowser(""): Browser is opened with url: ''

2019-04-24 10:57:20 - [MESSAGE][INFO] - Starting 'Chrome' driver

2019-04-24 10:57:23 - [MESSAGE][PASSED] - Browser is opened with url: ''

2019-04-24 10:57:23 - [TEST_STEP][PASSED] - deleteAllCookies(): Delete all cookies successfully

2019-04-24 10:57:23 - [MESSAGE][PASSED] - Delete all cookies successfully

2019-04-24 10:57:23 - [TEST_STEP][PASSED] - maximizeWindow(): Current window maximized

2019-04-24 10:57:24 - [MESSAGE][PASSED] - Current window maximized

2019-04-24 10:57:24 - [TEST_STEP][PASSED] - navigateToUrl("http://enspire-qa.gbrx.com/"): Navigate to 'http://enspire-qa.gbrx.com/' successfully

2019-04-24 10:57:26 - [MESSAGE][PASSED] - Navigate to 'http://enspire-qa.gbrx.com/' successfully

2019-04-24 10:57:26 - [TEST_STEP][PASSED] - waitForPageLoad(0): Wait for page load successfully

2019-04-24 10:57:26 - [MESSAGE][WARNING] - Timeout '0' is invalid. Using default page load timeout: '30'

2019-04-24 10:57:26 - [MESSAGE][PASSED] - Wait for page load successfully

2019-04-24 10:57:26 - [TEST_STEP][PASSED] - sendKeys(findTestObject("Login Page/Username Field"), ScreenCrawlUser): Keys 'GMS/ScreenCrawlAllRoles' sent to object: 'Object Repository/Login Page/Username Field'

2019-04-24 10:57:26 - [MESSAGE][PASSED] - Keys 'GMS/ScreenCrawlAllRoles' sent to object: 'Object Repository/Login Page/Username Field'

2019-04-24 10:57:26 - [TEST_STEP][PASSED] - sendKeys(findTestObject("Login Page/Password Field"), ScreenCrawlPass): Keys '123456789' sent to object: 'Object Repository/Login Page/Password Field'

2019-04-24 10:57:26 - [MESSAGE][PASSED] - Keys '123456789' sent to object: 'Object Repository/Login Page/Password Field'

2019-04-24 10:57:26 - [TEST_STEP][PASSED] - click(findTestObject("Login Page/Login Button")): Object: 'Object Repository/Login Page/Login Button' is clicked on

2019-04-24 10:57:27 - [MESSAGE][PASSED] - Object: 'Object Repository/Login Page/Login Button' is clicked on

2019-04-24 10:57:27 - [TEST_STEP][PASSED] - waitForPageLoad(0): Wait for page load successfully

2019-04-24 10:57:27 - [MESSAGE][WARNING] - Timeout '0' is invalid. Using default page load timeout: '30'

2019-04-24 10:57:27 - [MESSAGE][PASSED] - Wait for page load successfully

2019-04-24 10:57:27 - [TEST_STEP][PASSED] - verifyElementVisible(findTestObject("GBMS Home Page/GBX Logo")): Object 'Object Repository/GBMS Home Page/GBX Logo' is visible

2019-04-24 10:57:27 - [MESSAGE][PASSED] - Object 'Object Repository/GBMS Home Page/GBX Logo' is visible

2019-04-24 10:57:27 - [TEST_STEP][PASSED] - verifyElementClickable(findTestObject("GBMS Home Page Dropdowns/Reclaims Dropdown")): Object 'Object Repository/GBMS Home Page Dropdowns/Reclaims Dropdown' is clickable

2019-04-24 10:57:27 - [MESSAGE][PASSED] - Object 'Object Repository/GBMS Home Page Dropdowns/Reclaims Dropdown' is clickable

2019-04-24 10:57:27 - [TEST_STEP][PASSED] - click(findTestObject("GBMS Home Page Dropdowns/Reclaims Dropdown")): Object: 'Object Repository/GBMS Home Page Dropdowns/Reclaims Dropdown' is clicked on

2019-04-24 10:57:27 - [MESSAGE][PASSED] - Object: 'Object Repository/GBMS Home Page Dropdowns/Reclaims Dropdown' is clicked on

2019-04-24 10:57:27 - [TEST_STEP][PASSED] - verifyElementClickable(findTestObject("GBMS Home Page Dropdowns/Reclaim Dashboard Option")): Object 'Object Repository/GBMS Home Page Dropdowns/Reclaim Dashboard Option' is clickable

2019-04-24 10:57:27 - [MESSAGE][PASSED] - Object 'Object Repository/GBMS Home Page Dropdowns/Reclaim Dashboard Option' is clickable

2019-04-24 10:57:27 - [TEST_STEP][PASSED] - click(findTestObject("GBMS Home Page Dropdowns/Reclaim Dashboard Option")): Object: 'Object Repository/GBMS Home Page Dropdowns/Reclaim Dashboard Option' is clicked on

2019-04-24 10:57:32 - [MESSAGE][PASSED] - Object: 'Object Repository/GBMS Home Page Dropdowns/Reclaim Dashboard Option' is clicked on

2019-04-24 10:57:32 - [TEST_STEP][PASSED] - waitForPageLoad(0): Wait for page load successfully

2019-04-24 10:57:32 - [MESSAGE][WARNING] - Timeout '0' is invalid. Using default page load timeout: '30'

2019-04-24 10:57:32 - [MESSAGE][PASSED] - Wait for page load successfully

2019-04-24 10:57:32 - [TEST_STEP][PASSED] - verifyElementVisible(findTestObject("Reclaim Dashboard/Reclaim Search")): Object 'Object Repository/Reclaim Dashboard/Reclaim Search' is visible

2019-04-24 10:57:32 - [MESSAGE][PASSED] - Object 'Object Repository/Reclaim Dashboard/Reclaim Search' is visible

2019-04-24 10:57:32 - [TEST_STEP][PASSED] - back(): Navigate back successfully

2019-04-24 10:57:32 - [MESSAGE][PASSED] - Navigate back successfully

2019-04-24 10:57:32 - [TEST_STEP][PASSED] - waitForPageLoad(0): Wait for page load successfully

2019-04-24 10:57:32 - [MESSAGE][WARNING] - Timeout '0' is invalid. Using default page load timeout: '30'

2019-04-24 10:57:32 - [MESSAGE][PASSED] - Wait for page load successfully

2019-04-24 10:57:32 - [TEST_STEP][PASSED] - verifyElementVisible(findTestObject("GBMS Home Page/GBX Logo")): Object 'Object Repository/GBMS Home Page/GBX Logo' is visible

2019-04-24 10:57:32 - [MESSAGE][PASSED] - Object 'Object Repository/GBMS Home Page/GBX Logo' is visible

2019-04-24 10:57:32 - [TEST_STEP][PASSED] - verifyElementClickable(findTestObject("GBMS Home Page Dropdowns/Reclaims Dropdown")): Object 'Object Repository/GBMS Home Page Dropdowns/Reclaims Dropdown' is clickable

2019-04-24 10:57:32 - [MESSAGE][PASSED] - Object 'Object Repository/GBMS Home Page Dropdowns/Reclaims Dropdown' is clickable

2019-04-24 10:57:32 - [TEST_STEP][PASSED] - click(findTestObject("GBMS Home Page Dropdowns/Reclaims Dropdown")): Object: 'Object Repository/GBMS Home Page Dropdowns/Reclaims Dropdown' is clicked on

2019-04-24 10:57:32 - [MESSAGE][PASSED] - Object: 'Object Repository/GBMS Home Page Dropdowns/Reclaims Dropdown' is clicked on

2019-04-24 10:57:32 - [TEST_STEP][PASSED] - verifyElementClickable(findTestObject("GBMS Home Page Dropdowns/Single Car Detail Option")): Object 'Object Repository/GBMS Home Page Dropdowns/Single Car Detail Option' is clickable

2019-04-24 10:57:32 - [MESSAGE][PASSED] - Object 'Object Repository/GBMS Home Page Dropdowns/Single Car Detail Option' is clickable

2019-04-24 10:57:32 - [TEST_STEP][PASSED] - click(findTestObject("GBMS Home Page Dropdowns/Single Car Detail Option")): Object: 'Object Repository/GBMS Home Page Dropdowns/Single Car Detail Option' is clicked on

2019-04-24 10:57:33 - [MESSAGE][PASSED] - Object: 'Object Repository/GBMS Home Page Dropdowns/Single Car Detail Option' is clicked on

2019-04-24 10:57:33 - [TEST_STEP][PASSED] - waitForPageLoad(0): Wait for page load successfully

2019-04-24 10:57:33 - [MESSAGE][WARNING] - Timeout '0' is invalid. Using default page load timeout: '30'

2019-04-24 10:57:33 - [MESSAGE][PASSED] - Wait for page load successfully

2019-04-24 10:57:33 - [TEST_STEP][PASSED] - verifyElementVisible(findTestObject("Single Car Detail/Car Detail Section")): Object 'Object Repository/Single Car Detail/Car Detail Section' is visible

2019-04-24 10:57:34 - [MESSAGE][PASSED] - Object 'Object Repository/Single Car Detail/Car Detail Section' is visible

2019-04-24 10:57:34 - [TEST_STEP][PASSED] - verifyElementClickable(findTestObject("Single Car Detail/Show Processed Candidates")): Object 'Object Repository/Single Car Detail/Show Processed Candidates' is clickable

2019-04-24 10:57:34 - [MESSAGE][PASSED] - Object 'Object Repository/Single Car Detail/Show Processed Candidates' is clickable

2019-04-24 10:57:34 - [TEST_STEP][PASSED] - back(): Navigate back successfully

2019-04-24 10:57:34 - [MESSAGE][PASSED] - Navigate back successfully

2019-04-24 10:57:34 - [TEST_STEP][PASSED] - waitForPageLoad(0): Wait for page load successfully

2019-04-24 10:57:34 - [MESSAGE][WARNING] - Timeout '0' is invalid. Using default page load timeout: '30'

2019-04-24 10:57:34 - [MESSAGE][PASSED] - Wait for page load successfully

2019-04-24 10:57:34 - [TEST_STEP][PASSED] - verifyElementVisible(findTestObject("GBMS Home Page/GBX Logo")): Object 'Object Repository/GBMS Home Page/GBX Logo' is visible

2019-04-24 10:57:34 - [MESSAGE][PASSED] - Object 'Object Repository/GBMS Home Page/GBX Logo' is visible

2019-04-24 10:57:34 - [TEST_STEP][PASSED] - verifyElementClickable(findTestObject("GBMS Home Page Dropdowns/Reclaims Dropdown")): Object 'Object Repository/GBMS Home Page Dropdowns/Reclaims Dropdown' is clickable

2019-04-24 10:57:34 - [MESSAGE][PASSED] - Object 'Object Repository/GBMS Home Page Dropdowns/Reclaims Dropdown' is clickable

2019-04-24 10:57:34 - [TEST_STEP][PASSED] - click(findTestObject("GBMS Home Page Dropdowns/Reclaims Dropdown")): Object: 'Object Repository/GBMS Home Page Dropdowns/Reclaims Dropdown' is clicked on

2019-04-24 10:57:34 - [MESSAGE][PASSED] - Object: 'Object Repository/GBMS Home Page Dropdowns/Reclaims Dropdown' is clicked on

2019-04-24 10:57:34 - [TEST_STEP][PASSED] - verifyElementClickable(findTestObject("GBMS Home Page Dropdowns/Multi-Car Lookup Option")): Object 'Object Repository/GBMS Home Page Dropdowns/Multi-Car Lookup Option' is clickable

2019-04-24 10:57:34 - [MESSAGE][PASSED] - Object 'Object Repository/GBMS Home Page Dropdowns/Multi-Car Lookup Option' is clickable

2019-04-24 10:57:34 - [TEST_STEP][PASSED] - click(findTestObject("GBMS Home Page Dropdowns/Multi-Car Lookup Option")): Object: 'Object Repository/GBMS Home Page Dropdowns/Multi-Car Lookup Option' is clicked on

2019-04-24 10:57:35 - [MESSAGE][PASSED] - Object: 'Object Repository/GBMS Home Page Dropdowns/Multi-Car Lookup Option' is clicked on

2019-04-24 10:57:35 - [TEST_STEP][PASSED] - waitForPageLoad(0): Wait for page load successfully

2019-04-24 10:57:35 - [MESSAGE][WARNING] - Timeout '0' is invalid. Using default page load timeout: '30'

2019-04-24 10:57:35 - [MESSAGE][PASSED] - Wait for page load successfully

2019-04-24 10:57:35 - [TEST_STEP][PASSED] - verifyElementClickable(findTestObject("Multi-Car Lookup/button_Clear Filter")): Object 'Object Repository/Multi-Car Lookup/button_Clear Filter' is clickable

2019-04-24 10:57:35 - [MESSAGE][PASSED] - Object 'Object Repository/Multi-Car Lookup/button_Clear Filter' is clickable

2019-04-24 10:57:35 - [TEST_STEP][PASSED] - back(): Navigate back successfully

2019-04-24 10:57:35 - [MESSAGE][PASSED] - Navigate back successfully

2019-04-24 10:57:35 - [TEST_STEP][PASSED] - waitForPageLoad(0): Wait for page load successfully

2019-04-24 10:57:35 - [MESSAGE][WARNING] - Timeout '0' is invalid. Using default page load timeout: '30'

2019-04-24 10:57:35 - [MESSAGE][PASSED] - Wait for page load successfully

2019-04-24 10:57:35 - [TEST_STEP][PASSED] - verifyElementVisible(findTestObject("GBMS Home Page/GBX Logo")): Object 'Object Repository/GBMS Home Page/GBX Logo' is visible

2019-04-24 10:57:35 - [MESSAGE][PASSED] - Object 'Object Repository/GBMS Home Page/GBX Logo' is visible

2019-04-24 10:57:35 - [TEST_STEP][PASSED] - verifyElementClickable(findTestObject("GBMS Home Page Dropdowns/Reclaims Dropdown")): Object 'Object Repository/GBMS Home Page Dropdowns/Reclaims Dropdown' is clickable

2019-04-24 10:57:35 - [MESSAGE][PASSED] - Object 'Object Repository/GBMS Home Page Dropdowns/Reclaims Dropdown' is clickable

2019-04-24 10:57:35 - [TEST_STEP][PASSED] - click(findTestObject("GBMS Home Page Dropdowns/Reclaims Dropdown")): Object: 'Object Repository/GBMS Home Page Dropdowns/Reclaims Dropdown' is clicked on

2019-04-24 10:57:35 - [MESSAGE][PASSED] - Object: 'Object Repository/GBMS Home Page Dropdowns/Reclaims Dropdown' is clicked on

2019-04-24 10:57:35 - [TEST_STEP][PASSED] - verifyElementClickable(findTestObject("GBMS Home Page Dropdowns/Process Candidates Option")): Object 'Object Repository/GBMS Home Page Dropdowns/Process Candidates Option' is clickable

2019-04-24 10:57:35 - [MESSAGE][PASSED] - Object 'Object Repository/GBMS Home Page Dropdowns/Process Candidates Option' is clickable

2019-04-24 10:57:35 - [TEST_STEP][PASSED] - click(findTestObject("GBMS Home Page Dropdowns/Process Candidates Option")): Object: 'Object Repository/GBMS Home Page Dropdowns/Process Candidates Option' is clicked on

2019-04-24 10:57:35 - [MESSAGE][PASSED] - Object: 'Object Repository/GBMS Home Page Dropdowns/Process Candidates Option' is clicked on

2019-04-24 10:57:35 - [TEST_STEP][PASSED] - waitForPageLoad(0): Wait for page load successfully

2019-04-24 10:57:35 - [MESSAGE][WARNING] - Timeout '0' is invalid. Using default page load timeout: '30'

2019-04-24 10:57:35 - [MESSAGE][PASSED] - Wait for page load successfully

2019-04-24 10:57:35 - [TEST_STEP][PASSED] - verifyElementVisible(findTestObject("Counter Reclaim Management/Details")): Object 'Object Repository/Counter Reclaim Management/Details' is visible

2019-04-24 10:57:35 - [MESSAGE][PASSED] - Object 'Object Repository/Counter Reclaim Management/Details' is visible

2019-04-24 10:57:35 - [TEST_STEP][PASSED] - verifyElementVisible(findTestObject("Counter Reclaim Management/Date Range")): Object 'Object Repository/Counter Reclaim Management/Date Range' is visible

2019-04-24 10:57:36 - [MESSAGE][PASSED] - Object 'Object Repository/Counter Reclaim Management/Date Range' is visible

2019-04-24 10:57:36 - [TEST_STEP][PASSED] - back(): Navigate back successfully

2019-04-24 10:57:36 - [MESSAGE][PASSED] - Navigate back successfully

2019-04-24 10:57:36 - [TEST_STEP][PASSED] - waitForPageLoad(0): Wait for page load successfully

2019-04-24 10:57:36 - [MESSAGE][WARNING] - Timeout '0' is invalid. Using default page load timeout: '30'

2019-04-24 10:57:36 - [MESSAGE][PASSED] - Wait for page load successfully

2019-04-24 10:57:36 - [TEST_STEP][PASSED] - verifyElementVisible(findTestObject("GBMS Home Page/GBX Logo")): Object 'Object Repository/GBMS Home Page/GBX Logo' is visible

2019-04-24 10:57:36 - [MESSAGE][PASSED] - Object 'Object Repository/GBMS Home Page/GBX Logo' is visible

2019-04-24 10:57:36 - [TEST_STEP][PASSED] - verifyElementClickable(findTestObject("GBMS Home Page Dropdowns/Reclaims Dropdown")): Object 'Object Repository/GBMS Home Page Dropdowns/Reclaims Dropdown' is clickable

2019-04-24 10:57:36 - [MESSAGE][PASSED] - Object 'Object Repository/GBMS Home Page Dropdowns/Reclaims Dropdown' is clickable

2019-04-24 10:57:36 - [TEST_STEP][PASSED] - click(findTestObject("GBMS Home Page Dropdowns/Reclaims Dropdown")): Object: 'Object Repository/GBMS Home Page Dropdowns/Reclaims Dropdown' is clicked on

2019-04-24 10:57:36 - [MESSAGE][PASSED] - Object: 'Object Repository/GBMS Home Page Dropdowns/Reclaims Dropdown' is clicked on

2019-04-24 10:57:36 - [TEST_STEP][PASSED] - verifyElementClickable(findTestObject("GBMS Home Page Dropdowns/Produce Counters Option")): Object 'Object Repository/GBMS Home Page Dropdowns/Produce Counters Option' is clickable

2019-04-24 10:57:36 - [MESSAGE][PASSED] - Object 'Object Repository/GBMS Home Page Dropdowns/Produce Counters Option' is clickable

2019-04-24 10:57:36 - [TEST_STEP][PASSED] - click(findTestObject("GBMS Home Page Dropdowns/Produce Counters Option")): Object: 'Object Repository/GBMS Home Page Dropdowns/Produce Counters Option' is clicked on

2019-04-24 10:57:36 - [MESSAGE][PASSED] - Object: 'Object Repository/GBMS Home Page Dropdowns/Produce Counters Option' is clicked on

2019-04-24 10:57:36 - [TEST_STEP][PASSED] - waitForPageLoad(0): Wait for page load successfully

2019-04-24 10:57:36 - [MESSAGE][WARNING] - Timeout '0' is invalid. Using default page load timeout: '30'

2019-04-24 10:57:36 - [MESSAGE][PASSED] - Wait for page load successfully

2019-04-24 10:57:36 - [TEST_STEP][PASSED] - verifyElementVisible(findTestObject("Produce Counters/Produce Counters")): Object 'Object Repository/Produce Counters/Produce Counters' is visible

2019-04-24 10:57:36 - [MESSAGE][PASSED] - Object 'Object Repository/Produce Counters/Produce Counters' is visible

2019-04-24 10:57:36 - [TEST_STEP][PASSED] - back(): Navigate back successfully

2019-04-24 10:57:36 - [MESSAGE][PASSED] - Navigate back successfully

2019-04-24 10:57:36 - [TEST_STEP][PASSED] - waitForPageLoad(0): Wait for page load successfully

2019-04-24 10:57:36 - [MESSAGE][WARNING] - Timeout '0' is invalid. Using default page load timeout: '30'

2019-04-24 10:57:36 - [MESSAGE][PASSED] - Wait for page load successfully

2019-04-24 10:57:36 - [TEST_STEP][PASSED] - verifyElementVisible(findTestObject("GBMS Home Page/GBX Logo")): Object 'Object Repository/GBMS Home Page/GBX Logo' is visible

2019-04-24 10:57:36 - [MESSAGE][PASSED] - Object 'Object Repository/GBMS Home Page/GBX Logo' is visible

2019-04-24 10:57:36 - [TEST_STEP][PASSED] - verifyElementClickable(findTestObject("GBMS Home Page Dropdowns/Reclaims Dropdown")): Object 'Object Repository/GBMS Home Page Dropdowns/Reclaims Dropdown' is clickable

2019-04-24 10:57:36 - [MESSAGE][PASSED] - Object 'Object Repository/GBMS Home Page Dropdowns/Reclaims Dropdown' is clickable

2019-04-24 10:57:36 - [TEST_STEP][PASSED] - click(findTestObject("GBMS Home Page Dropdowns/Reclaims Dropdown")): Object: 'Object Repository/GBMS Home Page Dropdowns/Reclaims Dropdown' is clicked on

2019-04-24 10:57:36 - [MESSAGE][PASSED] - Object: 'Object Repository/GBMS Home Page Dropdowns/Reclaims Dropdown' is clicked on

2019-04-24 10:57:36 - [TEST_STEP][PASSED] - verifyElementClickable(findTestObject("GBMS Home Page Dropdowns/Relief Reclaims Option")): Object 'Object Repository/GBMS Home Page Dropdowns/Relief Reclaims Option' is clickable

2019-04-24 10:57:36 - [MESSAGE][PASSED] - Object 'Object Repository/GBMS Home Page Dropdowns/Relief Reclaims Option' is clickable

2019-04-24 10:57:36 - [TEST_STEP][PASSED] - click(findTestObject("GBMS Home Page Dropdowns/Relief Reclaims Option")): Object: 'Object Repository/GBMS Home Page Dropdowns/Relief Reclaims Option' is clicked on

2019-04-24 10:57:37 - [MESSAGE][PASSED] - Object: 'Object Repository/GBMS Home Page Dropdowns/Relief Reclaims Option' is clicked on

2019-04-24 10:57:37 - [TEST_STEP][PASSED] - waitForPageLoad(0): Wait for page load successfully

2019-04-24 10:57:37 - [MESSAGE][WARNING] - Timeout '0' is invalid. Using default page load timeout: '30'

2019-04-24 10:57:37 - [MESSAGE][PASSED] - Wait for page load successfully

2019-04-24 10:57:37 - [TEST_STEP][PASSED] - verifyElementVisible(findTestObject("Relief Reclaims Reconcile/Month Search")): Object 'Object Repository/Relief Reclaims Reconcile/Month Search' is visible

2019-04-24 10:57:37 - [MESSAGE][PASSED] - Object 'Object Repository/Relief Reclaims Reconcile/Month Search' is visible

2019-04-24 10:57:37 - [TEST_STEP][PASSED] - back(): Navigate back successfully

2019-04-24 10:57:37 - [MESSAGE][PASSED] - Navigate back successfully

2019-04-24 10:57:37 - [TEST_STEP][PASSED] - waitForPageLoad(0): Wait for page load successfully

2019-04-24 10:57:37 - [MESSAGE][WARNING] - Timeout '0' is invalid. Using default page load timeout: '30'

2019-04-24 10:57:37 - [MESSAGE][PASSED] - Wait for page load successfully

2019-04-24 10:57:37 - [TEST_STEP][PASSED] - verifyElementVisible(findTestObject("GBMS Home Page/GBX Logo")): Object 'Object Repository/GBMS Home Page/GBX Logo' is visible

2019-04-24 10:57:37 - [MESSAGE][PASSED] - Object 'Object Repository/GBMS Home Page/GBX Logo' is visible

2019-04-24 10:57:37 - [TEST_STEP][PASSED] - verifyElementClickable(findTestObject("GBMS Home Page Dropdowns/Reclaims Dropdown")): Object 'Object Repository/GBMS Home Page Dropdowns/Reclaims Dropdown' is clickable

2019-04-24 10:57:37 - [MESSAGE][PASSED] - Object 'Object Repository/GBMS Home Page Dropdowns/Reclaims Dropdown' is clickable

2019-04-24 10:57:37 - [TEST_STEP][PASSED] - click(findTestObject("GBMS Home Page Dropdowns/Reclaims Dropdown")): Object: 'Object Repository/GBMS Home Page Dropdowns/Reclaims Dropdown' is clicked on

2019-04-24 10:57:37 - [MESSAGE][PASSED] - Object: 'Object Repository/GBMS Home Page Dropdowns/Reclaims Dropdown' is clicked on

2019-04-24 10:57:37 - [TEST_STEP][PASSED] - verifyElementClickable(findTestObject("GBMS Home Page Dropdowns/Investigator Option")): Object 'Object Repository/GBMS Home Page Dropdowns/Investigator Option' is clickable

2019-04-24 10:57:37 - [MESSAGE][PASSED] - Object 'Object Repository/GBMS Home Page Dropdowns/Investigator Option' is clickable

2019-04-24 10:57:37 - [TEST_STEP][PASSED] - click(findTestObject("GBMS Home Page Dropdowns/Investigator Option")): Object: 'Object Repository/GBMS Home Page Dropdowns/Investigator Option' is clicked on

2019-04-24 10:57:38 - [MESSAGE][PASSED] - Object: 'Object Repository/GBMS Home Page Dropdowns/Investigator Option' is clicked on

2019-04-24 10:57:38 - [TEST_STEP][PASSED] - waitForPageLoad(0): Wait for page load successfully

2019-04-24 10:57:38 - [MESSAGE][WARNING] - Timeout '0' is invalid. Using default page load timeout: '30'

2019-04-24 10:57:38 - [MESSAGE][PASSED] - Wait for page load successfully

2019-04-24 10:57:38 - [TEST_STEP][PASSED] - verifyElementVisible(findTestObject("Object Repository/Reclaim Investigator/Investigator")): Object 'Object Repository/Reclaim Investigator/Investigator' is visible

2019-04-24 10:57:38 - [MESSAGE][PASSED] - Object 'Object Repository/Reclaim Investigator/Investigator' is visible

2019-04-24 10:57:38 - [TEST_STEP][PASSED] - back(): Navigate back successfully

2019-04-24 10:57:38 - [MESSAGE][PASSED] - Navigate back successfully

2019-04-24 10:57:38 - [TEST_STEP][PASSED] - waitForPageLoad(0): Wait for page load successfully

2019-04-24 10:57:38 - [MESSAGE][WARNING] - Timeout '0' is invalid. Using default page load timeout: '30'

2019-04-24 10:57:38 - [MESSAGE][PASSED] - Wait for page load successfully

2019-04-24 10:57:38 - [TEST_STEP][PASSED] - verifyElementVisible(findTestObject("GBMS Home Page/GBX Logo")): Object 'Object Repository/GBMS Home Page/GBX Logo' is visible

2019-04-24 10:57:38 - [MESSAGE][PASSED] - Object 'Object Repository/GBMS Home Page/GBX Logo' is visible

2019-04-24 10:57:38 - [TEST_STEP][PASSED] - closeBrowser(): Browser is closed

2019-04-24 10:57:39 - [MESSAGE][PASSED] - Browser is closed]]></system-out>
         <system-err><![CDATA[]]></system-err>
      </testcase>
      <testcase name="Test Cases/ScreenCrawl/ScreenCrawlReportingDropdown" classname="Test Cases/ScreenCrawl/ScreenCrawlReportingDropdown" status="PASSED">
         <system-out><![CDATA[2019-04-24 10:57:41 - [TEST_CASE][PASSED] - Test Cases/ScreenCrawl/ScreenCrawlReportingDropdown: Test Cases/ScreenCrawl/ScreenCrawlReportingDropdown

2019-04-24 10:57:41 - [TEST_STEP][PASSED] - openBrowser(""): Browser is opened with url: ''

2019-04-24 10:57:41 - [MESSAGE][INFO] - Starting 'Chrome' driver

2019-04-24 10:57:44 - [MESSAGE][PASSED] - Browser is opened with url: ''

2019-04-24 10:57:44 - [TEST_STEP][PASSED] - deleteAllCookies(): Delete all cookies successfully

2019-04-24 10:57:44 - [MESSAGE][PASSED] - Delete all cookies successfully

2019-04-24 10:57:44 - [TEST_STEP][PASSED] - maximizeWindow(): Current window maximized

2019-04-24 10:57:46 - [MESSAGE][PASSED] - Current window maximized

2019-04-24 10:57:46 - [TEST_STEP][PASSED] - navigateToUrl("http://enspire-qa.gbrx.com/"): Navigate to 'http://enspire-qa.gbrx.com/' successfully

2019-04-24 10:57:47 - [MESSAGE][PASSED] - Navigate to 'http://enspire-qa.gbrx.com/' successfully

2019-04-24 10:57:47 - [TEST_STEP][PASSED] - waitForPageLoad(0): Wait for page load successfully

2019-04-24 10:57:47 - [MESSAGE][WARNING] - Timeout '0' is invalid. Using default page load timeout: '30'

2019-04-24 10:57:47 - [MESSAGE][PASSED] - Wait for page load successfully

2019-04-24 10:57:47 - [TEST_STEP][PASSED] - sendKeys(findTestObject("Login Page/Username Field"), ScreenCrawlUser): Keys 'GMS/ScreenCrawlAllRoles' sent to object: 'Object Repository/Login Page/Username Field'

2019-04-24 10:57:47 - [MESSAGE][PASSED] - Keys 'GMS/ScreenCrawlAllRoles' sent to object: 'Object Repository/Login Page/Username Field'

2019-04-24 10:57:47 - [TEST_STEP][PASSED] - sendKeys(findTestObject("Login Page/Password Field"), ScreenCrawlPass): Keys '123456789' sent to object: 'Object Repository/Login Page/Password Field'

2019-04-24 10:57:47 - [MESSAGE][PASSED] - Keys '123456789' sent to object: 'Object Repository/Login Page/Password Field'

2019-04-24 10:57:47 - [TEST_STEP][PASSED] - click(findTestObject("Login Page/Login Button")): Object: 'Object Repository/Login Page/Login Button' is clicked on

2019-04-24 10:57:48 - [MESSAGE][PASSED] - Object: 'Object Repository/Login Page/Login Button' is clicked on

2019-04-24 10:57:48 - [TEST_STEP][PASSED] - waitForPageLoad(0): Wait for page load successfully

2019-04-24 10:57:48 - [MESSAGE][WARNING] - Timeout '0' is invalid. Using default page load timeout: '30'

2019-04-24 10:57:48 - [MESSAGE][PASSED] - Wait for page load successfully

2019-04-24 10:57:48 - [TEST_STEP][PASSED] - verifyElementVisible(findTestObject("GBMS Home Page/GBX Logo")): Object 'Object Repository/GBMS Home Page/GBX Logo' is visible

2019-04-24 10:57:48 - [MESSAGE][PASSED] - Object 'Object Repository/GBMS Home Page/GBX Logo' is visible

2019-04-24 10:57:48 - [TEST_STEP][PASSED] - verifyElementClickable(findTestObject("GBMS Home Page Dropdowns/Reporting Dropdown")): Object 'Object Repository/GBMS Home Page Dropdowns/Reporting Dropdown' is clickable

2019-04-24 10:57:48 - [MESSAGE][PASSED] - Object 'Object Repository/GBMS Home Page Dropdowns/Reporting Dropdown' is clickable

2019-04-24 10:57:48 - [TEST_STEP][PASSED] - click(findTestObject("GBMS Home Page Dropdowns/Reporting Dropdown")): Object: 'Object Repository/GBMS Home Page Dropdowns/Reporting Dropdown' is clicked on

2019-04-24 10:57:48 - [MESSAGE][PASSED] - Object: 'Object Repository/GBMS Home Page Dropdowns/Reporting Dropdown' is clicked on

2019-04-24 10:57:48 - [TEST_STEP][PASSED] - verifyElementClickable(findTestObject("GBMS Home Page Dropdowns/Reporting Dashboard Option")): Object 'Object Repository/GBMS Home Page Dropdowns/Reporting Dashboard Option' is clickable

2019-04-24 10:57:48 - [MESSAGE][PASSED] - Object 'Object Repository/GBMS Home Page Dropdowns/Reporting Dashboard Option' is clickable

2019-04-24 10:57:48 - [TEST_STEP][PASSED] - click(findTestObject("GBMS Home Page Dropdowns/Reporting Dashboard Option")): Object: 'Object Repository/GBMS Home Page Dropdowns/Reporting Dashboard Option' is clicked on

2019-04-24 10:57:49 - [MESSAGE][PASSED] - Object: 'Object Repository/GBMS Home Page Dropdowns/Reporting Dashboard Option' is clicked on

2019-04-24 10:57:49 - [TEST_STEP][PASSED] - waitForPageLoad(0): Wait for page load successfully

2019-04-24 10:57:49 - [MESSAGE][WARNING] - Timeout '0' is invalid. Using default page load timeout: '30'

2019-04-24 10:57:49 - [MESSAGE][PASSED] - Wait for page load successfully

2019-04-24 10:57:49 - [TEST_STEP][PASSED] - verifyElementVisible(findTestObject("Reporting Dashboard/Report Parameters")): Object 'Object Repository/Reporting Dashboard/Report Parameters' is visible

2019-04-24 10:57:49 - [MESSAGE][PASSED] - Object 'Object Repository/Reporting Dashboard/Report Parameters' is visible

2019-04-24 10:57:49 - [TEST_STEP][PASSED] - back(): Navigate back successfully

2019-04-24 10:57:49 - [MESSAGE][PASSED] - Navigate back successfully

2019-04-24 10:57:49 - [TEST_STEP][PASSED] - waitForPageLoad(0): Wait for page load successfully

2019-04-24 10:57:49 - [MESSAGE][WARNING] - Timeout '0' is invalid. Using default page load timeout: '30'

2019-04-24 10:57:49 - [MESSAGE][PASSED] - Wait for page load successfully

2019-04-24 10:57:49 - [TEST_STEP][PASSED] - verifyElementVisible(findTestObject("GBMS Home Page/GBX Logo")): Object 'Object Repository/GBMS Home Page/GBX Logo' is visible

2019-04-24 10:57:49 - [MESSAGE][PASSED] - Object 'Object Repository/GBMS Home Page/GBX Logo' is visible

2019-04-24 10:57:49 - [TEST_STEP][PASSED] - verifyElementClickable(findTestObject("GBMS Home Page Dropdowns/Reporting Dropdown")): Object 'Object Repository/GBMS Home Page Dropdowns/Reporting Dropdown' is clickable

2019-04-24 10:57:49 - [MESSAGE][PASSED] - Object 'Object Repository/GBMS Home Page Dropdowns/Reporting Dropdown' is clickable

2019-04-24 10:57:49 - [TEST_STEP][PASSED] - click(findTestObject("GBMS Home Page Dropdowns/Reporting Dropdown")): Object: 'Object Repository/GBMS Home Page Dropdowns/Reporting Dropdown' is clicked on

2019-04-24 10:57:49 - [MESSAGE][PASSED] - Object: 'Object Repository/GBMS Home Page Dropdowns/Reporting Dropdown' is clicked on

2019-04-24 10:57:49 - [TEST_STEP][PASSED] - verifyElementClickable(findTestObject("GBMS Home Page Dropdowns/Reports Option")): Object 'Object Repository/GBMS Home Page Dropdowns/Reports Option' is clickable

2019-04-24 10:57:49 - [MESSAGE][PASSED] - Object 'Object Repository/GBMS Home Page Dropdowns/Reports Option' is clickable

2019-04-24 10:57:49 - [TEST_STEP][PASSED] - click(findTestObject("GBMS Home Page Dropdowns/Reports Option")): Object: 'Object Repository/GBMS Home Page Dropdowns/Reports Option' is clicked on

2019-04-24 10:57:54 - [MESSAGE][PASSED] - Object: 'Object Repository/GBMS Home Page Dropdowns/Reports Option' is clicked on

2019-04-24 10:57:54 - [TEST_STEP][PASSED] - waitForPageLoad(0): Wait for page load successfully

2019-04-24 10:57:54 - [MESSAGE][WARNING] - Timeout '0' is invalid. Using default page load timeout: '30'

2019-04-24 10:57:54 - [MESSAGE][PASSED] - Wait for page load successfully

2019-04-24 10:57:54 - [TEST_STEP][PASSED] - verifyElementVisible(findTestObject("Reports/Reports")): Object 'Object Repository/Reports/Reports' is visible

2019-04-24 10:57:54 - [MESSAGE][PASSED] - Object 'Object Repository/Reports/Reports' is visible

2019-04-24 10:57:54 - [TEST_STEP][PASSED] - back(): Navigate back successfully

2019-04-24 10:57:54 - [MESSAGE][PASSED] - Navigate back successfully

2019-04-24 10:57:54 - [TEST_STEP][PASSED] - waitForPageLoad(0): Wait for page load successfully

2019-04-24 10:57:54 - [MESSAGE][WARNING] - Timeout '0' is invalid. Using default page load timeout: '30'

2019-04-24 10:57:54 - [MESSAGE][PASSED] - Wait for page load successfully

2019-04-24 10:57:54 - [TEST_STEP][PASSED] - verifyElementVisible(findTestObject("GBMS Home Page/GBX Logo")): Object 'Object Repository/GBMS Home Page/GBX Logo' is visible

2019-04-24 10:57:54 - [MESSAGE][PASSED] - Object 'Object Repository/GBMS Home Page/GBX Logo' is visible

2019-04-24 10:57:54 - [TEST_STEP][PASSED] - verifyElementClickable(findTestObject("GBMS Home Page Dropdowns/Reporting Dropdown")): Object 'Object Repository/GBMS Home Page Dropdowns/Reporting Dropdown' is clickable

2019-04-24 10:57:54 - [MESSAGE][PASSED] - Object 'Object Repository/GBMS Home Page Dropdowns/Reporting Dropdown' is clickable

2019-04-24 10:57:54 - [TEST_STEP][PASSED] - click(findTestObject("GBMS Home Page Dropdowns/Reporting Dropdown")): Object: 'Object Repository/GBMS Home Page Dropdowns/Reporting Dropdown' is clicked on

2019-04-24 10:57:54 - [MESSAGE][PASSED] - Object: 'Object Repository/GBMS Home Page Dropdowns/Reporting Dropdown' is clicked on

2019-04-24 10:57:54 - [TEST_STEP][PASSED] - verifyElementClickable(findTestObject("GBMS Home Page Dropdowns/Dashboards Option")): Object 'Object Repository/GBMS Home Page Dropdowns/Dashboards Option' is clickable

2019-04-24 10:57:54 - [MESSAGE][PASSED] - Object 'Object Repository/GBMS Home Page Dropdowns/Dashboards Option' is clickable

2019-04-24 10:57:54 - [TEST_STEP][PASSED] - click(findTestObject("GBMS Home Page Dropdowns/Dashboards Option")): Object: 'Object Repository/GBMS Home Page Dropdowns/Dashboards Option' is clicked on

2019-04-24 10:57:55 - [MESSAGE][PASSED] - Object: 'Object Repository/GBMS Home Page Dropdowns/Dashboards Option' is clicked on

2019-04-24 10:57:55 - [TEST_STEP][PASSED] - waitForPageLoad(0): Wait for page load successfully

2019-04-24 10:57:55 - [MESSAGE][WARNING] - Timeout '0' is invalid. Using default page load timeout: '30'

2019-04-24 10:57:55 - [MESSAGE][PASSED] - Wait for page load successfully

2019-04-24 10:57:55 - [TEST_STEP][PASSED] - verifyElementVisible(findTestObject("Object Repository/Dashboard/Reporting Dashboard")): Object 'Object Repository/Dashboard/Reporting Dashboard' is visible

2019-04-24 10:57:55 - [MESSAGE][PASSED] - Object 'Object Repository/Dashboard/Reporting Dashboard' is visible

2019-04-24 10:57:55 - [TEST_STEP][PASSED] - back(): Navigate back successfully

2019-04-24 10:57:56 - [MESSAGE][PASSED] - Navigate back successfully

2019-04-24 10:57:56 - [TEST_STEP][PASSED] - waitForPageLoad(0): Wait for page load successfully

2019-04-24 10:57:56 - [MESSAGE][WARNING] - Timeout '0' is invalid. Using default page load timeout: '30'

2019-04-24 10:57:56 - [MESSAGE][PASSED] - Wait for page load successfully

2019-04-24 10:57:56 - [TEST_STEP][PASSED] - verifyElementVisible(findTestObject("GBMS Home Page/GBX Logo")): Object 'Object Repository/GBMS Home Page/GBX Logo' is visible

2019-04-24 10:57:56 - [MESSAGE][PASSED] - Object 'Object Repository/GBMS Home Page/GBX Logo' is visible

2019-04-24 10:57:56 - [TEST_STEP][PASSED] - verifyElementClickable(findTestObject("GBMS Home Page Dropdowns/Reporting Dropdown")): Object 'Object Repository/GBMS Home Page Dropdowns/Reporting Dropdown' is clickable

2019-04-24 10:57:56 - [MESSAGE][PASSED] - Object 'Object Repository/GBMS Home Page Dropdowns/Reporting Dropdown' is clickable

2019-04-24 10:57:56 - [TEST_STEP][PASSED] - click(findTestObject("GBMS Home Page Dropdowns/Reporting Dropdown")): Object: 'Object Repository/GBMS Home Page Dropdowns/Reporting Dropdown' is clicked on

2019-04-24 10:57:56 - [MESSAGE][PASSED] - Object: 'Object Repository/GBMS Home Page Dropdowns/Reporting Dropdown' is clicked on

2019-04-24 10:57:56 - [TEST_STEP][PASSED] - verifyElementClickable(findTestObject("GBMS Home Page Dropdowns/Saved Reports Option")): Object 'Object Repository/GBMS Home Page Dropdowns/Saved Reports Option' is clickable

2019-04-24 10:57:56 - [MESSAGE][PASSED] - Object 'Object Repository/GBMS Home Page Dropdowns/Saved Reports Option' is clickable

2019-04-24 10:57:56 - [TEST_STEP][PASSED] - click(findTestObject("GBMS Home Page Dropdowns/Saved Reports Option")): Object: 'Object Repository/GBMS Home Page Dropdowns/Saved Reports Option' is clicked on

2019-04-24 10:57:57 - [MESSAGE][PASSED] - Object: 'Object Repository/GBMS Home Page Dropdowns/Saved Reports Option' is clicked on

2019-04-24 10:57:57 - [TEST_STEP][PASSED] - waitForPageLoad(0): Wait for page load successfully

2019-04-24 10:57:57 - [MESSAGE][WARNING] - Timeout '0' is invalid. Using default page load timeout: '30'

2019-04-24 10:57:57 - [MESSAGE][PASSED] - Wait for page load successfully

2019-04-24 10:57:57 - [TEST_STEP][PASSED] - verifyElementVisible(findTestObject("Saved Reports/Saved Reports")): Object 'Object Repository/Saved Reports/Saved Reports' is visible

2019-04-24 10:57:57 - [MESSAGE][PASSED] - Object 'Object Repository/Saved Reports/Saved Reports' is visible

2019-04-24 10:57:57 - [TEST_STEP][PASSED] - back(): Navigate back successfully

2019-04-24 10:57:57 - [MESSAGE][PASSED] - Navigate back successfully

2019-04-24 10:57:57 - [TEST_STEP][PASSED] - waitForPageLoad(0): Wait for page load successfully

2019-04-24 10:57:57 - [MESSAGE][WARNING] - Timeout '0' is invalid. Using default page load timeout: '30'

2019-04-24 10:57:57 - [MESSAGE][PASSED] - Wait for page load successfully

2019-04-24 10:57:57 - [TEST_STEP][PASSED] - verifyElementVisible(findTestObject("GBMS Home Page/GBX Logo")): Object 'Object Repository/GBMS Home Page/GBX Logo' is visible

2019-04-24 10:57:57 - [MESSAGE][PASSED] - Object 'Object Repository/GBMS Home Page/GBX Logo' is visible

2019-04-24 10:57:57 - [TEST_STEP][PASSED] - verifyElementClickable(findTestObject("GBMS Home Page Dropdowns/Reporting Dropdown")): Object 'Object Repository/GBMS Home Page Dropdowns/Reporting Dropdown' is clickable

2019-04-24 10:57:57 - [MESSAGE][PASSED] - Object 'Object Repository/GBMS Home Page Dropdowns/Reporting Dropdown' is clickable

2019-04-24 10:57:57 - [TEST_STEP][PASSED] - click(findTestObject("GBMS Home Page Dropdowns/Reporting Dropdown")): Object: 'Object Repository/GBMS Home Page Dropdowns/Reporting Dropdown' is clicked on

2019-04-24 10:57:57 - [MESSAGE][PASSED] - Object: 'Object Repository/GBMS Home Page Dropdowns/Reporting Dropdown' is clicked on

2019-04-24 10:57:57 - [TEST_STEP][PASSED] - verifyElementClickable(findTestObject("GBMS Home Page Dropdowns/AAR Car Type Codes")): Object 'Object Repository/GBMS Home Page Dropdowns/AAR Car Type Codes' is clickable

2019-04-24 10:57:57 - [MESSAGE][PASSED] - Object 'Object Repository/GBMS Home Page Dropdowns/AAR Car Type Codes' is clickable

2019-04-24 10:57:57 - [TEST_STEP][PASSED] - click(findTestObject("GBMS Home Page Dropdowns/AAR Car Type Codes")): Object: 'Object Repository/GBMS Home Page Dropdowns/AAR Car Type Codes' is clicked on

2019-04-24 10:58:09 - [MESSAGE][PASSED] - Object: 'Object Repository/GBMS Home Page Dropdowns/AAR Car Type Codes' is clicked on

2019-04-24 10:58:09 - [TEST_STEP][PASSED] - waitForPageLoad(0): Wait for page load successfully

2019-04-24 10:58:09 - [MESSAGE][WARNING] - Timeout '0' is invalid. Using default page load timeout: '30'

2019-04-24 10:58:09 - [MESSAGE][PASSED] - Wait for page load successfully

2019-04-24 10:58:09 - [TEST_STEP][PASSED] - verifyElementVisible(findTestObject("AAR Car Type Code Search/AAR Car Type Code Search")): Object 'Object Repository/AAR Car Type Code Search/AAR Car Type Code Search' is visible

2019-04-24 10:58:09 - [MESSAGE][PASSED] - Object 'Object Repository/AAR Car Type Code Search/AAR Car Type Code Search' is visible

2019-04-24 10:58:09 - [TEST_STEP][PASSED] - back(): Navigate back successfully

2019-04-24 10:58:09 - [MESSAGE][PASSED] - Navigate back successfully

2019-04-24 10:58:09 - [TEST_STEP][PASSED] - waitForPageLoad(0): Wait for page load successfully

2019-04-24 10:58:09 - [MESSAGE][WARNING] - Timeout '0' is invalid. Using default page load timeout: '30'

2019-04-24 10:58:09 - [MESSAGE][PASSED] - Wait for page load successfully

2019-04-24 10:58:09 - [TEST_STEP][PASSED] - verifyElementVisible(findTestObject("GBMS Home Page/GBX Logo")): Object 'Object Repository/GBMS Home Page/GBX Logo' is visible

2019-04-24 10:58:09 - [MESSAGE][PASSED] - Object 'Object Repository/GBMS Home Page/GBX Logo' is visible

2019-04-24 10:58:09 - [TEST_STEP][PASSED] - verifyElementClickable(findTestObject("GBMS Home Page Dropdowns/Reporting Dropdown")): Object 'Object Repository/GBMS Home Page Dropdowns/Reporting Dropdown' is clickable

2019-04-24 10:58:09 - [MESSAGE][PASSED] - Object 'Object Repository/GBMS Home Page Dropdowns/Reporting Dropdown' is clickable

2019-04-24 10:58:09 - [TEST_STEP][PASSED] - click(findTestObject("GBMS Home Page Dropdowns/Reporting Dropdown")): Object: 'Object Repository/GBMS Home Page Dropdowns/Reporting Dropdown' is clicked on

2019-04-24 10:58:09 - [MESSAGE][PASSED] - Object: 'Object Repository/GBMS Home Page Dropdowns/Reporting Dropdown' is clicked on

2019-04-24 10:58:09 - [TEST_STEP][PASSED] - verifyElementClickable(findTestObject("GBMS Home Page Dropdowns/Manage Reports Option")): Object 'Object Repository/GBMS Home Page Dropdowns/Manage Reports Option' is clickable

2019-04-24 10:58:09 - [MESSAGE][PASSED] - Object 'Object Repository/GBMS Home Page Dropdowns/Manage Reports Option' is clickable

2019-04-24 10:58:09 - [TEST_STEP][PASSED] - click(findTestObject("GBMS Home Page Dropdowns/Manage Reports Option")): Object: 'Object Repository/GBMS Home Page Dropdowns/Manage Reports Option' is clicked on

2019-04-24 10:58:10 - [MESSAGE][PASSED] - Object: 'Object Repository/GBMS Home Page Dropdowns/Manage Reports Option' is clicked on

2019-04-24 10:58:10 - [TEST_STEP][PASSED] - waitForPageLoad(0): Wait for page load successfully

2019-04-24 10:58:10 - [MESSAGE][WARNING] - Timeout '0' is invalid. Using default page load timeout: '30'

2019-04-24 10:58:10 - [MESSAGE][PASSED] - Wait for page load successfully

2019-04-24 10:58:10 - [TEST_STEP][PASSED] - verifyElementVisible(findTestObject("Report Management/Report Management")): Object 'Object Repository/Report Management/Report Management' is visible

2019-04-24 10:58:10 - [MESSAGE][PASSED] - Object 'Object Repository/Report Management/Report Management' is visible

2019-04-24 10:58:10 - [TEST_STEP][PASSED] - back(): Navigate back successfully

2019-04-24 10:58:10 - [MESSAGE][PASSED] - Navigate back successfully

2019-04-24 10:58:10 - [TEST_STEP][PASSED] - waitForPageLoad(0): Wait for page load successfully

2019-04-24 10:58:10 - [MESSAGE][WARNING] - Timeout '0' is invalid. Using default page load timeout: '30'

2019-04-24 10:58:10 - [MESSAGE][PASSED] - Wait for page load successfully

2019-04-24 10:58:10 - [TEST_STEP][PASSED] - verifyElementVisible(findTestObject("GBMS Home Page/GBX Logo")): Object 'Object Repository/GBMS Home Page/GBX Logo' is visible

2019-04-24 10:58:10 - [MESSAGE][PASSED] - Object 'Object Repository/GBMS Home Page/GBX Logo' is visible

2019-04-24 10:58:10 - [TEST_STEP][PASSED] - verifyElementClickable(findTestObject("GBMS Home Page Dropdowns/Reporting Dropdown")): Object 'Object Repository/GBMS Home Page Dropdowns/Reporting Dropdown' is clickable

2019-04-24 10:58:10 - [MESSAGE][PASSED] - Object 'Object Repository/GBMS Home Page Dropdowns/Reporting Dropdown' is clickable

2019-04-24 10:58:10 - [TEST_STEP][PASSED] - click(findTestObject("GBMS Home Page Dropdowns/Reporting Dropdown")): Object: 'Object Repository/GBMS Home Page Dropdowns/Reporting Dropdown' is clicked on

2019-04-24 10:58:11 - [MESSAGE][PASSED] - Object: 'Object Repository/GBMS Home Page Dropdowns/Reporting Dropdown' is clicked on

2019-04-24 10:58:11 - [TEST_STEP][PASSED] - verifyElementClickable(findTestObject("GBMS Home Page Dropdowns/Report Repository Option")): Object 'Object Repository/GBMS Home Page Dropdowns/Report Repository Option' is clickable

2019-04-24 10:58:11 - [MESSAGE][PASSED] - Object 'Object Repository/GBMS Home Page Dropdowns/Report Repository Option' is clickable

2019-04-24 10:58:11 - [TEST_STEP][PASSED] - click(findTestObject("GBMS Home Page Dropdowns/Report Repository Option")): Object: 'Object Repository/GBMS Home Page Dropdowns/Report Repository Option' is clicked on

2019-04-24 10:58:11 - [MESSAGE][PASSED] - Object: 'Object Repository/GBMS Home Page Dropdowns/Report Repository Option' is clicked on

2019-04-24 10:58:11 - [TEST_STEP][PASSED] - waitForPageLoad(0): Wait for page load successfully

2019-04-24 10:58:11 - [MESSAGE][WARNING] - Timeout '0' is invalid. Using default page load timeout: '30'

2019-04-24 10:58:11 - [MESSAGE][PASSED] - Wait for page load successfully

2019-04-24 10:58:11 - [TEST_STEP][PASSED] - verifyElementVisible(findTestObject("Report Repository Search/Report Repository Search")): Object 'Object Repository/Report Repository Search/Report Repository Search' is visible

2019-04-24 10:58:11 - [MESSAGE][PASSED] - Object 'Object Repository/Report Repository Search/Report Repository Search' is visible

2019-04-24 10:58:11 - [TEST_STEP][PASSED] - back(): Navigate back successfully

2019-04-24 10:58:11 - [MESSAGE][PASSED] - Navigate back successfully

2019-04-24 10:58:11 - [TEST_STEP][PASSED] - waitForPageLoad(0): Wait for page load successfully

2019-04-24 10:58:11 - [MESSAGE][WARNING] - Timeout '0' is invalid. Using default page load timeout: '30'

2019-04-24 10:58:11 - [MESSAGE][PASSED] - Wait for page load successfully

2019-04-24 10:58:11 - [TEST_STEP][PASSED] - verifyElementVisible(findTestObject("GBMS Home Page/GBX Logo")): Object 'Object Repository/GBMS Home Page/GBX Logo' is visible

2019-04-24 10:58:11 - [MESSAGE][PASSED] - Object 'Object Repository/GBMS Home Page/GBX Logo' is visible

2019-04-24 10:58:11 - [TEST_STEP][PASSED] - verifyElementClickable(findTestObject("GBMS Home Page Dropdowns/Reporting Dropdown")): Object 'Object Repository/GBMS Home Page Dropdowns/Reporting Dropdown' is clickable

2019-04-24 10:58:11 - [MESSAGE][PASSED] - Object 'Object Repository/GBMS Home Page Dropdowns/Reporting Dropdown' is clickable

2019-04-24 10:58:11 - [TEST_STEP][PASSED] - click(findTestObject("GBMS Home Page Dropdowns/Reporting Dropdown")): Object: 'Object Repository/GBMS Home Page Dropdowns/Reporting Dropdown' is clicked on

2019-04-24 10:58:11 - [MESSAGE][PASSED] - Object: 'Object Repository/GBMS Home Page Dropdowns/Reporting Dropdown' is clicked on

2019-04-24 10:58:11 - [TEST_STEP][PASSED] - verifyElementClickable(findTestObject("GBMS Home Page Dropdowns/Report Images Option")): Object 'Object Repository/GBMS Home Page Dropdowns/Report Images Option' is clickable

2019-04-24 10:58:11 - [MESSAGE][PASSED] - Object 'Object Repository/GBMS Home Page Dropdowns/Report Images Option' is clickable

2019-04-24 10:58:11 - [TEST_STEP][PASSED] - click(findTestObject("GBMS Home Page Dropdowns/Report Images Option")): Object: 'Object Repository/GBMS Home Page Dropdowns/Report Images Option' is clicked on

2019-04-24 10:58:12 - [MESSAGE][PASSED] - Object: 'Object Repository/GBMS Home Page Dropdowns/Report Images Option' is clicked on

2019-04-24 10:58:12 - [TEST_STEP][PASSED] - waitForPageLoad(0): Wait for page load successfully

2019-04-24 10:58:12 - [MESSAGE][WARNING] - Timeout '0' is invalid. Using default page load timeout: '30'

2019-04-24 10:58:12 - [MESSAGE][PASSED] - Wait for page load successfully

2019-04-24 10:58:12 - [TEST_STEP][PASSED] - verifyElementVisible(findTestObject("Report Images/Report Images")): Object 'Object Repository/Report Images/Report Images' is visible

2019-04-24 10:58:12 - [MESSAGE][PASSED] - Object 'Object Repository/Report Images/Report Images' is visible

2019-04-24 10:58:12 - [TEST_STEP][PASSED] - back(): Navigate back successfully

2019-04-24 10:58:12 - [MESSAGE][PASSED] - Navigate back successfully

2019-04-24 10:58:12 - [TEST_STEP][PASSED] - waitForPageLoad(0): Wait for page load successfully

2019-04-24 10:58:12 - [MESSAGE][WARNING] - Timeout '0' is invalid. Using default page load timeout: '30'

2019-04-24 10:58:12 - [MESSAGE][PASSED] - Wait for page load successfully

2019-04-24 10:58:12 - [TEST_STEP][PASSED] - verifyElementVisible(findTestObject("GBMS Home Page/GBX Logo")): Object 'Object Repository/GBMS Home Page/GBX Logo' is visible

2019-04-24 10:58:12 - [MESSAGE][PASSED] - Object 'Object Repository/GBMS Home Page/GBX Logo' is visible

2019-04-24 10:58:12 - [TEST_STEP][PASSED] - verifyElementClickable(findTestObject("GBMS Home Page Dropdowns/Reporting Dropdown")): Object 'Object Repository/GBMS Home Page Dropdowns/Reporting Dropdown' is clickable

2019-04-24 10:58:12 - [MESSAGE][PASSED] - Object 'Object Repository/GBMS Home Page Dropdowns/Reporting Dropdown' is clickable

2019-04-24 10:58:12 - [TEST_STEP][PASSED] - click(findTestObject("GBMS Home Page Dropdowns/Reporting Dropdown")): Object: 'Object Repository/GBMS Home Page Dropdowns/Reporting Dropdown' is clicked on

2019-04-24 10:58:12 - [MESSAGE][PASSED] - Object: 'Object Repository/GBMS Home Page Dropdowns/Reporting Dropdown' is clicked on

2019-04-24 10:58:12 - [TEST_STEP][PASSED] - verifyElementClickable(findTestObject("GBMS Home Page Dropdowns/Report Themes Option")): Object 'Object Repository/GBMS Home Page Dropdowns/Report Themes Option' is clickable

2019-04-24 10:58:12 - [MESSAGE][PASSED] - Object 'Object Repository/GBMS Home Page Dropdowns/Report Themes Option' is clickable

2019-04-24 10:58:12 - [TEST_STEP][PASSED] - click(findTestObject("GBMS Home Page Dropdowns/Report Themes Option")): Object: 'Object Repository/GBMS Home Page Dropdowns/Report Themes Option' is clicked on

2019-04-24 10:58:13 - [MESSAGE][PASSED] - Object: 'Object Repository/GBMS Home Page Dropdowns/Report Themes Option' is clicked on

2019-04-24 10:58:13 - [TEST_STEP][PASSED] - waitForPageLoad(0): Wait for page load successfully

2019-04-24 10:58:13 - [MESSAGE][WARNING] - Timeout '0' is invalid. Using default page load timeout: '30'

2019-04-24 10:58:13 - [MESSAGE][PASSED] - Wait for page load successfully

2019-04-24 10:58:13 - [TEST_STEP][PASSED] - verifyElementVisible(findTestObject("Report Themes/Report Themes")): Object 'Object Repository/Report Themes/Report Themes' is visible

2019-04-24 10:58:13 - [MESSAGE][PASSED] - Object 'Object Repository/Report Themes/Report Themes' is visible

2019-04-24 10:58:13 - [TEST_STEP][PASSED] - back(): Navigate back successfully

2019-04-24 10:58:14 - [MESSAGE][PASSED] - Navigate back successfully

2019-04-24 10:58:14 - [TEST_STEP][PASSED] - waitForPageLoad(0): Wait for page load successfully

2019-04-24 10:58:14 - [MESSAGE][WARNING] - Timeout '0' is invalid. Using default page load timeout: '30'

2019-04-24 10:58:14 - [MESSAGE][PASSED] - Wait for page load successfully

2019-04-24 10:58:14 - [TEST_STEP][PASSED] - verifyElementVisible(findTestObject("GBMS Home Page/GBX Logo")): Object 'Object Repository/GBMS Home Page/GBX Logo' is visible

2019-04-24 10:58:14 - [MESSAGE][PASSED] - Object 'Object Repository/GBMS Home Page/GBX Logo' is visible

2019-04-24 10:58:14 - [TEST_STEP][PASSED] - verifyElementClickable(findTestObject("GBMS Home Page Dropdowns/Reporting Dropdown")): Object 'Object Repository/GBMS Home Page Dropdowns/Reporting Dropdown' is clickable

2019-04-24 10:58:14 - [MESSAGE][PASSED] - Object 'Object Repository/GBMS Home Page Dropdowns/Reporting Dropdown' is clickable

2019-04-24 10:58:14 - [TEST_STEP][PASSED] - click(findTestObject("GBMS Home Page Dropdowns/Reporting Dropdown")): Object: 'Object Repository/GBMS Home Page Dropdowns/Reporting Dropdown' is clicked on

2019-04-24 10:58:14 - [MESSAGE][PASSED] - Object: 'Object Repository/GBMS Home Page Dropdowns/Reporting Dropdown' is clicked on

2019-04-24 10:58:14 - [TEST_STEP][PASSED] - verifyElementClickable(findTestObject("GBMS Home Page Dropdowns/Plant Dashboard Option")): Object 'Object Repository/GBMS Home Page Dropdowns/Plant Dashboard Option' is clickable

2019-04-24 10:58:14 - [MESSAGE][PASSED] - Object 'Object Repository/GBMS Home Page Dropdowns/Plant Dashboard Option' is clickable

2019-04-24 10:58:14 - [TEST_STEP][PASSED] - click(findTestObject("GBMS Home Page Dropdowns/Plant Dashboard Option")): Object: 'Object Repository/GBMS Home Page Dropdowns/Plant Dashboard Option' is clicked on

2019-04-24 10:58:16 - [MESSAGE][PASSED] - Object: 'Object Repository/GBMS Home Page Dropdowns/Plant Dashboard Option' is clicked on

2019-04-24 10:58:16 - [TEST_STEP][PASSED] - waitForPageLoad(0): Wait for page load successfully

2019-04-24 10:58:16 - [MESSAGE][WARNING] - Timeout '0' is invalid. Using default page load timeout: '30'

2019-04-24 10:58:16 - [MESSAGE][PASSED] - Wait for page load successfully

2019-04-24 10:58:16 - [TEST_STEP][PASSED] - verifyElementVisible(findTestObject("Plant Dashboard/Select Company")): Object 'Object Repository/Plant Dashboard/Select Company' is visible

2019-04-24 10:58:16 - [MESSAGE][PASSED] - Object 'Object Repository/Plant Dashboard/Select Company' is visible

2019-04-24 10:58:16 - [TEST_STEP][PASSED] - verifyElementVisible(findTestObject("Plant Dashboard/Latest Trips by Car Mark")): Object 'Object Repository/Plant Dashboard/Latest Trips by Car Mark' is visible

2019-04-24 10:58:16 - [MESSAGE][PASSED] - Object 'Object Repository/Plant Dashboard/Latest Trips by Car Mark' is visible

2019-04-24 10:58:16 - [TEST_STEP][PASSED] - verifyElementVisible(findTestObject("Plant Dashboard/Search Trips by PO Number")): Object 'Object Repository/Plant Dashboard/Search Trips by PO Number' is visible

2019-04-24 10:58:16 - [MESSAGE][PASSED] - Object 'Object Repository/Plant Dashboard/Search Trips by PO Number' is visible

2019-04-24 10:58:16 - [TEST_STEP][PASSED] - back(): Navigate back successfully

2019-04-24 10:58:16 - [MESSAGE][PASSED] - Navigate back successfully

2019-04-24 10:58:16 - [TEST_STEP][PASSED] - waitForPageLoad(0): Wait for page load successfully

2019-04-24 10:58:16 - [MESSAGE][WARNING] - Timeout '0' is invalid. Using default page load timeout: '30'

2019-04-24 10:58:16 - [MESSAGE][PASSED] - Wait for page load successfully

2019-04-24 10:58:16 - [TEST_STEP][PASSED] - verifyElementVisible(findTestObject("GBMS Home Page/GBX Logo")): Object 'Object Repository/GBMS Home Page/GBX Logo' is visible

2019-04-24 10:58:16 - [MESSAGE][PASSED] - Object 'Object Repository/GBMS Home Page/GBX Logo' is visible

2019-04-24 10:58:16 - [TEST_STEP][PASSED] - verifyElementClickable(findTestObject("GBMS Home Page Dropdowns/Reporting Dropdown")): Object 'Object Repository/GBMS Home Page Dropdowns/Reporting Dropdown' is clickable

2019-04-24 10:58:16 - [MESSAGE][PASSED] - Object 'Object Repository/GBMS Home Page Dropdowns/Reporting Dropdown' is clickable

2019-04-24 10:58:16 - [TEST_STEP][PASSED] - click(findTestObject("GBMS Home Page Dropdowns/Reporting Dropdown")): Object: 'Object Repository/GBMS Home Page Dropdowns/Reporting Dropdown' is clicked on

2019-04-24 10:58:16 - [MESSAGE][PASSED] - Object: 'Object Repository/GBMS Home Page Dropdowns/Reporting Dropdown' is clicked on

2019-04-24 10:58:16 - [TEST_STEP][PASSED] - verifyElementClickable(findTestObject("GBMS Home Page Dropdowns/Problem Trip Dashboard Option")): Object 'Object Repository/GBMS Home Page Dropdowns/Problem Trip Dashboard Option' is clickable

2019-04-24 10:58:16 - [MESSAGE][PASSED] - Object 'Object Repository/GBMS Home Page Dropdowns/Problem Trip Dashboard Option' is clickable

2019-04-24 10:58:16 - [TEST_STEP][PASSED] - click(findTestObject("GBMS Home Page Dropdowns/Problem Trip Dashboard Option")): Object: 'Object Repository/GBMS Home Page Dropdowns/Problem Trip Dashboard Option' is clicked on

2019-04-24 10:58:17 - [MESSAGE][PASSED] - Object: 'Object Repository/GBMS Home Page Dropdowns/Problem Trip Dashboard Option' is clicked on

2019-04-24 10:58:17 - [TEST_STEP][PASSED] - waitForPageLoad(0): Wait for page load successfully

2019-04-24 10:58:17 - [MESSAGE][WARNING] - Timeout '0' is invalid. Using default page load timeout: '30'

2019-04-24 10:58:17 - [MESSAGE][PASSED] - Wait for page load successfully

2019-04-24 10:58:17 - [TEST_STEP][PASSED] - verifyElementVisible(findTestObject("Trip Problem Overview/Car Status by Car Mark")): Object 'Object Repository/Trip Problem Overview/Car Status by Car Mark' is visible

2019-04-24 10:58:17 - [MESSAGE][PASSED] - Object 'Object Repository/Trip Problem Overview/Car Status by Car Mark' is visible

2019-04-24 10:58:17 - [TEST_STEP][PASSED] - verifyElementVisible(findTestObject("Trip Problem Overview/Search Trips by PO Number")): Object 'Object Repository/Trip Problem Overview/Search Trips by PO Number' is visible

2019-04-24 10:58:17 - [MESSAGE][PASSED] - Object 'Object Repository/Trip Problem Overview/Search Trips by PO Number' is visible

2019-04-24 10:58:17 - [TEST_STEP][PASSED] - verifyElementVisible(findTestObject("Trip Problem Overview/Trip Problems")): Object 'Object Repository/Trip Problem Overview/Trip Problems' is visible

2019-04-24 10:58:17 - [MESSAGE][PASSED] - Object 'Object Repository/Trip Problem Overview/Trip Problems' is visible

2019-04-24 10:58:17 - [TEST_STEP][PASSED] - back(): Navigate back successfully

2019-04-24 10:58:18 - [MESSAGE][PASSED] - Navigate back successfully

2019-04-24 10:58:18 - [TEST_STEP][PASSED] - waitForPageLoad(0): Wait for page load successfully

2019-04-24 10:58:18 - [MESSAGE][WARNING] - Timeout '0' is invalid. Using default page load timeout: '30'

2019-04-24 10:58:20 - [MESSAGE][PASSED] - Wait for page load successfully

2019-04-24 10:58:20 - [TEST_STEP][PASSED] - verifyElementVisible(findTestObject("GBMS Home Page/GBX Logo")): Object 'Object Repository/GBMS Home Page/GBX Logo' is visible

2019-04-24 10:58:20 - [MESSAGE][PASSED] - Object 'Object Repository/GBMS Home Page/GBX Logo' is visible

2019-04-24 10:58:20 - [TEST_STEP][PASSED] - closeBrowser(): Browser is closed

2019-04-24 10:58:21 - [MESSAGE][PASSED] - Browser is closed]]></system-out>
         <system-err><![CDATA[]]></system-err>
      </testcase>
      <testcase name="Test Cases/ScreenCrawl/ScreenCrawlToolsDropdown" classname="Test Cases/ScreenCrawl/ScreenCrawlToolsDropdown" status="PASSED">
         <system-out><![CDATA[2019-04-24 10:58:23 - [TEST_CASE][PASSED] - Test Cases/ScreenCrawl/ScreenCrawlToolsDropdown: Test Cases/ScreenCrawl/ScreenCrawlToolsDropdown

2019-04-24 10:58:23 - [TEST_STEP][PASSED] - openBrowser(""): Browser is opened with url: ''

2019-04-24 10:58:23 - [MESSAGE][INFO] - Starting 'Chrome' driver

2019-04-24 10:58:28 - [MESSAGE][PASSED] - Browser is opened with url: ''

2019-04-24 10:58:28 - [TEST_STEP][PASSED] - deleteAllCookies(): Delete all cookies successfully

2019-04-24 10:58:28 - [MESSAGE][PASSED] - Delete all cookies successfully

2019-04-24 10:58:28 - [TEST_STEP][PASSED] - maximizeWindow(): Current window maximized

2019-04-24 10:58:29 - [MESSAGE][PASSED] - Current window maximized

2019-04-24 10:58:29 - [TEST_STEP][PASSED] - navigateToUrl("http://enspire-qa.gbrx.com/"): Navigate to 'http://enspire-qa.gbrx.com/' successfully

2019-04-24 10:58:31 - [MESSAGE][PASSED] - Navigate to 'http://enspire-qa.gbrx.com/' successfully

2019-04-24 10:58:31 - [TEST_STEP][PASSED] - waitForPageLoad(0): Wait for page load successfully

2019-04-24 10:58:31 - [MESSAGE][WARNING] - Timeout '0' is invalid. Using default page load timeout: '30'

2019-04-24 10:58:31 - [MESSAGE][PASSED] - Wait for page load successfully

2019-04-24 10:58:31 - [TEST_STEP][PASSED] - sendKeys(findTestObject("Login Page/Username Field"), ScreenCrawlUser): Keys 'GMS/ScreenCrawlAllRoles' sent to object: 'Object Repository/Login Page/Username Field'

2019-04-24 10:58:31 - [MESSAGE][PASSED] - Keys 'GMS/ScreenCrawlAllRoles' sent to object: 'Object Repository/Login Page/Username Field'

2019-04-24 10:58:31 - [TEST_STEP][PASSED] - sendKeys(findTestObject("Login Page/Password Field"), ScreenCrawlPass): Keys '123456789' sent to object: 'Object Repository/Login Page/Password Field'

2019-04-24 10:58:31 - [MESSAGE][PASSED] - Keys '123456789' sent to object: 'Object Repository/Login Page/Password Field'

2019-04-24 10:58:31 - [TEST_STEP][PASSED] - click(findTestObject("Login Page/Login Button")): Object: 'Object Repository/Login Page/Login Button' is clicked on

2019-04-24 10:58:32 - [MESSAGE][PASSED] - Object: 'Object Repository/Login Page/Login Button' is clicked on

2019-04-24 10:58:32 - [TEST_STEP][PASSED] - waitForPageLoad(0): Wait for page load successfully

2019-04-24 10:58:32 - [MESSAGE][WARNING] - Timeout '0' is invalid. Using default page load timeout: '30'

2019-04-24 10:58:32 - [MESSAGE][PASSED] - Wait for page load successfully

2019-04-24 10:58:32 - [TEST_STEP][PASSED] - verifyElementVisible(findTestObject("GBMS Home Page/GBX Logo")): Object 'Object Repository/GBMS Home Page/GBX Logo' is visible

2019-04-24 10:58:32 - [MESSAGE][PASSED] - Object 'Object Repository/GBMS Home Page/GBX Logo' is visible

2019-04-24 10:58:32 - [TEST_STEP][PASSED] - verifyElementClickable(findTestObject("GBMS Home Page Dropdowns/Tools Dropdown")): Object 'Object Repository/GBMS Home Page Dropdowns/Tools Dropdown' is clickable

2019-04-24 10:58:32 - [MESSAGE][PASSED] - Object 'Object Repository/GBMS Home Page Dropdowns/Tools Dropdown' is clickable

2019-04-24 10:58:32 - [TEST_STEP][PASSED] - click(findTestObject("GBMS Home Page Dropdowns/Tools Dropdown")): Object: 'Object Repository/GBMS Home Page Dropdowns/Tools Dropdown' is clicked on

2019-04-24 10:58:32 - [MESSAGE][PASSED] - Object: 'Object Repository/GBMS Home Page Dropdowns/Tools Dropdown' is clicked on

2019-04-24 10:58:32 - [TEST_STEP][PASSED] - verifyElementClickable(findTestObject("GBMS Home Page Dropdowns/Search Documents Option")): Object 'Object Repository/GBMS Home Page Dropdowns/Search Documents Option' is clickable

2019-04-24 10:58:32 - [MESSAGE][PASSED] - Object 'Object Repository/GBMS Home Page Dropdowns/Search Documents Option' is clickable

2019-04-24 10:58:32 - [TEST_STEP][PASSED] - click(findTestObject("GBMS Home Page Dropdowns/Search Documents Option")): Object: 'Object Repository/GBMS Home Page Dropdowns/Search Documents Option' is clicked on

2019-04-24 10:58:33 - [MESSAGE][PASSED] - Object: 'Object Repository/GBMS Home Page Dropdowns/Search Documents Option' is clicked on

2019-04-24 10:58:33 - [TEST_STEP][PASSED] - waitForPageLoad(0): Wait for page load successfully

2019-04-24 10:58:33 - [MESSAGE][WARNING] - Timeout '0' is invalid. Using default page load timeout: '30'

2019-04-24 10:58:33 - [MESSAGE][PASSED] - Wait for page load successfully

2019-04-24 10:58:33 - [TEST_STEP][PASSED] - verifyElementVisible(findTestObject("Object Repository/Tools Search Documents/Tools Search Documents")): Object 'Object Repository/Tools Search Documents/Tools Search Documents' is visible

2019-04-24 10:58:33 - [MESSAGE][PASSED] - Object 'Object Repository/Tools Search Documents/Tools Search Documents' is visible

2019-04-24 10:58:33 - [TEST_STEP][PASSED] - back(): Navigate back successfully

2019-04-24 10:58:33 - [MESSAGE][PASSED] - Navigate back successfully

2019-04-24 10:58:33 - [TEST_STEP][PASSED] - waitForPageLoad(0): Wait for page load successfully

2019-04-24 10:58:33 - [MESSAGE][WARNING] - Timeout '0' is invalid. Using default page load timeout: '30'

2019-04-24 10:58:33 - [MESSAGE][PASSED] - Wait for page load successfully

2019-04-24 10:58:33 - [TEST_STEP][PASSED] - verifyElementVisible(findTestObject("GBMS Home Page/GBX Logo")): Object 'Object Repository/GBMS Home Page/GBX Logo' is visible

2019-04-24 10:58:33 - [MESSAGE][PASSED] - Object 'Object Repository/GBMS Home Page/GBX Logo' is visible

2019-04-24 10:58:33 - [TEST_STEP][PASSED] - closeBrowser(): Browser is closed

2019-04-24 10:58:34 - [MESSAGE][PASSED] - Browser is closed]]></system-out>
         <system-err><![CDATA[]]></system-err>
      </testcase>
      <testcase name="Test Cases/ScreenCrawl/ScreenCrawlTrackTraceDropdown" classname="Test Cases/ScreenCrawl/ScreenCrawlTrackTraceDropdown" status="PASSED">
         <system-out><![CDATA[2019-04-24 10:58:36 - [TEST_CASE][PASSED] - Test Cases/ScreenCrawl/ScreenCrawlTrackTraceDropdown: Test Cases/ScreenCrawl/ScreenCrawlTrackTraceDropdown

2019-04-24 10:58:36 - [TEST_STEP][PASSED] - openBrowser(""): Browser is opened with url: ''

2019-04-24 10:58:36 - [MESSAGE][INFO] - Starting 'Chrome' driver

2019-04-24 10:58:40 - [MESSAGE][PASSED] - Browser is opened with url: ''

2019-04-24 10:58:40 - [TEST_STEP][PASSED] - deleteAllCookies(): Delete all cookies successfully

2019-04-24 10:58:40 - [MESSAGE][PASSED] - Delete all cookies successfully

2019-04-24 10:58:40 - [TEST_STEP][PASSED] - maximizeWindow(): Current window maximized

2019-04-24 10:58:41 - [MESSAGE][PASSED] - Current window maximized

2019-04-24 10:58:41 - [TEST_STEP][PASSED] - navigateToUrl("http://enspire-qa.gbrx.com/"): Navigate to 'http://enspire-qa.gbrx.com/' successfully

2019-04-24 10:58:43 - [MESSAGE][PASSED] - Navigate to 'http://enspire-qa.gbrx.com/' successfully

2019-04-24 10:58:43 - [TEST_STEP][PASSED] - waitForPageLoad(0): Wait for page load successfully

2019-04-24 10:58:43 - [MESSAGE][WARNING] - Timeout '0' is invalid. Using default page load timeout: '30'

2019-04-24 10:58:43 - [MESSAGE][PASSED] - Wait for page load successfully

2019-04-24 10:58:43 - [TEST_STEP][PASSED] - sendKeys(findTestObject("Login Page/Username Field"), ScreenCrawlUser): Keys 'GMS/ScreenCrawlAllRoles' sent to object: 'Object Repository/Login Page/Username Field'

2019-04-24 10:58:43 - [MESSAGE][PASSED] - Keys 'GMS/ScreenCrawlAllRoles' sent to object: 'Object Repository/Login Page/Username Field'

2019-04-24 10:58:43 - [TEST_STEP][PASSED] - sendKeys(findTestObject("Login Page/Password Field"), ScreenCrawlPass): Keys '123456789' sent to object: 'Object Repository/Login Page/Password Field'

2019-04-24 10:58:43 - [MESSAGE][PASSED] - Keys '123456789' sent to object: 'Object Repository/Login Page/Password Field'

2019-04-24 10:58:43 - [TEST_STEP][PASSED] - click(findTestObject("Login Page/Login Button")): Object: 'Object Repository/Login Page/Login Button' is clicked on

2019-04-24 10:58:44 - [MESSAGE][PASSED] - Object: 'Object Repository/Login Page/Login Button' is clicked on

2019-04-24 10:58:44 - [TEST_STEP][PASSED] - waitForPageLoad(0): Wait for page load successfully

2019-04-24 10:58:44 - [MESSAGE][WARNING] - Timeout '0' is invalid. Using default page load timeout: '30'

2019-04-24 10:58:44 - [MESSAGE][PASSED] - Wait for page load successfully

2019-04-24 10:58:44 - [TEST_STEP][PASSED] - verifyElementVisible(findTestObject("GBMS Home Page/GBX Logo")): Object 'Object Repository/GBMS Home Page/GBX Logo' is visible

2019-04-24 10:58:44 - [MESSAGE][PASSED] - Object 'Object Repository/GBMS Home Page/GBX Logo' is visible

2019-04-24 10:58:44 - [TEST_STEP][PASSED] - verifyElementClickable(findTestObject("GBMS Home Page Dropdowns/Track Trace Dropdown")): Object 'Object Repository/GBMS Home Page Dropdowns/Track Trace Dropdown' is clickable

2019-04-24 10:58:44 - [MESSAGE][PASSED] - Object 'Object Repository/GBMS Home Page Dropdowns/Track Trace Dropdown' is clickable

2019-04-24 10:58:44 - [TEST_STEP][PASSED] - click(findTestObject("GBMS Home Page Dropdowns/Track Trace Dropdown")): Object: 'Object Repository/GBMS Home Page Dropdowns/Track Trace Dropdown' is clicked on

2019-04-24 10:58:44 - [MESSAGE][PASSED] - Object: 'Object Repository/GBMS Home Page Dropdowns/Track Trace Dropdown' is clicked on

2019-04-24 10:58:44 - [TEST_STEP][PASSED] - verifyElementClickable(findTestObject("GBMS Home Page Dropdowns/Car Status")): Object 'Object Repository/GBMS Home Page Dropdowns/Car Status' is clickable

2019-04-24 10:58:44 - [MESSAGE][PASSED] - Object 'Object Repository/GBMS Home Page Dropdowns/Car Status' is clickable

2019-04-24 10:58:44 - [TEST_STEP][PASSED] - click(findTestObject("GBMS Home Page Dropdowns/Car Status")): Object: 'Object Repository/GBMS Home Page Dropdowns/Car Status' is clicked on

2019-04-24 10:58:45 - [MESSAGE][PASSED] - Object: 'Object Repository/GBMS Home Page Dropdowns/Car Status' is clicked on

2019-04-24 10:58:45 - [TEST_STEP][PASSED] - waitForPageLoad(0): Wait for page load successfully

2019-04-24 10:58:45 - [MESSAGE][WARNING] - Timeout '0' is invalid. Using default page load timeout: '30'

2019-04-24 10:58:45 - [MESSAGE][PASSED] - Wait for page load successfully

2019-04-24 10:58:45 - [TEST_STEP][PASSED] - verifyElementVisible(findTestObject("Car Status/Enter Cars to See Status")): Object 'Object Repository/Car Status/Enter Cars to See Status' is visible

2019-04-24 10:58:45 - [MESSAGE][PASSED] - Object 'Object Repository/Car Status/Enter Cars to See Status' is visible

2019-04-24 10:58:45 - [TEST_STEP][PASSED] - back(): Navigate back successfully

2019-04-24 10:58:45 - [MESSAGE][PASSED] - Navigate back successfully

2019-04-24 10:58:45 - [TEST_STEP][PASSED] - waitForPageLoad(0): Wait for page load successfully

2019-04-24 10:58:45 - [MESSAGE][WARNING] - Timeout '0' is invalid. Using default page load timeout: '30'

2019-04-24 10:58:45 - [MESSAGE][PASSED] - Wait for page load successfully

2019-04-24 10:58:45 - [TEST_STEP][PASSED] - verifyElementVisible(findTestObject("GBMS Home Page/GBX Logo")): Object 'Object Repository/GBMS Home Page/GBX Logo' is visible

2019-04-24 10:58:45 - [MESSAGE][PASSED] - Object 'Object Repository/GBMS Home Page/GBX Logo' is visible

2019-04-24 10:58:45 - [TEST_STEP][PASSED] - verifyElementClickable(findTestObject("GBMS Home Page Dropdowns/Track Trace Dropdown")): Object 'Object Repository/GBMS Home Page Dropdowns/Track Trace Dropdown' is clickable

2019-04-24 10:58:45 - [MESSAGE][PASSED] - Object 'Object Repository/GBMS Home Page Dropdowns/Track Trace Dropdown' is clickable

2019-04-24 10:58:45 - [TEST_STEP][PASSED] - click(findTestObject("GBMS Home Page Dropdowns/Track Trace Dropdown")): Object: 'Object Repository/GBMS Home Page Dropdowns/Track Trace Dropdown' is clicked on

2019-04-24 10:58:45 - [MESSAGE][PASSED] - Object: 'Object Repository/GBMS Home Page Dropdowns/Track Trace Dropdown' is clicked on

2019-04-24 10:58:45 - [TEST_STEP][PASSED] - verifyElementClickable(findTestObject("GBMS Home Page Dropdowns/Search Existing CLMs Option")): Object 'Object Repository/GBMS Home Page Dropdowns/Search Existing CLMs Option' is clickable

2019-04-24 10:58:45 - [MESSAGE][PASSED] - Object 'Object Repository/GBMS Home Page Dropdowns/Search Existing CLMs Option' is clickable

2019-04-24 10:58:45 - [TEST_STEP][PASSED] - click(findTestObject("GBMS Home Page Dropdowns/Search Existing CLMs Option")): Object: 'Object Repository/GBMS Home Page Dropdowns/Search Existing CLMs Option' is clicked on

2019-04-24 10:58:47 - [MESSAGE][PASSED] - Object: 'Object Repository/GBMS Home Page Dropdowns/Search Existing CLMs Option' is clicked on

2019-04-24 10:58:47 - [TEST_STEP][PASSED] - waitForPageLoad(0): Wait for page load successfully

2019-04-24 10:58:47 - [MESSAGE][WARNING] - Timeout '0' is invalid. Using default page load timeout: '30'

2019-04-24 10:58:47 - [MESSAGE][PASSED] - Wait for page load successfully

2019-04-24 10:58:47 - [TEST_STEP][PASSED] - verifyElementVisible(findTestObject("CLM Search/CLM Search")): Object 'Object Repository/CLM Search/CLM Search' is visible

2019-04-24 10:58:47 - [MESSAGE][PASSED] - Object 'Object Repository/CLM Search/CLM Search' is visible

2019-04-24 10:58:47 - [TEST_STEP][PASSED] - back(): Navigate back successfully

2019-04-24 10:58:47 - [MESSAGE][PASSED] - Navigate back successfully

2019-04-24 10:58:47 - [TEST_STEP][PASSED] - waitForPageLoad(0): Wait for page load successfully

2019-04-24 10:58:47 - [MESSAGE][WARNING] - Timeout '0' is invalid. Using default page load timeout: '30'

2019-04-24 10:58:47 - [MESSAGE][PASSED] - Wait for page load successfully

2019-04-24 10:58:47 - [TEST_STEP][PASSED] - verifyElementClickable(findTestObject("GBMS Home Page Dropdowns/Track Trace Dropdown")): Object 'Object Repository/GBMS Home Page Dropdowns/Track Trace Dropdown' is clickable

2019-04-24 10:58:47 - [MESSAGE][PASSED] - Object 'Object Repository/GBMS Home Page Dropdowns/Track Trace Dropdown' is clickable

2019-04-24 10:58:47 - [TEST_STEP][PASSED] - click(findTestObject("GBMS Home Page Dropdowns/Track Trace Dropdown")): Object: 'Object Repository/GBMS Home Page Dropdowns/Track Trace Dropdown' is clicked on

2019-04-24 10:58:47 - [MESSAGE][PASSED] - Object: 'Object Repository/GBMS Home Page Dropdowns/Track Trace Dropdown' is clicked on

2019-04-24 10:58:47 - [TEST_STEP][PASSED] - verifyElementClickable(findTestObject("GBMS Home Page Dropdowns/Trace List Option")): Object 'Object Repository/GBMS Home Page Dropdowns/Trace List Option' is clickable

2019-04-24 10:58:47 - [MESSAGE][PASSED] - Object 'Object Repository/GBMS Home Page Dropdowns/Trace List Option' is clickable

2019-04-24 10:58:47 - [TEST_STEP][PASSED] - click(findTestObject("GBMS Home Page Dropdowns/Trace List Option")): Object: 'Object Repository/GBMS Home Page Dropdowns/Trace List Option' is clicked on

2019-04-24 10:58:48 - [MESSAGE][PASSED] - Object: 'Object Repository/GBMS Home Page Dropdowns/Trace List Option' is clicked on

2019-04-24 10:58:48 - [TEST_STEP][PASSED] - waitForPageLoad(0): Wait for page load successfully

2019-04-24 10:58:48 - [MESSAGE][WARNING] - Timeout '0' is invalid. Using default page load timeout: '30'

2019-04-24 10:58:48 - [MESSAGE][PASSED] - Wait for page load successfully

2019-04-24 10:58:48 - [TEST_STEP][PASSED] - verifyElementVisible(findTestObject("Tracing Project Search/Tracing Project Search")): Object 'Object Repository/Tracing Project Search/Tracing Project Search' is visible

2019-04-24 10:58:48 - [MESSAGE][PASSED] - Object 'Object Repository/Tracing Project Search/Tracing Project Search' is visible

2019-04-24 10:58:48 - [TEST_STEP][PASSED] - back(): Navigate back successfully

2019-04-24 10:58:48 - [MESSAGE][PASSED] - Navigate back successfully

2019-04-24 10:58:48 - [TEST_STEP][PASSED] - waitForPageLoad(0): Wait for page load successfully

2019-04-24 10:58:48 - [MESSAGE][WARNING] - Timeout '0' is invalid. Using default page load timeout: '30'

2019-04-24 10:58:48 - [MESSAGE][PASSED] - Wait for page load successfully

2019-04-24 10:58:48 - [TEST_STEP][PASSED] - verifyElementClickable(findTestObject("GBMS Home Page Dropdowns/Track Trace Dropdown")): Object 'Object Repository/GBMS Home Page Dropdowns/Track Trace Dropdown' is clickable

2019-04-24 10:58:48 - [MESSAGE][PASSED] - Object 'Object Repository/GBMS Home Page Dropdowns/Track Trace Dropdown' is clickable

2019-04-24 10:58:48 - [TEST_STEP][PASSED] - click(findTestObject("GBMS Home Page Dropdowns/Track Trace Dropdown")): Object: 'Object Repository/GBMS Home Page Dropdowns/Track Trace Dropdown' is clicked on

2019-04-24 10:58:48 - [MESSAGE][PASSED] - Object: 'Object Repository/GBMS Home Page Dropdowns/Track Trace Dropdown' is clicked on

2019-04-24 10:58:48 - [TEST_STEP][PASSED] - verifyElementClickable(findTestObject("GBMS Home Page Dropdowns/CLM Request Option")): Object 'Object Repository/GBMS Home Page Dropdowns/CLM Request Option' is clickable

2019-04-24 10:58:48 - [MESSAGE][PASSED] - Object 'Object Repository/GBMS Home Page Dropdowns/CLM Request Option' is clickable

2019-04-24 10:58:48 - [TEST_STEP][PASSED] - click(findTestObject("GBMS Home Page Dropdowns/CLM Request Option")): Object: 'Object Repository/GBMS Home Page Dropdowns/CLM Request Option' is clicked on

2019-04-24 10:58:49 - [MESSAGE][PASSED] - Object: 'Object Repository/GBMS Home Page Dropdowns/CLM Request Option' is clicked on

2019-04-24 10:58:49 - [TEST_STEP][PASSED] - waitForPageLoad(0): Wait for page load successfully

2019-04-24 10:58:49 - [MESSAGE][WARNING] - Timeout '0' is invalid. Using default page load timeout: '30'

2019-04-24 10:58:49 - [MESSAGE][PASSED] - Wait for page load successfully

2019-04-24 10:58:49 - [TEST_STEP][PASSED] - verifyElementVisible(findTestObject("Object Repository/CLM Requests/25 Most Recent CLM Requests")): Object 'Object Repository/CLM Requests/25 Most Recent CLM Requests' is visible

2019-04-24 10:58:50 - [MESSAGE][PASSED] - Object 'Object Repository/CLM Requests/25 Most Recent CLM Requests' is visible

2019-04-24 10:58:50 - [TEST_STEP][PASSED] - back(): Navigate back successfully

2019-04-24 10:58:50 - [MESSAGE][PASSED] - Navigate back successfully

2019-04-24 10:58:50 - [TEST_STEP][PASSED] - waitForPageLoad(0): Wait for page load successfully

2019-04-24 10:58:50 - [MESSAGE][WARNING] - Timeout '0' is invalid. Using default page load timeout: '30'

2019-04-24 10:58:50 - [MESSAGE][PASSED] - Wait for page load successfully

2019-04-24 10:58:50 - [TEST_STEP][PASSED] - verifyElementClickable(findTestObject("GBMS Home Page Dropdowns/Track Trace Dropdown")): Object 'Object Repository/GBMS Home Page Dropdowns/Track Trace Dropdown' is clickable

2019-04-24 10:58:50 - [MESSAGE][PASSED] - Object 'Object Repository/GBMS Home Page Dropdowns/Track Trace Dropdown' is clickable

2019-04-24 10:58:50 - [TEST_STEP][PASSED] - click(findTestObject("GBMS Home Page Dropdowns/Track Trace Dropdown")): Object: 'Object Repository/GBMS Home Page Dropdowns/Track Trace Dropdown' is clicked on

2019-04-24 10:58:50 - [MESSAGE][PASSED] - Object: 'Object Repository/GBMS Home Page Dropdowns/Track Trace Dropdown' is clicked on

2019-04-24 10:58:50 - [TEST_STEP][PASSED] - verifyElementClickable(findTestObject("GBMS Home Page Dropdowns/Current Location Map Option")): Object 'Object Repository/GBMS Home Page Dropdowns/Current Location Map Option' is clickable

2019-04-24 10:58:50 - [MESSAGE][PASSED] - Object 'Object Repository/GBMS Home Page Dropdowns/Current Location Map Option' is clickable

2019-04-24 10:58:50 - [TEST_STEP][PASSED] - click(findTestObject("GBMS Home Page Dropdowns/Current Location Map Option")): Object: 'Object Repository/GBMS Home Page Dropdowns/Current Location Map Option' is clicked on

2019-04-24 10:58:52 - [MESSAGE][PASSED] - Object: 'Object Repository/GBMS Home Page Dropdowns/Current Location Map Option' is clicked on

2019-04-24 10:58:52 - [TEST_STEP][PASSED] - waitForPageLoad(0): Wait for page load successfully

2019-04-24 10:58:52 - [MESSAGE][WARNING] - Timeout '0' is invalid. Using default page load timeout: '30'

2019-04-24 10:58:52 - [MESSAGE][PASSED] - Wait for page load successfully

2019-04-24 10:58:52 - [TEST_STEP][PASSED] - verifyElementVisible(findTestObject("Object Repository/Current Location Map/Current Location Search")): Object 'Object Repository/Current Location Map/Current Location Search' is visible

2019-04-24 10:58:52 - [MESSAGE][PASSED] - Object 'Object Repository/Current Location Map/Current Location Search' is visible

2019-04-24 10:58:52 - [TEST_STEP][PASSED] - verifyElementVisible(findTestObject("Object Repository/Current Location Map/Pin Color Modes")): Object 'Object Repository/Current Location Map/Pin Color Modes' is visible

2019-04-24 10:58:52 - [MESSAGE][PASSED] - Object 'Object Repository/Current Location Map/Pin Color Modes' is visible

2019-04-24 10:58:52 - [TEST_STEP][PASSED] - back(): Navigate back successfully

2019-04-24 10:58:52 - [MESSAGE][PASSED] - Navigate back successfully

2019-04-24 10:58:52 - [TEST_STEP][PASSED] - waitForPageLoad(0): Wait for page load successfully

2019-04-24 10:58:52 - [MESSAGE][WARNING] - Timeout '0' is invalid. Using default page load timeout: '30'

2019-04-24 10:58:52 - [MESSAGE][PASSED] - Wait for page load successfully

2019-04-24 10:58:52 - [TEST_STEP][PASSED] - verifyElementClickable(findTestObject("GBMS Home Page Dropdowns/Track Trace Dropdown")): Object 'Object Repository/GBMS Home Page Dropdowns/Track Trace Dropdown' is clickable

2019-04-24 10:58:52 - [MESSAGE][PASSED] - Object 'Object Repository/GBMS Home Page Dropdowns/Track Trace Dropdown' is clickable

2019-04-24 10:58:52 - [TEST_STEP][PASSED] - click(findTestObject("GBMS Home Page Dropdowns/Track Trace Dropdown")): Object: 'Object Repository/GBMS Home Page Dropdowns/Track Trace Dropdown' is clicked on

2019-04-24 10:58:52 - [MESSAGE][PASSED] - Object: 'Object Repository/GBMS Home Page Dropdowns/Track Trace Dropdown' is clicked on

2019-04-24 10:58:52 - [TEST_STEP][PASSED] - verifyElementClickable(findTestObject("GBMS Home Page Dropdowns/Car History Map Option")): Object 'Object Repository/GBMS Home Page Dropdowns/Car History Map Option' is clickable

2019-04-24 10:58:52 - [MESSAGE][PASSED] - Object 'Object Repository/GBMS Home Page Dropdowns/Car History Map Option' is clickable

2019-04-24 10:58:52 - [TEST_STEP][PASSED] - click(findTestObject("GBMS Home Page Dropdowns/Car History Map Option")): Object: 'Object Repository/GBMS Home Page Dropdowns/Car History Map Option' is clicked on

2019-04-24 10:58:54 - [MESSAGE][PASSED] - Object: 'Object Repository/GBMS Home Page Dropdowns/Car History Map Option' is clicked on

2019-04-24 10:58:54 - [TEST_STEP][PASSED] - waitForPageLoad(0): Wait for page load successfully

2019-04-24 10:58:54 - [MESSAGE][WARNING] - Timeout '0' is invalid. Using default page load timeout: '30'

2019-04-24 10:58:54 - [MESSAGE][PASSED] - Wait for page load successfully

2019-04-24 10:58:54 - [TEST_STEP][PASSED] - verifyElementVisible(findTestObject("Object Repository/Car History Map/Car Search")): Object 'Object Repository/Car History Map/Car Search' is visible

2019-04-24 10:58:54 - [MESSAGE][PASSED] - Object 'Object Repository/Car History Map/Car Search' is visible

2019-04-24 10:58:54 - [TEST_STEP][PASSED] - verifyElementVisible(findTestObject("Object Repository/Car History Map/Legend")): Object 'Object Repository/Car History Map/Legend' is visible

2019-04-24 10:58:54 - [MESSAGE][PASSED] - Object 'Object Repository/Car History Map/Legend' is visible

2019-04-24 10:58:54 - [TEST_STEP][PASSED] - back(): Navigate back successfully

2019-04-24 10:58:55 - [MESSAGE][PASSED] - Navigate back successfully

2019-04-24 10:58:55 - [TEST_STEP][PASSED] - waitForPageLoad(0): Wait for page load successfully

2019-04-24 10:58:55 - [MESSAGE][WARNING] - Timeout '0' is invalid. Using default page load timeout: '30'

2019-04-24 10:58:55 - [MESSAGE][PASSED] - Wait for page load successfully

2019-04-24 10:58:55 - [TEST_STEP][PASSED] - verifyElementVisible(findTestObject("GBMS Home Page/GBX Logo")): Object 'Object Repository/GBMS Home Page/GBX Logo' is visible

2019-04-24 10:58:56 - [MESSAGE][PASSED] - Object 'Object Repository/GBMS Home Page/GBX Logo' is visible

2019-04-24 10:58:56 - [TEST_STEP][PASSED] - closeBrowser(): Browser is closed

2019-04-24 10:58:56 - [MESSAGE][PASSED] - Browser is closed]]></system-out>
         <system-err><![CDATA[]]></system-err>
      </testcase>
      <testcase name="Test Cases/ScreenCrawl/ScreenCrawlTripsDropdown" classname="Test Cases/ScreenCrawl/ScreenCrawlTripsDropdown" status="PASSED">
         <system-out><![CDATA[2019-04-24 10:58:59 - [TEST_CASE][PASSED] - Test Cases/ScreenCrawl/ScreenCrawlTripsDropdown: Test Cases/ScreenCrawl/ScreenCrawlTripsDropdown

2019-04-24 10:58:59 - [TEST_STEP][PASSED] - openBrowser(""): Browser is opened with url: ''

2019-04-24 10:58:59 - [MESSAGE][INFO] - Starting 'Chrome' driver

2019-04-24 10:59:03 - [MESSAGE][PASSED] - Browser is opened with url: ''

2019-04-24 10:59:03 - [TEST_STEP][PASSED] - deleteAllCookies(): Delete all cookies successfully

2019-04-24 10:59:03 - [MESSAGE][PASSED] - Delete all cookies successfully

2019-04-24 10:59:03 - [TEST_STEP][PASSED] - maximizeWindow(): Current window maximized

2019-04-24 10:59:04 - [MESSAGE][PASSED] - Current window maximized

2019-04-24 10:59:04 - [TEST_STEP][PASSED] - navigateToUrl("http://enspire-qa.gbrx.com/"): Navigate to 'http://enspire-qa.gbrx.com/' successfully

2019-04-24 10:59:06 - [MESSAGE][PASSED] - Navigate to 'http://enspire-qa.gbrx.com/' successfully

2019-04-24 10:59:06 - [TEST_STEP][PASSED] - waitForPageLoad(0): Wait for page load successfully

2019-04-24 10:59:06 - [MESSAGE][WARNING] - Timeout '0' is invalid. Using default page load timeout: '30'

2019-04-24 10:59:06 - [MESSAGE][PASSED] - Wait for page load successfully

2019-04-24 10:59:06 - [TEST_STEP][PASSED] - sendKeys(findTestObject("Login Page/Username Field"), ScreenCrawlUser): Keys 'GMS/ScreenCrawlAllRoles' sent to object: 'Object Repository/Login Page/Username Field'

2019-04-24 10:59:06 - [MESSAGE][PASSED] - Keys 'GMS/ScreenCrawlAllRoles' sent to object: 'Object Repository/Login Page/Username Field'

2019-04-24 10:59:06 - [TEST_STEP][PASSED] - sendKeys(findTestObject("Login Page/Password Field"), ScreenCrawlPass): Keys '123456789' sent to object: 'Object Repository/Login Page/Password Field'

2019-04-24 10:59:06 - [MESSAGE][PASSED] - Keys '123456789' sent to object: 'Object Repository/Login Page/Password Field'

2019-04-24 10:59:06 - [TEST_STEP][PASSED] - click(findTestObject("Login Page/Login Button")): Object: 'Object Repository/Login Page/Login Button' is clicked on

2019-04-24 10:59:07 - [MESSAGE][PASSED] - Object: 'Object Repository/Login Page/Login Button' is clicked on

2019-04-24 10:59:07 - [TEST_STEP][PASSED] - waitForPageLoad(0): Wait for page load successfully

2019-04-24 10:59:07 - [MESSAGE][WARNING] - Timeout '0' is invalid. Using default page load timeout: '30'

2019-04-24 10:59:07 - [MESSAGE][PASSED] - Wait for page load successfully

2019-04-24 10:59:07 - [TEST_STEP][PASSED] - verifyElementVisible(findTestObject("GBMS Home Page/GBX Logo")): Object 'Object Repository/GBMS Home Page/GBX Logo' is visible

2019-04-24 10:59:07 - [MESSAGE][PASSED] - Object 'Object Repository/GBMS Home Page/GBX Logo' is visible

2019-04-24 10:59:07 - [TEST_STEP][PASSED] - verifyElementClickable(findTestObject("GBMS Home Page Dropdowns/Trips Dropdown")): Object 'Object Repository/GBMS Home Page Dropdowns/Trips Dropdown' is clickable

2019-04-24 10:59:07 - [MESSAGE][PASSED] - Object 'Object Repository/GBMS Home Page Dropdowns/Trips Dropdown' is clickable

2019-04-24 10:59:07 - [TEST_STEP][PASSED] - click(findTestObject("GBMS Home Page Dropdowns/Trips Dropdown")): Object: 'Object Repository/GBMS Home Page Dropdowns/Trips Dropdown' is clicked on

2019-04-24 10:59:07 - [MESSAGE][PASSED] - Object: 'Object Repository/GBMS Home Page Dropdowns/Trips Dropdown' is clicked on

2019-04-24 10:59:07 - [TEST_STEP][PASSED] - verifyElementClickable(findTestObject("GBMS Home Page Dropdowns/Trip Search Dropdown Option")): Object 'Object Repository/GBMS Home Page Dropdowns/Trip Search Dropdown Option' is clickable

2019-04-24 10:59:07 - [MESSAGE][PASSED] - Object 'Object Repository/GBMS Home Page Dropdowns/Trip Search Dropdown Option' is clickable

2019-04-24 10:59:07 - [TEST_STEP][PASSED] - click(findTestObject("GBMS Home Page Dropdowns/Trip Search Dropdown Option")): Object: 'Object Repository/GBMS Home Page Dropdowns/Trip Search Dropdown Option' is clicked on

2019-04-24 10:59:08 - [MESSAGE][PASSED] - Object: 'Object Repository/GBMS Home Page Dropdowns/Trip Search Dropdown Option' is clicked on

2019-04-24 10:59:08 - [TEST_STEP][PASSED] - waitForPageLoad(0): Wait for page load successfully

2019-04-24 10:59:08 - [MESSAGE][WARNING] - Timeout '0' is invalid. Using default page load timeout: '30'

2019-04-24 10:59:08 - [MESSAGE][PASSED] - Wait for page load successfully

2019-04-24 10:59:08 - [TEST_STEP][PASSED] - verifyElementVisible(findTestObject("Trip Search/Trip Search")): Object 'Object Repository/Trip Search/Trip Search' is visible

2019-04-24 10:59:08 - [MESSAGE][PASSED] - Object 'Object Repository/Trip Search/Trip Search' is visible

2019-04-24 10:59:08 - [TEST_STEP][PASSED] - back(): Navigate back successfully

2019-04-24 10:59:08 - [MESSAGE][PASSED] - Navigate back successfully

2019-04-24 10:59:08 - [TEST_STEP][PASSED] - waitForPageLoad(0): Wait for page load successfully

2019-04-24 10:59:08 - [MESSAGE][WARNING] - Timeout '0' is invalid. Using default page load timeout: '30'

2019-04-24 10:59:08 - [MESSAGE][PASSED] - Wait for page load successfully

2019-04-24 10:59:08 - [TEST_STEP][PASSED] - verifyElementVisible(findTestObject("GBMS Home Page/GBX Logo")): Object 'Object Repository/GBMS Home Page/GBX Logo' is visible

2019-04-24 10:59:08 - [MESSAGE][PASSED] - Object 'Object Repository/GBMS Home Page/GBX Logo' is visible

2019-04-24 10:59:08 - [TEST_STEP][PASSED] - verifyElementClickable(findTestObject("GBMS Home Page Dropdowns/Trips Dropdown")): Object 'Object Repository/GBMS Home Page Dropdowns/Trips Dropdown' is clickable

2019-04-24 10:59:08 - [MESSAGE][PASSED] - Object 'Object Repository/GBMS Home Page Dropdowns/Trips Dropdown' is clickable

2019-04-24 10:59:08 - [TEST_STEP][PASSED] - click(findTestObject("GBMS Home Page Dropdowns/Trips Dropdown")): Object: 'Object Repository/GBMS Home Page Dropdowns/Trips Dropdown' is clicked on

2019-04-24 10:59:08 - [MESSAGE][PASSED] - Object: 'Object Repository/GBMS Home Page Dropdowns/Trips Dropdown' is clicked on

2019-04-24 10:59:08 - [TEST_STEP][PASSED] - verifyElementClickable(findTestObject("GBMS Home Page Dropdowns/Unit Train Trips Dropdown Option")): Object 'Object Repository/GBMS Home Page Dropdowns/Unit Train Trips Dropdown Option' is clickable

2019-04-24 10:59:08 - [MESSAGE][PASSED] - Object 'Object Repository/GBMS Home Page Dropdowns/Unit Train Trips Dropdown Option' is clickable

2019-04-24 10:59:08 - [TEST_STEP][PASSED] - click(findTestObject("GBMS Home Page Dropdowns/Unit Train Trips Dropdown Option")): Object: 'Object Repository/GBMS Home Page Dropdowns/Unit Train Trips Dropdown Option' is clicked on

2019-04-24 10:59:09 - [MESSAGE][PASSED] - Object: 'Object Repository/GBMS Home Page Dropdowns/Unit Train Trips Dropdown Option' is clicked on

2019-04-24 10:59:09 - [TEST_STEP][PASSED] - waitForPageLoad(0): Wait for page load successfully

2019-04-24 10:59:09 - [MESSAGE][WARNING] - Timeout '0' is invalid. Using default page load timeout: '30'

2019-04-24 10:59:09 - [MESSAGE][PASSED] - Wait for page load successfully

2019-04-24 10:59:09 - [TEST_STEP][PASSED] - verifyElementVisible(findTestObject("Object Repository/Unit Train Search/Unit Train Search")): Object 'Object Repository/Unit Train Search/Unit Train Search' is visible

2019-04-24 10:59:09 - [MESSAGE][PASSED] - Object 'Object Repository/Unit Train Search/Unit Train Search' is visible

2019-04-24 10:59:09 - [TEST_STEP][PASSED] - back(): Navigate back successfully

2019-04-24 10:59:10 - [MESSAGE][PASSED] - Navigate back successfully

2019-04-24 10:59:10 - [TEST_STEP][PASSED] - waitForPageLoad(0): Wait for page load successfully

2019-04-24 10:59:10 - [MESSAGE][WARNING] - Timeout '0' is invalid. Using default page load timeout: '30'

2019-04-24 10:59:10 - [MESSAGE][PASSED] - Wait for page load successfully

2019-04-24 10:59:10 - [TEST_STEP][PASSED] - verifyElementVisible(findTestObject("GBMS Home Page/GBX Logo")): Object 'Object Repository/GBMS Home Page/GBX Logo' is visible

2019-04-24 10:59:10 - [MESSAGE][PASSED] - Object 'Object Repository/GBMS Home Page/GBX Logo' is visible

2019-04-24 10:59:10 - [TEST_STEP][PASSED] - verifyElementClickable(findTestObject("GBMS Home Page Dropdowns/Trips Dropdown")): Object 'Object Repository/GBMS Home Page Dropdowns/Trips Dropdown' is clickable

2019-04-24 10:59:10 - [MESSAGE][PASSED] - Object 'Object Repository/GBMS Home Page Dropdowns/Trips Dropdown' is clickable

2019-04-24 10:59:10 - [TEST_STEP][PASSED] - click(findTestObject("GBMS Home Page Dropdowns/Trips Dropdown")): Object: 'Object Repository/GBMS Home Page Dropdowns/Trips Dropdown' is clicked on

2019-04-24 10:59:10 - [MESSAGE][PASSED] - Object: 'Object Repository/GBMS Home Page Dropdowns/Trips Dropdown' is clicked on

2019-04-24 10:59:10 - [TEST_STEP][PASSED] - verifyElementClickable(findTestObject("GBMS Home Page Dropdowns/Create Trips Dropdown Option")): Object 'Object Repository/GBMS Home Page Dropdowns/Create Trips Dropdown Option' is clickable

2019-04-24 10:59:10 - [MESSAGE][PASSED] - Object 'Object Repository/GBMS Home Page Dropdowns/Create Trips Dropdown Option' is clickable

2019-04-24 10:59:10 - [TEST_STEP][PASSED] - click(findTestObject("GBMS Home Page Dropdowns/Create Trips Dropdown Option")): Object: 'Object Repository/GBMS Home Page Dropdowns/Create Trips Dropdown Option' is clicked on

2019-04-24 10:59:12 - [MESSAGE][PASSED] - Object: 'Object Repository/GBMS Home Page Dropdowns/Create Trips Dropdown Option' is clicked on

2019-04-24 10:59:12 - [TEST_STEP][PASSED] - waitForPageLoad(0): Wait for page load successfully

2019-04-24 10:59:12 - [MESSAGE][WARNING] - Timeout '0' is invalid. Using default page load timeout: '30'

2019-04-24 10:59:12 - [MESSAGE][PASSED] - Wait for page load successfully

2019-04-24 10:59:12 - [TEST_STEP][PASSED] - verifyElementVisible(findTestObject("Object Repository/Create Trips/Car Details")): Object 'Object Repository/Create Trips/Car Details' is visible

2019-04-24 10:59:12 - [MESSAGE][PASSED] - Object 'Object Repository/Create Trips/Car Details' is visible

2019-04-24 10:59:12 - [TEST_STEP][PASSED] - verifyElementVisible(findTestObject("Object Repository/Create Trips/Common BOL Data")): Object 'Object Repository/Create Trips/Common BOL Data' is visible

2019-04-24 10:59:12 - [MESSAGE][PASSED] - Object 'Object Repository/Create Trips/Common BOL Data' is visible

2019-04-24 10:59:12 - [TEST_STEP][PASSED] - verifyElementVisible(findTestObject("Object Repository/Create Trips/Movement")): Object 'Object Repository/Create Trips/Movement' is visible

2019-04-24 10:59:12 - [MESSAGE][PASSED] - Object 'Object Repository/Create Trips/Movement' is visible

2019-04-24 10:59:12 - [TEST_STEP][PASSED] - back(): Navigate back successfully

2019-04-24 10:59:12 - [MESSAGE][PASSED] - Navigate back successfully

2019-04-24 10:59:12 - [TEST_STEP][PASSED] - waitForPageLoad(0): Wait for page load successfully

2019-04-24 10:59:12 - [MESSAGE][WARNING] - Timeout '0' is invalid. Using default page load timeout: '30'

2019-04-24 10:59:12 - [MESSAGE][PASSED] - Wait for page load successfully

2019-04-24 10:59:12 - [TEST_STEP][PASSED] - verifyElementVisible(findTestObject("GBMS Home Page/GBX Logo")): Object 'Object Repository/GBMS Home Page/GBX Logo' is visible

2019-04-24 10:59:12 - [MESSAGE][PASSED] - Object 'Object Repository/GBMS Home Page/GBX Logo' is visible

2019-04-24 10:59:12 - [TEST_STEP][PASSED] - verifyElementClickable(findTestObject("GBMS Home Page Dropdowns/Trips Dropdown")): Object 'Object Repository/GBMS Home Page Dropdowns/Trips Dropdown' is clickable

2019-04-24 10:59:12 - [MESSAGE][PASSED] - Object 'Object Repository/GBMS Home Page Dropdowns/Trips Dropdown' is clickable

2019-04-24 10:59:12 - [TEST_STEP][PASSED] - click(findTestObject("GBMS Home Page Dropdowns/Trips Dropdown")): Object: 'Object Repository/GBMS Home Page Dropdowns/Trips Dropdown' is clicked on

2019-04-24 10:59:12 - [MESSAGE][PASSED] - Object: 'Object Repository/GBMS Home Page Dropdowns/Trips Dropdown' is clicked on

2019-04-24 10:59:12 - [TEST_STEP][PASSED] - verifyElementClickable(findTestObject("GBMS Home Page Dropdowns/Trip Patterns Dropdown Option")): Object 'Object Repository/GBMS Home Page Dropdowns/Trip Patterns Dropdown Option' is clickable

2019-04-24 10:59:12 - [MESSAGE][PASSED] - Object 'Object Repository/GBMS Home Page Dropdowns/Trip Patterns Dropdown Option' is clickable

2019-04-24 10:59:12 - [TEST_STEP][PASSED] - click(findTestObject("GBMS Home Page Dropdowns/Trip Patterns Dropdown Option")): Object: 'Object Repository/GBMS Home Page Dropdowns/Trip Patterns Dropdown Option' is clicked on

2019-04-24 10:59:13 - [MESSAGE][PASSED] - Object: 'Object Repository/GBMS Home Page Dropdowns/Trip Patterns Dropdown Option' is clicked on

2019-04-24 10:59:13 - [TEST_STEP][PASSED] - waitForPageLoad(0): Wait for page load successfully

2019-04-24 10:59:13 - [MESSAGE][WARNING] - Timeout '0' is invalid. Using default page load timeout: '30'

2019-04-24 10:59:13 - [MESSAGE][PASSED] - Wait for page load successfully

2019-04-24 10:59:13 - [TEST_STEP][PASSED] - verifyElementVisible(findTestObject("Object Repository/Trip Pattern Search/Trip Pattern Search")): Object 'Object Repository/Trip Pattern Search/Trip Pattern Search' is visible

2019-04-24 10:59:13 - [MESSAGE][PASSED] - Object 'Object Repository/Trip Pattern Search/Trip Pattern Search' is visible

2019-04-24 10:59:13 - [TEST_STEP][PASSED] - back(): Navigate back successfully

2019-04-24 10:59:13 - [MESSAGE][PASSED] - Navigate back successfully

2019-04-24 10:59:13 - [TEST_STEP][PASSED] - waitForPageLoad(0): Wait for page load successfully

2019-04-24 10:59:13 - [MESSAGE][WARNING] - Timeout '0' is invalid. Using default page load timeout: '30'

2019-04-24 10:59:13 - [MESSAGE][PASSED] - Wait for page load successfully

2019-04-24 10:59:13 - [TEST_STEP][PASSED] - verifyElementVisible(findTestObject("GBMS Home Page/GBX Logo")): Object 'Object Repository/GBMS Home Page/GBX Logo' is visible

2019-04-24 10:59:13 - [MESSAGE][PASSED] - Object 'Object Repository/GBMS Home Page/GBX Logo' is visible

2019-04-24 10:59:13 - [TEST_STEP][PASSED] - verifyElementClickable(findTestObject("GBMS Home Page Dropdowns/Trips Dropdown")): Object 'Object Repository/GBMS Home Page Dropdowns/Trips Dropdown' is clickable

2019-04-24 10:59:13 - [MESSAGE][PASSED] - Object 'Object Repository/GBMS Home Page Dropdowns/Trips Dropdown' is clickable

2019-04-24 10:59:13 - [TEST_STEP][PASSED] - click(findTestObject("GBMS Home Page Dropdowns/Trips Dropdown")): Object: 'Object Repository/GBMS Home Page Dropdowns/Trips Dropdown' is clicked on

2019-04-24 10:59:13 - [MESSAGE][PASSED] - Object: 'Object Repository/GBMS Home Page Dropdowns/Trips Dropdown' is clicked on

2019-04-24 10:59:13 - [TEST_STEP][PASSED] - verifyElementClickable(findTestObject("GBMS Home Page Dropdowns/In-Progress Trips Dropdown Option")): Object 'Object Repository/GBMS Home Page Dropdowns/In-Progress Trips Dropdown Option' is clickable

2019-04-24 10:59:13 - [MESSAGE][PASSED] - Object 'Object Repository/GBMS Home Page Dropdowns/In-Progress Trips Dropdown Option' is clickable

2019-04-24 10:59:13 - [TEST_STEP][PASSED] - click(findTestObject("GBMS Home Page Dropdowns/In-Progress Trips Dropdown Option")): Object: 'Object Repository/GBMS Home Page Dropdowns/In-Progress Trips Dropdown Option' is clicked on

2019-04-24 10:59:14 - [MESSAGE][PASSED] - Object: 'Object Repository/GBMS Home Page Dropdowns/In-Progress Trips Dropdown Option' is clicked on

2019-04-24 10:59:14 - [TEST_STEP][PASSED] - waitForPageLoad(0): Wait for page load successfully

2019-04-24 10:59:14 - [MESSAGE][WARNING] - Timeout '0' is invalid. Using default page load timeout: '30'

2019-04-24 10:59:14 - [MESSAGE][PASSED] - Wait for page load successfully

2019-04-24 10:59:14 - [TEST_STEP][PASSED] - verifyElementVisible(findTestObject("Object Repository/In-Progress Trips/In-Progress Trips")): Object 'Object Repository/In-Progress Trips/In-Progress Trips' is visible

2019-04-24 10:59:14 - [MESSAGE][PASSED] - Object 'Object Repository/In-Progress Trips/In-Progress Trips' is visible

2019-04-24 10:59:14 - [TEST_STEP][PASSED] - back(): Navigate back successfully

2019-04-24 10:59:14 - [MESSAGE][PASSED] - Navigate back successfully

2019-04-24 10:59:14 - [TEST_STEP][PASSED] - waitForPageLoad(0): Wait for page load successfully

2019-04-24 10:59:14 - [MESSAGE][WARNING] - Timeout '0' is invalid. Using default page load timeout: '30'

2019-04-24 10:59:14 - [MESSAGE][PASSED] - Wait for page load successfully

2019-04-24 10:59:14 - [TEST_STEP][PASSED] - verifyElementVisible(findTestObject("GBMS Home Page/GBX Logo")): Object 'Object Repository/GBMS Home Page/GBX Logo' is visible

2019-04-24 10:59:14 - [MESSAGE][PASSED] - Object 'Object Repository/GBMS Home Page/GBX Logo' is visible

2019-04-24 10:59:14 - [TEST_STEP][PASSED] - closeBrowser(): Browser is closed

2019-04-24 10:59:15 - [MESSAGE][PASSED] - Browser is closed]]></system-out>
         <system-err><![CDATA[]]></system-err>
      </testcase>
      <testcase name="Test Cases/ScreenCrawl/ScreenCrawlHelpDropdown" classname="Test Cases/ScreenCrawl/ScreenCrawlHelpDropdown" status="PASSED">
         <system-out><![CDATA[2019-04-24 10:59:17 - [TEST_CASE][PASSED] - Test Cases/ScreenCrawl/ScreenCrawlHelpDropdown: Test Cases/ScreenCrawl/ScreenCrawlHelpDropdown

2019-04-24 10:59:17 - [TEST_STEP][PASSED] - openBrowser(""): Browser is opened with url: ''

2019-04-24 10:59:17 - [MESSAGE][INFO] - Starting 'Chrome' driver

2019-04-24 10:59:20 - [MESSAGE][PASSED] - Browser is opened with url: ''

2019-04-24 10:59:20 - [TEST_STEP][PASSED] - deleteAllCookies(): Delete all cookies successfully

2019-04-24 10:59:21 - [MESSAGE][PASSED] - Delete all cookies successfully

2019-04-24 10:59:21 - [TEST_STEP][PASSED] - maximizeWindow(): Current window maximized

2019-04-24 10:59:22 - [MESSAGE][PASSED] - Current window maximized

2019-04-24 10:59:22 - [TEST_STEP][PASSED] - navigateToUrl("http://enspire-qa.gbrx.com/"): Navigate to 'http://enspire-qa.gbrx.com/' successfully

2019-04-24 10:59:24 - [MESSAGE][PASSED] - Navigate to 'http://enspire-qa.gbrx.com/' successfully

2019-04-24 10:59:24 - [TEST_STEP][PASSED] - waitForPageLoad(0): Wait for page load successfully

2019-04-24 10:59:24 - [MESSAGE][WARNING] - Timeout '0' is invalid. Using default page load timeout: '30'

2019-04-24 10:59:24 - [MESSAGE][PASSED] - Wait for page load successfully

2019-04-24 10:59:24 - [TEST_STEP][PASSED] - sendKeys(findTestObject("Login Page/Username Field"), ScreenCrawlUser): Keys 'GMS/ScreenCrawlAllRoles' sent to object: 'Object Repository/Login Page/Username Field'

2019-04-24 10:59:24 - [MESSAGE][PASSED] - Keys 'GMS/ScreenCrawlAllRoles' sent to object: 'Object Repository/Login Page/Username Field'

2019-04-24 10:59:24 - [TEST_STEP][PASSED] - sendKeys(findTestObject("Login Page/Password Field"), ScreenCrawlPass): Keys '123456789' sent to object: 'Object Repository/Login Page/Password Field'

2019-04-24 10:59:24 - [MESSAGE][PASSED] - Keys '123456789' sent to object: 'Object Repository/Login Page/Password Field'

2019-04-24 10:59:24 - [TEST_STEP][PASSED] - click(findTestObject("Login Page/Login Button")): Object: 'Object Repository/Login Page/Login Button' is clicked on

2019-04-24 10:59:25 - [MESSAGE][PASSED] - Object: 'Object Repository/Login Page/Login Button' is clicked on

2019-04-24 10:59:25 - [TEST_STEP][PASSED] - waitForPageLoad(0): Wait for page load successfully

2019-04-24 10:59:25 - [MESSAGE][WARNING] - Timeout '0' is invalid. Using default page load timeout: '30'

2019-04-24 10:59:25 - [MESSAGE][PASSED] - Wait for page load successfully

2019-04-24 10:59:25 - [TEST_STEP][PASSED] - verifyElementVisible(findTestObject("GBMS Home Page/GBX Logo")): Object 'Object Repository/GBMS Home Page/GBX Logo' is visible

2019-04-24 10:59:25 - [MESSAGE][PASSED] - Object 'Object Repository/GBMS Home Page/GBX Logo' is visible

2019-04-24 10:59:25 - [TEST_STEP][PASSED] - verifyElementClickable(findTestObject("Object Repository/GBMS Home Page Dropdowns/Help Dropdown")): Object 'Object Repository/GBMS Home Page Dropdowns/Help Dropdown' is clickable

2019-04-24 10:59:25 - [MESSAGE][PASSED] - Object 'Object Repository/GBMS Home Page Dropdowns/Help Dropdown' is clickable

2019-04-24 10:59:25 - [TEST_STEP][PASSED] - click(findTestObject("Object Repository/GBMS Home Page Dropdowns/Help Dropdown")): Object: 'Object Repository/GBMS Home Page Dropdowns/Help Dropdown' is clicked on

2019-04-24 10:59:25 - [MESSAGE][PASSED] - Object: 'Object Repository/GBMS Home Page Dropdowns/Help Dropdown' is clicked on

2019-04-24 10:59:25 - [TEST_STEP][PASSED] - verifyElementClickable(findTestObject("GBMS Home Page Dropdowns/About Enspire Option")): Object 'Object Repository/GBMS Home Page Dropdowns/About Enspire Option' is clickable

2019-04-24 10:59:25 - [MESSAGE][PASSED] - Object 'Object Repository/GBMS Home Page Dropdowns/About Enspire Option' is clickable

2019-04-24 10:59:25 - [TEST_STEP][PASSED] - click(findTestObject("GBMS Home Page Dropdowns/About Enspire Option")): Object: 'Object Repository/GBMS Home Page Dropdowns/About Enspire Option' is clicked on

2019-04-24 10:59:25 - [MESSAGE][PASSED] - Object: 'Object Repository/GBMS Home Page Dropdowns/About Enspire Option' is clicked on

2019-04-24 10:59:25 - [TEST_STEP][PASSED] - waitForPageLoad(0): Wait for page load successfully

2019-04-24 10:59:25 - [MESSAGE][WARNING] - Timeout '0' is invalid. Using default page load timeout: '30'

2019-04-24 10:59:25 - [MESSAGE][PASSED] - Wait for page load successfully

2019-04-24 10:59:25 - [TEST_STEP][PASSED] - verifyElementVisible(findTestObject("About Enspire/About Enspire")): Object 'Object Repository/About Enspire/About Enspire' is visible

2019-04-24 10:59:25 - [MESSAGE][PASSED] - Object 'Object Repository/About Enspire/About Enspire' is visible

2019-04-24 10:59:25 - [TEST_STEP][PASSED] - back(): Navigate back successfully

2019-04-24 10:59:25 - [MESSAGE][PASSED] - Navigate back successfully

2019-04-24 10:59:25 - [TEST_STEP][PASSED] - waitForPageLoad(0): Wait for page load successfully

2019-04-24 10:59:25 - [MESSAGE][WARNING] - Timeout '0' is invalid. Using default page load timeout: '30'

2019-04-24 10:59:25 - [MESSAGE][PASSED] - Wait for page load successfully

2019-04-24 10:59:25 - [TEST_STEP][PASSED] - verifyElementVisible(findTestObject("GBMS Home Page/GBX Logo")): Object 'Object Repository/GBMS Home Page/GBX Logo' is visible

2019-04-24 10:59:25 - [MESSAGE][PASSED] - Object 'Object Repository/GBMS Home Page/GBX Logo' is visible

2019-04-24 10:59:25 - [TEST_STEP][PASSED] - verifyElementClickable(findTestObject("GBMS Home Page Dropdowns/Help Dropdown")): Object 'Object Repository/GBMS Home Page Dropdowns/Help Dropdown' is clickable

2019-04-24 10:59:25 - [MESSAGE][PASSED] - Object 'Object Repository/GBMS Home Page Dropdowns/Help Dropdown' is clickable

2019-04-24 10:59:25 - [TEST_STEP][PASSED] - click(findTestObject("GBMS Home Page Dropdowns/Help Dropdown")): Object: 'Object Repository/GBMS Home Page Dropdowns/Help Dropdown' is clicked on

2019-04-24 10:59:25 - [MESSAGE][PASSED] - Object: 'Object Repository/GBMS Home Page Dropdowns/Help Dropdown' is clicked on

2019-04-24 10:59:25 - [TEST_STEP][PASSED] - verifyElementClickable(findTestObject("GBMS Home Page Dropdowns/About Entrust Option")): Object 'Object Repository/GBMS Home Page Dropdowns/About Entrust Option' is clickable

2019-04-24 10:59:25 - [MESSAGE][PASSED] - Object 'Object Repository/GBMS Home Page Dropdowns/About Entrust Option' is clickable

2019-04-24 10:59:25 - [TEST_STEP][PASSED] - click(findTestObject("GBMS Home Page Dropdowns/About Entrust Option")): Object: 'Object Repository/GBMS Home Page Dropdowns/About Entrust Option' is clicked on

2019-04-24 10:59:26 - [MESSAGE][PASSED] - Object: 'Object Repository/GBMS Home Page Dropdowns/About Entrust Option' is clicked on

2019-04-24 10:59:26 - [TEST_STEP][PASSED] - waitForPageLoad(0): Wait for page load successfully

2019-04-24 10:59:26 - [MESSAGE][WARNING] - Timeout '0' is invalid. Using default page load timeout: '30'

2019-04-24 10:59:26 - [MESSAGE][PASSED] - Wait for page load successfully

2019-04-24 10:59:26 - [TEST_STEP][PASSED] - verifyElementVisible(findTestObject("Object Repository/About Entrust/About Entrust")): Object 'Object Repository/About Entrust/About Entrust' is visible

2019-04-24 10:59:26 - [MESSAGE][PASSED] - Object 'Object Repository/About Entrust/About Entrust' is visible

2019-04-24 10:59:26 - [TEST_STEP][PASSED] - back(): Navigate back successfully

2019-04-24 10:59:26 - [MESSAGE][PASSED] - Navigate back successfully

2019-04-24 10:59:26 - [TEST_STEP][PASSED] - waitForPageLoad(0): Wait for page load successfully

2019-04-24 10:59:26 - [MESSAGE][WARNING] - Timeout '0' is invalid. Using default page load timeout: '30'

2019-04-24 10:59:26 - [MESSAGE][PASSED] - Wait for page load successfully

2019-04-24 10:59:26 - [TEST_STEP][PASSED] - verifyElementVisible(findTestObject("GBMS Home Page/GBX Logo")): Object 'Object Repository/GBMS Home Page/GBX Logo' is visible

2019-04-24 10:59:26 - [MESSAGE][PASSED] - Object 'Object Repository/GBMS Home Page/GBX Logo' is visible

2019-04-24 10:59:26 - [TEST_STEP][PASSED] - verifyElementClickable(findTestObject("GBMS Home Page Dropdowns/Help Dropdown")): Object 'Object Repository/GBMS Home Page Dropdowns/Help Dropdown' is clickable

2019-04-24 10:59:26 - [MESSAGE][PASSED] - Object 'Object Repository/GBMS Home Page Dropdowns/Help Dropdown' is clickable

2019-04-24 10:59:26 - [TEST_STEP][PASSED] - click(findTestObject("GBMS Home Page Dropdowns/Help Dropdown")): Object: 'Object Repository/GBMS Home Page Dropdowns/Help Dropdown' is clicked on

2019-04-24 10:59:26 - [MESSAGE][PASSED] - Object: 'Object Repository/GBMS Home Page Dropdowns/Help Dropdown' is clicked on

2019-04-24 10:59:26 - [TEST_STEP][PASSED] - verifyElementClickable(findTestObject("Object Repository/GBMS Home Page Dropdowns/About Envizion")): Object 'Object Repository/GBMS Home Page Dropdowns/About Envizion' is clickable

2019-04-24 10:59:26 - [MESSAGE][PASSED] - Object 'Object Repository/GBMS Home Page Dropdowns/About Envizion' is clickable

2019-04-24 10:59:26 - [TEST_STEP][PASSED] - click(findTestObject("Object Repository/GBMS Home Page Dropdowns/About Envizion")): Object: 'Object Repository/GBMS Home Page Dropdowns/About Envizion' is clicked on

2019-04-24 10:59:27 - [MESSAGE][PASSED] - Object: 'Object Repository/GBMS Home Page Dropdowns/About Envizion' is clicked on

2019-04-24 10:59:27 - [TEST_STEP][PASSED] - waitForPageLoad(0): Wait for page load successfully

2019-04-24 10:59:27 - [MESSAGE][WARNING] - Timeout '0' is invalid. Using default page load timeout: '30'

2019-04-24 10:59:27 - [MESSAGE][PASSED] - Wait for page load successfully

2019-04-24 10:59:27 - [TEST_STEP][PASSED] - back(): Navigate back successfully

2019-04-24 10:59:27 - [MESSAGE][PASSED] - Navigate back successfully

2019-04-24 10:59:27 - [TEST_STEP][PASSED] - waitForPageLoad(0): Wait for page load successfully

2019-04-24 10:59:27 - [MESSAGE][WARNING] - Timeout '0' is invalid. Using default page load timeout: '30'

2019-04-24 10:59:27 - [MESSAGE][PASSED] - Wait for page load successfully

2019-04-24 10:59:27 - [TEST_STEP][PASSED] - verifyElementVisible(findTestObject("GBMS Home Page/GBX Logo")): Object 'Object Repository/GBMS Home Page/GBX Logo' is visible

2019-04-24 10:59:27 - [MESSAGE][PASSED] - Object 'Object Repository/GBMS Home Page/GBX Logo' is visible

2019-04-24 10:59:27 - [TEST_STEP][PASSED] - verifyElementClickable(findTestObject("GBMS Home Page Dropdowns/Help Dropdown")): Object 'Object Repository/GBMS Home Page Dropdowns/Help Dropdown' is clickable

2019-04-24 10:59:27 - [MESSAGE][PASSED] - Object 'Object Repository/GBMS Home Page Dropdowns/Help Dropdown' is clickable

2019-04-24 10:59:27 - [TEST_STEP][PASSED] - click(findTestObject("GBMS Home Page Dropdowns/Help Dropdown")): Object: 'Object Repository/GBMS Home Page Dropdowns/Help Dropdown' is clicked on

2019-04-24 10:59:27 - [MESSAGE][PASSED] - Object: 'Object Repository/GBMS Home Page Dropdowns/Help Dropdown' is clicked on

2019-04-24 10:59:27 - [TEST_STEP][PASSED] - verifyElementClickable(findTestObject("Object Repository/GBMS Home Page Dropdowns/Envizion - Tech Support")): Object 'Object Repository/GBMS Home Page Dropdowns/Envizion - Tech Support' is clickable

2019-04-24 10:59:27 - [MESSAGE][PASSED] - Object 'Object Repository/GBMS Home Page Dropdowns/Envizion - Tech Support' is clickable

2019-04-24 10:59:27 - [TEST_STEP][PASSED] - click(findTestObject("Object Repository/GBMS Home Page Dropdowns/Envizion - Tech Support")): Object: 'Object Repository/GBMS Home Page Dropdowns/Envizion - Tech Support' is clicked on

2019-04-24 10:59:28 - [MESSAGE][PASSED] - Object: 'Object Repository/GBMS Home Page Dropdowns/Envizion - Tech Support' is clicked on

2019-04-24 10:59:28 - [TEST_STEP][PASSED] - waitForPageLoad(0): Wait for page load successfully

2019-04-24 10:59:28 - [MESSAGE][WARNING] - Timeout '0' is invalid. Using default page load timeout: '30'

2019-04-24 10:59:28 - [MESSAGE][PASSED] - Wait for page load successfully

2019-04-24 10:59:28 - [TEST_STEP][PASSED] - verifyElementVisible(findTestObject("Object Repository/Help/Help")): Object 'Object Repository/Help/Help' is visible

2019-04-24 10:59:28 - [MESSAGE][PASSED] - Object 'Object Repository/Help/Help' is visible

2019-04-24 10:59:28 - [TEST_STEP][PASSED] - back(): Navigate back successfully

2019-04-24 10:59:28 - [MESSAGE][PASSED] - Navigate back successfully

2019-04-24 10:59:28 - [TEST_STEP][PASSED] - waitForPageLoad(0): Wait for page load successfully

2019-04-24 10:59:28 - [MESSAGE][WARNING] - Timeout '0' is invalid. Using default page load timeout: '30'

2019-04-24 10:59:28 - [MESSAGE][PASSED] - Wait for page load successfully

2019-04-24 10:59:28 - [TEST_STEP][PASSED] - verifyElementVisible(findTestObject("GBMS Home Page/GBX Logo")): Object 'Object Repository/GBMS Home Page/GBX Logo' is visible

2019-04-24 10:59:28 - [MESSAGE][PASSED] - Object 'Object Repository/GBMS Home Page/GBX Logo' is visible

2019-04-24 10:59:28 - [TEST_STEP][PASSED] - verifyElementClickable(findTestObject("GBMS Home Page Dropdowns/Help Dropdown")): Object 'Object Repository/GBMS Home Page Dropdowns/Help Dropdown' is clickable

2019-04-24 10:59:28 - [MESSAGE][PASSED] - Object 'Object Repository/GBMS Home Page Dropdowns/Help Dropdown' is clickable

2019-04-24 10:59:28 - [TEST_STEP][PASSED] - click(findTestObject("GBMS Home Page Dropdowns/Help Dropdown")): Object: 'Object Repository/GBMS Home Page Dropdowns/Help Dropdown' is clicked on

2019-04-24 10:59:28 - [MESSAGE][PASSED] - Object: 'Object Repository/GBMS Home Page Dropdowns/Help Dropdown' is clicked on

2019-04-24 10:59:28 - [TEST_STEP][PASSED] - verifyElementClickable(findTestObject("Object Repository/GBMS Home Page Dropdowns/Fleet Overview")): Object 'Object Repository/GBMS Home Page Dropdowns/Fleet Overview' is clickable

2019-04-24 10:59:28 - [MESSAGE][PASSED] - Object 'Object Repository/GBMS Home Page Dropdowns/Fleet Overview' is clickable

2019-04-24 10:59:28 - [TEST_STEP][PASSED] - click(findTestObject("Object Repository/GBMS Home Page Dropdowns/Fleet Overview")): Object: 'Object Repository/GBMS Home Page Dropdowns/Fleet Overview' is clicked on

2019-04-24 10:59:29 - [MESSAGE][PASSED] - Object: 'Object Repository/GBMS Home Page Dropdowns/Fleet Overview' is clicked on

2019-04-24 10:59:29 - [TEST_STEP][PASSED] - waitForPageLoad(0): Wait for page load successfully

2019-04-24 10:59:29 - [MESSAGE][WARNING] - Timeout '0' is invalid. Using default page load timeout: '30'

2019-04-24 10:59:29 - [MESSAGE][PASSED] - Wait for page load successfully

2019-04-24 10:59:29 - [TEST_STEP][PASSED] - verifyElementVisible(findTestObject("Object Repository/Fleet Diagram/Fleet Diagram")): Object 'Object Repository/Fleet Diagram/Fleet Diagram' is visible

2019-04-24 10:59:29 - [MESSAGE][PASSED] - Object 'Object Repository/Fleet Diagram/Fleet Diagram' is visible

2019-04-24 10:59:29 - [TEST_STEP][PASSED] - back(): Navigate back successfully

2019-04-24 10:59:29 - [MESSAGE][PASSED] - Navigate back successfully

2019-04-24 10:59:29 - [TEST_STEP][PASSED] - waitForPageLoad(0): Wait for page load successfully

2019-04-24 10:59:29 - [MESSAGE][WARNING] - Timeout '0' is invalid. Using default page load timeout: '30'

2019-04-24 10:59:29 - [MESSAGE][PASSED] - Wait for page load successfully

2019-04-24 10:59:29 - [TEST_STEP][PASSED] - verifyElementVisible(findTestObject("GBMS Home Page/GBX Logo")): Object 'Object Repository/GBMS Home Page/GBX Logo' is visible

2019-04-24 10:59:29 - [MESSAGE][PASSED] - Object 'Object Repository/GBMS Home Page/GBX Logo' is visible

2019-04-24 10:59:29 - [TEST_STEP][PASSED] - verifyElementClickable(findTestObject("GBMS Home Page Dropdowns/Help Dropdown")): Object 'Object Repository/GBMS Home Page Dropdowns/Help Dropdown' is clickable

2019-04-24 10:59:29 - [MESSAGE][PASSED] - Object 'Object Repository/GBMS Home Page Dropdowns/Help Dropdown' is clickable

2019-04-24 10:59:29 - [TEST_STEP][PASSED] - click(findTestObject("GBMS Home Page Dropdowns/Help Dropdown")): Object: 'Object Repository/GBMS Home Page Dropdowns/Help Dropdown' is clicked on

2019-04-24 10:59:29 - [MESSAGE][PASSED] - Object: 'Object Repository/GBMS Home Page Dropdowns/Help Dropdown' is clicked on

2019-04-24 10:59:29 - [TEST_STEP][PASSED] - verifyElementClickable(findTestObject("GBMS Home Page Dropdowns/Fleet Overview")): Object 'Object Repository/GBMS Home Page Dropdowns/Fleet Overview' is clickable

2019-04-24 10:59:29 - [MESSAGE][PASSED] - Object 'Object Repository/GBMS Home Page Dropdowns/Fleet Overview' is clickable

2019-04-24 10:59:29 - [TEST_STEP][PASSED] - click(findTestObject("GBMS Home Page Dropdowns/Fleet Overview")): Object: 'Object Repository/GBMS Home Page Dropdowns/Fleet Overview' is clicked on

2019-04-24 10:59:30 - [MESSAGE][PASSED] - Object: 'Object Repository/GBMS Home Page Dropdowns/Fleet Overview' is clicked on

2019-04-24 10:59:30 - [TEST_STEP][PASSED] - waitForPageLoad(0): Wait for page load successfully

2019-04-24 10:59:30 - [MESSAGE][WARNING] - Timeout '0' is invalid. Using default page load timeout: '30'

2019-04-24 10:59:30 - [MESSAGE][PASSED] - Wait for page load successfully

2019-04-24 10:59:30 - [TEST_STEP][PASSED] - back(): Navigate back successfully

2019-04-24 10:59:30 - [MESSAGE][PASSED] - Navigate back successfully

2019-04-24 10:59:30 - [TEST_STEP][PASSED] - waitForPageLoad(0): Wait for page load successfully

2019-04-24 10:59:30 - [MESSAGE][WARNING] - Timeout '0' is invalid. Using default page load timeout: '30'

2019-04-24 10:59:30 - [MESSAGE][PASSED] - Wait for page load successfully

2019-04-24 10:59:30 - [TEST_STEP][PASSED] - verifyElementVisible(findTestObject("GBMS Home Page/GBX Logo")): Object 'Object Repository/GBMS Home Page/GBX Logo' is visible

2019-04-24 10:59:30 - [MESSAGE][PASSED] - Object 'Object Repository/GBMS Home Page/GBX Logo' is visible

2019-04-24 10:59:30 - [TEST_STEP][PASSED] - closeBrowser(): Browser is closed

2019-04-24 10:59:31 - [MESSAGE][PASSED] - Browser is closed]]></system-out>
         <system-err><![CDATA[]]></system-err>
      </testcase>
      <system-out><![CDATA[2019-04-24 10:54:26 - [TEST_SUITE][PASSED] - ScreenCrawlHappyPath: Test Cases/ScreenCrawl/ScreenCrawlHelpDropdown]]></system-out>
      <system-err><![CDATA[]]></system-err>
   </testsuite>
</testsuites>
